3.969E-03 ###   Start
4.681E-01 ###   Loading isotope tendl xs
5.407E+00 ###   Load complete
5.409E+00 ###   Load EXYZ.txt
5.609E+00 ###   Run Simulation
5.611E+00 ###   Prep sim1
5.655E+00 ###   
5.657E+00 ###   #############################################
5.658E+00 ###   Starting Tally
5.660E+00 ###   #############################################
5.662E+00 ###   
5.663E+00 ###   26054       Fe54        1.630585560412975e+20
5.665E+00 ###   26056       Fe56        2.468222518377967e+21
5.667E+00 ###   26057       Fe57        5.600277953618698e+19
5.668E+00 ###   26058       Fe58        7.334611933451605e+18
5.670E+00 ###   27053       Co53        0.0               
5.672E+00 ###   25050       Mn50        0.0               
5.673E+00 ###   26053       Fe53        0.0               
5.675E+00 ###   26052       Fe52        0.0               
5.677E+00 ###   25051       Mn51        0.0               
5.678E+00 ###   25052       Mn52        0.0               
5.680E+00 ###   24049       Cr49        0.0               
5.682E+00 ###   27055       Co55        0.0               
5.683E+00 ###   23047       V47         0.0               
5.685E+00 ###   25053       Mn53        0.0               
5.687E+00 ###   24050       Cr50        0.0               
5.688E+00 ###   26055       Fe55        0.0               
5.690E+00 ###   25054       Mn54        0.0               
5.692E+00 ###   24051       Cr51        0.0               
5.693E+00 ###   27057       Co57        0.0               
5.695E+00 ###   23049       V49         0.0               
5.697E+00 ###   25055       Mn55        0.0               
5.698E+00 ###   24052       Cr52        0.0               
5.700E+00 ###   27056       Co56        0.0               
5.702E+00 ###   27058       Co58        0.0               
5.703E+00 ###   23050       V50         0.0               
5.705E+00 ###   25056       Mn56        0.0               
5.707E+00 ###   24053       Cr53        0.0               
5.709E+00 ###   27059       Co59        0.0               
5.710E+00 ###   23051       V51         0.0               
5.712E+00 ###   25057       Mn57        0.0               
5.714E+00 ###   24054       Cr54        0.0               
5.716E+00 ###   1           Nn1         0.0               
5.717E+00 ###   2004        He4         0.0               
5.719E+00 ###   1001        H1          0.0               
5.721E+00 ###   1002        H2          0.0               
5.722E+00 ###   2003        He3         0.0               
5.724E+00 ###   1003        H3          0.0               
5.726E+00 ###   1025052     Mn52-M      0.0               
5.727E+00 ###   22049       Ti49        0.0               
5.729E+00 ###   22047       Ti47        0.0               
5.731E+00 ###   22050       Ti50        0.0               
5.732E+00 ###   #############################################################################
5.738E+00 ###   Run sim1
5.740E+00 ###   
5.742E+00 ###   #############################################################################
5.743E+00 ###   #############################################################################
5.745E+00 ###   Run Sim
5.747E+00 ###   #############################################################################
5.748E+00 ###   #############################################################################
5.750E+00 ###   
5.752E+00 ###   
5.754E+00 ###   #############################################
5.755E+00 ###   Plot Ion Energy Lost
5.757E+00 ###   #############################################
5.759E+00 ###   
1.305E+01 ###   
1.306E+01 ###   #############################################
1.306E+01 ###   Number Density
1.306E+01 ###   #############################################
1.306E+01 ###   
1.306E+01 ###   Fe54         5.095579876290546e+27
1.306E+01 ###   Fe56         7.713195369931147e+28
1.307E+01 ###   Fe57         1.750086860505843e+27
1.307E+01 ###   Fe58         2.2920662292036265e+26
1.307E+01 ###   
1.308E+01 ###   #############################################
1.308E+01 ###   Calculate reaction rates
1.308E+01 ###   #############################################
1.308E+01 ###   
1.311E+01 ###   Fe54       --> Co53         307283.956904       
1.314E+01 ###   Fe54       --> Mn50         413574.876348       
1.318E+01 ###   Fe54       --> Fe53         236075945.829       
1.321E+01 ###   Fe54       --> Fe52         131778.988756       
1.325E+01 ###   Fe54       --> Mn51         3915365.42731       
1.330E+01 ###   Fe54       --> Mn52         4550309.60658       
1.333E+01 ###   Fe54       --> Cr49         22.5007021259       
1.337E+01 ###   Fe54       --> Co55         207974.632938       
1.340E+01 ###   Fe54       --> Fe54         114453151.897       
1.343E+01 ###   Fe54       --> V47          12118.304033        
1.345E+01 ###   Fe54       --> Mn53         403877118.991       
1.348E+01 ###   Fe54       --> Cr50         37369410.8242       
1.351E+01 ###   Fe56       --> Co55         845335432.044       
1.354E+01 ###   Fe56       --> Mn52         329450373.437       
1.356E+01 ###   Fe56       --> Mn51         2.53001350218       
1.361E+01 ###   Fe56       --> Fe55         8050196691.17       
1.365E+01 ###   Fe56       --> Fe54         378463315.972       
1.367E+01 ###   Fe56       --> Fe53         8.38602414208       
1.372E+01 ###   Fe56       --> Mn53         109015450.05        
1.376E+01 ###   Fe56       --> Mn54         56915074.2745       
1.380E+01 ###   Fe56       --> Cr51         120955.374078       
1.383E+01 ###   Fe56       --> Co57         5848557.76264       
1.387E+01 ###   Fe56       --> Fe56         1680968637.75       
1.390E+01 ###   Fe56       --> V49          1174843.18811       
1.393E+01 ###   Fe56       --> Mn55         715362266.42        
1.396E+01 ###   Fe56       --> Cr52         374707737.696       
1.399E+01 ###   Fe57       --> Fe54         52183.7852258       
1.402E+01 ###   Fe57       --> Co56         36640319.083        
1.404E+01 ###   Fe57       --> Co55         1074873.1321        
1.407E+01 ###   Fe57       --> Mn53         19968722.6313       
1.410E+01 ###   Fe57       --> Mn52         4360.74832679       
1.415E+01 ###   Fe57       --> Fe56         164897136.47        
1.420E+01 ###   Fe57       --> Fe55         33178633.716        
1.425E+01 ###   Fe57       --> Mn54         2427065.011         
1.429E+01 ###   Fe57       --> Mn55         2319212.32735       
1.433E+01 ###   Fe57       --> Cr52         551009.138609       
1.437E+01 ###   Fe57       --> Co58         102227.683704       
1.441E+01 ###   Fe57       --> Fe57         27066748.1304       
1.443E+01 ###   Fe57       --> V50          28017.8372826       
1.446E+01 ###   Fe57       --> Mn56         5147637.47599       
1.450E+01 ###   Fe57       --> Cr53         1928918.81162       
1.453E+01 ###   Fe58       --> Fe55         6414.68780283       
1.456E+01 ###   Fe58       --> Co57         11190415.5404       
1.459E+01 ###   Fe58       --> Co56         692558.874587       
1.462E+01 ###   Fe58       --> Mn54         2024539.65839       
1.465E+01 ###   Fe58       --> Mn53         34624.323756        
1.470E+01 ###   Fe58       --> Fe57         11896984.9875       
1.475E+01 ###   Fe58       --> Fe56         7789545.04264       
1.481E+01 ###   Fe58       --> Mn55         232716.626174       
1.486E+01 ###   Fe58       --> Mn56         46497.0277258       
1.489E+01 ###   Fe58       --> Cr53         607.862336665       
1.493E+01 ###   Fe58       --> Co59         13432.4749748       
1.496E+01 ###   Fe58       --> Fe58         4608236.90701       
1.499E+01 ###   Fe58       --> V51          3894.08635149       
1.502E+01 ###   Fe58       --> Mn57         97973.3183318       
1.506E+01 ###   Fe58       --> Cr54         69429.6222128       
1.506E+01 ###   
1.514E+01 ###   Fe54       --> Nn1          223779307.551       
1.523E+01 ###   Fe54       --> He4          41722308.3148       
1.536E+01 ###   Fe54       --> H1           1185614187.94       
1.541E+01 ###   Fe54       --> H2           16816480.0199       
1.544E+01 ###   Fe54       --> He3          1195803.75217       
1.548E+01 ###   Fe54       --> H3           63495.6126689       
1.560E+01 ###   Fe56       --> Nn1          10459239812.3       
1.570E+01 ###   Fe56       --> He4          815365435.08        
1.582E+01 ###   Fe56       --> H1           11592247091.2       
1.587E+01 ###   Fe56       --> H2           390691314.24        
1.590E+01 ###   Fe56       --> H3           7727635.45562       
1.594E+01 ###   Fe56       --> He3          19451763.8089       
1.611E+01 ###   Fe57       --> Nn1          317362293.916       
1.618E+01 ###   Fe57       --> H2           11740193.0149       
1.630E+01 ###   Fe57       --> He4          24925914.0685       
1.645E+01 ###   Fe57       --> H1           229114996.365       
1.649E+01 ###   Fe57       --> H3           530012.860186       
1.653E+01 ###   Fe57       --> He3          621761.67143        
1.671E+01 ###   Fe58       --> Nn1          52586048.5862       
1.677E+01 ###   Fe58       --> H2           1338414.90645       
1.689E+01 ###   Fe58       --> He4          2368936.32236       
1.703E+01 ###   Fe58       --> H1           23169852.7974       
1.708E+01 ###   Fe58       --> H3           63386.958919        
1.711E+01 ###   Fe58       --> He3          45022.5126778       
1.712E+01 ###   
1.712E+01 ###   
1.712E+01 ###   #############################################
1.712E+01 ###   Saturation Times
1.712E+01 ###   #############################################
1.712E+01 ###   
1.713E+01 ###   Time where saturation is 95%
1.713E+01 ###   Co53        1.03726274277     
1.713E+01 ###   Mn50        1.22392681719     
1.713E+01 ###   Fe53        2206.77648525     
1.713E+01 ###   Fe52        128719.120064     
1.714E+01 ###   Mn51        11980.384679      
1.714E+01 ###   Mn52        2089254.61649     
1.714E+01 ###   Cr49        10865.3272305     
1.714E+01 ###   Co55        272748.238212     
1.714E+01 ###   V47         8453.6913536      
1.714E+01 ###   Mn53        5.01914153515e+14 
1.715E+01 ###   Cr50        2.45501506924e+25 
1.715E+01 ###   Fe55        374654548.569     
1.715E+01 ###   Mn54        116576230.889     
1.715E+01 ###   Cr51        10345096.7458     
1.715E+01 ###   Co57        101493998.416     
1.715E+01 ###   V49         123226813.841     
1.716E+01 ###   Co56        28841047.3435     
1.716E+01 ###   Co58        26456423.5172     
1.716E+01 ###   V50         1.90941486654e+25 
1.716E+01 ###   Mn56        40123.094881      
1.716E+01 ###   Mn57        369.092659303     
1.716E+01 ###   Nn1         2656.25700712     
1.717E+01 ###   H3          1681683831.36     
1.717E+01 ###   
1.976E+01 ###   
1.976E+01 ###   #############################################
1.976E+01 ###   End of Beam Tally
1.976E+01 ###   #############################################
1.976E+01 ###   
1.977E+01 ###   26054       Fe54        1.63058432703e+20        0.0                      
1.977E+01 ###   26056       Fe56        2.46821827252e+21        0.0                      
1.977E+01 ###   26057       Fe57        5.60026905972e+19        0.0                      
1.977E+01 ###   26058       Fe58        7.33459837447e+18        0.0                      
1.977E+01 ###   27053       Co53        106396.089785            307283.956904            
1.977E+01 ###   26053       Fe53        174129369340.0           236383238.172            
1.978E+01 ###   25053       Mn53        3.07537535876e+14        1.83557310568            
1.978E+01 ###   24053       Cr53        771810669581.0           0.0                      
1.978E+01 ###   25050       Mn50        0.0                      0.0                      
1.978E+01 ###   24050       Cr50        0.0                      0.0                      
1.978E+01 ###   26052       Fe52        5661700578.2             131767.053231            
1.978E+01 ###   1025052     Mn52-M      241805808.45             131766.520731            
1.979E+01 ###   24052       Cr52        1.50103498734e+14        0.0                      
1.979E+01 ###   25052       Mn52        1.01673401186e+14        145787060.557            
1.979E+01 ###   25051       Mn51        15658146324.6            3915367.95733            
1.979E+01 ###   24051       Cr51        1.51056877059e+12        437430.381628            
1.979E+01 ###   23051       V51         1557634540.59            0.0                      
1.979E+01 ###   24049       Cr49        81608.591553             22.5007021259            
1.980E+01 ###   23049       V49         467668636978.0           11369.3601697            
1.980E+01 ###   22049       Ti49        937614994110.0           0.0                      
1.980E+01 ###   27055       Co55        7.61282563265e+13        836155261.356            
1.980E+01 ###   26055       Fe55        3.49035636351e+15        27908838.2733            
1.980E+01 ###   25055       Mn55        2.87165678149e+14        0.0                      
1.981E+01 ###   23047       V47         34196781.511             12118.304033             
1.981E+01 ###   22047       Ti47        4881518394.71            0.0                      
1.981E+01 ###   25054       Mn54        2.44209444987e+13        627560.275603            
1.981E+01 ###   24054       Cr54        27771848885.1            0.0                      
1.981E+01 ###   27057       Co57        6.77551293488e+12        199988.404099            
1.981E+01 ###   27056       Co56        1.46271807224e+13        1519331.69553            
1.982E+01 ###   27058       Co58        39978856348.0            4526.91385681            
1.982E+01 ###   23050       V50         0.0                      0.0                      
1.982E+01 ###   22050       Ti50        0.0                      0.0                      
1.982E+01 ###   25056       Mn56        69567215120.3            5194134.50372            
1.982E+01 ###   27059       Co59        5372989989.93            0.0                      
1.982E+01 ###   25057       Mn57        12070915.9904            97973.3183318            
1.983E+01 ###   1           Nn1         9.80044930267e+12        11052967462.4            
1.983E+01 ###   1001        H1          5.21205845132e+15        0.0                      
1.983E+01 ###   2004        He4         3.53753037514e+14        0.0                      
1.983E+01 ###   1002        H2          1.68234560873e+14        0.0                      
1.983E+01 ###   2003        He3         1.52321708032e+13        0.0                      
1.983E+01 ###   1003        H3          3.35261775015e+12        5972.31477624            
1.984E+01 ###   
3.067E+01 ###   
3.067E+01 ###   #############################################
3.068E+01 ###   End of Sim Tally
3.068E+01 ###   #############################################
3.068E+01 ###   
3.068E+01 ###   26054       Fe54        1.63058432703e+20        0.0                      
3.068E+01 ###   26056       Fe56        2.46821827348e+21        0.0                      
3.069E+01 ###   26057       Fe57        5.60026907161e+19        0.0                      
3.069E+01 ###   26058       Fe58        7.33459837709e+18        0.0                      
3.069E+01 ###   27053       Co53        0.0                      0.0                      
3.069E+01 ###   26053       Fe53        0.0                      0.0                      
3.070E+01 ###   25053       Mn53        3.07711664249e+14        1.83661241088            
3.070E+01 ###   24053       Cr53        771810669581.0           0.0                      
3.070E+01 ###   25050       Mn50        0.0                      0.0                      
3.070E+01 ###   24050       Cr50        0.0                      0.0                      
3.071E+01 ###   26052       Fe52        4880.22622311            0.113579483697           
3.071E+01 ###   1025052     Mn52-M      217.729693863            0.118646795146           
3.071E+01 ###   24052       Cr52        2.08766580929e+14        0.0                      
3.071E+01 ###   25052       Mn52        4.30103655681e+13        61671535.4904            
3.071E+01 ###   25051       Mn51        1.08825990268e-55        2.72122757308e-59        
3.071E+01 ###   24051       Cr51        1.28282229154e+12        371479.574764            
3.072E+01 ###   23051       V51         1557634540.59            0.0                      
3.072E+01 ###   24049       Cr49        1.16645551927e-67        3.2160913064e-71         
3.072E+01 ###   23049       V49         460896611806.0           11204.727378             
3.072E+01 ###   22049       Ti49        937614994110.0           0.0                      
3.072E+01 ###   27055       Co55        104592346773.0           1148790.80741            
3.073E+01 ###   26055       Fe55        3.54936559144e+15        28380675.1941            
3.073E+01 ###   25055       Mn55        2.87165678149e+14        0.0                      
3.073E+01 ###   23047       V47         1.56133381668e-85        5.53289434022e-89        
3.073E+01 ###   22047       Ti47        4881518394.71            0.0                      
3.073E+01 ###   25054       Mn54        2.40472962971e+13        617958.40421             
3.073E+01 ###   24054       Cr54        27771848885.1            0.0                      
3.074E+01 ###   27057       Co57        6.65657617467e+12        196477.825182            
3.074E+01 ###   27056       Co56        1.37434071251e+13        1427533.74324            
3.074E+01 ###   27058       Co58        37352920560.6            4229.57205695            
3.074E+01 ###   23050       V50         0.0                      0.0                      
3.074E+01 ###   22050       Ti50        0.0                      0.0                      
3.074E+01 ###   25056       Mn56        2.43683842623e-09        1.81942981731e-13        
3.075E+01 ###   27059       Co59        5372989989.93            0.0                      
3.075E+01 ###   25057       Mn57        0.0                      0.0                      
3.075E+01 ###   1           Nn1         1.29510375848e-281       1.4606207594e-284        
3.075E+01 ###   1001        H1          5.21205845132e+15        0.0                      
3.075E+01 ###   2004        He4         3.53753037514e+14        0.0                      
3.075E+01 ###   1002        H2          1.68234560873e+14        0.0                      
3.076E+01 ###   2003        He3         1.52357522777e+13        0.0                      
3.076E+01 ###   1003        H3          3.34903627562e+12        5965.93477863            
3.076E+01 ###   
4.736E+01 ###   
4.736E+01 ###   Gamma Dose - Beam End
4.737E+01 ###   Activity/Bq                    1258813670.15
4.737E+01 ###   Power eV/s                     1.53869470149e+18
4.737E+01 ###   Power J/s                      0.246526587683
4.737E+01 ###   Dose Gy/s                      0.000245153726812
4.737E+01 ###   Dose Gy/hr                     0.882553416525
4.738E+01 ###   Percentage of annual dose/hr   773646.347512
4.738E+01 ###   
4.738E+01 ###   
4.739E+01 ###   Gamma Dose - Sim End
4.739E+01 ###   Activity/Bq                    93818680.8436
4.739E+01 ###   Power eV/s                     2.0174293138e+17
4.739E+01 ###   Power J/s                      0.0323228489799
4.739E+01 ###   Dose Gy/s                      7.71796776024e-05
4.739E+01 ###   Dose Gy/hr                     0.115714256491
4.740E+01 ###   Percentage of annual dose/hr   101435.120202
4.740E+01 ###   
