6.465E-03 ###   Start
4.888E-01 ###   Loading isotope tendl xs
5.180E+00 ###   Load complete
5.184E+00 ###   Load EXYZ.txt
5.425E+00 ###   Load EXYZ.txt
5.428E+00 ###   Load EXYZ.txt
5.430E+00 ###   Run Simulation
5.433E+00 ###   Prep sim1
5.444E+00 ###   
5.446E+00 ###   #############################################
5.448E+00 ###   Starting Tally
5.451E+00 ###   #############################################
5.452E+00 ###   
5.454E+00 ###   26054       Fe54        3.26117112082595e+19
5.456E+00 ###   26056       Fe56        4.936445036755934e+20
5.458E+00 ###   26057       Fe57        1.1200555907237396e+19
5.460E+00 ###   26058       Fe58        1.4669223866903212e+18
5.462E+00 ###   27053       Co53        0.0               
5.464E+00 ###   25050       Mn50        0.0               
5.467E+00 ###   26053       Fe53        0.0               
5.470E+00 ###   26052       Fe52        0.0               
5.472E+00 ###   25051       Mn51        0.0               
5.475E+00 ###   25052       Mn52        0.0               
5.477E+00 ###   24049       Cr49        0.0               
5.480E+00 ###   27055       Co55        0.0               
5.482E+00 ###   23047       V47         0.0               
5.485E+00 ###   25053       Mn53        0.0               
5.487E+00 ###   24050       Cr50        0.0               
5.490E+00 ###   26055       Fe55        0.0               
5.492E+00 ###   25054       Mn54        0.0               
5.495E+00 ###   24051       Cr51        0.0               
5.497E+00 ###   27057       Co57        0.0               
5.500E+00 ###   23049       V49         0.0               
5.503E+00 ###   25055       Mn55        0.0               
5.505E+00 ###   24052       Cr52        0.0               
5.508E+00 ###   27056       Co56        0.0               
5.511E+00 ###   27058       Co58        0.0               
5.513E+00 ###   23050       V50         0.0               
5.516E+00 ###   25056       Mn56        0.0               
5.518E+00 ###   24053       Cr53        0.0               
5.521E+00 ###   27059       Co59        0.0               
5.523E+00 ###   23051       V51         0.0               
5.526E+00 ###   25057       Mn57        0.0               
5.528E+00 ###   24054       Cr54        0.0               
5.531E+00 ###   1           Nn1         0.0               
5.534E+00 ###   2004        He4         0.0               
5.536E+00 ###   1001        H1          0.0               
5.538E+00 ###   1002        H2          0.0               
5.541E+00 ###   2003        He3         0.0               
5.543E+00 ###   1003        H3          0.0               
5.546E+00 ###   1025052     Mn52-M      0.0               
5.548E+00 ###   22049       Ti49        0.0               
5.551E+00 ###   22047       Ti47        0.0               
5.553E+00 ###   22050       Ti50        0.0               
5.556E+00 ###   #############################################################################
5.562E+00 ###   Prep sim2
5.573E+00 ###   
5.575E+00 ###   #############################################
5.578E+00 ###   Starting Tally
5.580E+00 ###   #############################################
5.583E+00 ###   
5.585E+00 ###   26054       Fe54        1.630585560412975e+20
5.588E+00 ###   26056       Fe56        2.468222518377967e+21
5.590E+00 ###   26057       Fe57        5.600277953618698e+19
5.593E+00 ###   26058       Fe58        7.334611933451605e+18
5.596E+00 ###   27053       Co53        0.0               
5.599E+00 ###   25050       Mn50        0.0               
5.601E+00 ###   26053       Fe53        0.0               
5.604E+00 ###   26052       Fe52        0.0               
5.607E+00 ###   25051       Mn51        0.0               
5.609E+00 ###   25052       Mn52        0.0               
5.612E+00 ###   24049       Cr49        0.0               
5.614E+00 ###   27055       Co55        0.0               
5.617E+00 ###   23047       V47         0.0               
5.619E+00 ###   25053       Mn53        0.0               
5.622E+00 ###   24050       Cr50        0.0               
5.624E+00 ###   26055       Fe55        0.0               
5.627E+00 ###   25054       Mn54        0.0               
5.629E+00 ###   24051       Cr51        0.0               
5.632E+00 ###   27057       Co57        0.0               
5.635E+00 ###   23049       V49         0.0               
5.638E+00 ###   25055       Mn55        0.0               
5.640E+00 ###   24052       Cr52        0.0               
5.643E+00 ###   27056       Co56        0.0               
5.645E+00 ###   27058       Co58        0.0               
5.648E+00 ###   23050       V50         0.0               
5.650E+00 ###   25056       Mn56        0.0               
5.653E+00 ###   24053       Cr53        0.0               
5.656E+00 ###   27059       Co59        0.0               
5.658E+00 ###   23051       V51         0.0               
5.661E+00 ###   25057       Mn57        0.0               
5.663E+00 ###   24054       Cr54        0.0               
5.666E+00 ###   1           Nn1         0.0               
5.668E+00 ###   2004        He4         0.0               
5.671E+00 ###   1001        H1          0.0               
5.673E+00 ###   1002        H2          0.0               
5.676E+00 ###   2003        He3         0.0               
5.678E+00 ###   1003        H3          0.0               
5.681E+00 ###   1025052     Mn52-M      0.0               
5.683E+00 ###   22049       Ti49        0.0               
5.684E+00 ###   22047       Ti47        0.0               
5.686E+00 ###   22050       Ti50        0.0               
5.688E+00 ###   #############################################################################
5.693E+00 ###   Prep sim3
5.704E+00 ###   
5.707E+00 ###   #############################################
5.709E+00 ###   Starting Tally
5.712E+00 ###   #############################################
5.714E+00 ###   
5.716E+00 ###   26054       Fe54        4.8917566812389245e+20
5.718E+00 ###   26056       Fe56        7.4046675551339e+21
5.720E+00 ###   26057       Fe57        1.6800833860856093e+20
5.722E+00 ###   26058       Fe58        2.2003835800354816e+19
5.725E+00 ###   27053       Co53        0.0               
5.727E+00 ###   25050       Mn50        0.0               
5.730E+00 ###   26053       Fe53        0.0               
5.732E+00 ###   26052       Fe52        0.0               
5.734E+00 ###   25051       Mn51        0.0               
5.737E+00 ###   25052       Mn52        0.0               
5.739E+00 ###   24049       Cr49        0.0               
5.742E+00 ###   27055       Co55        0.0               
5.744E+00 ###   23047       V47         0.0               
5.747E+00 ###   25053       Mn53        0.0               
5.749E+00 ###   24050       Cr50        0.0               
5.751E+00 ###   26055       Fe55        0.0               
5.753E+00 ###   25054       Mn54        0.0               
5.756E+00 ###   24051       Cr51        0.0               
5.758E+00 ###   27057       Co57        0.0               
5.761E+00 ###   23049       V49         0.0               
5.763E+00 ###   25055       Mn55        0.0               
5.766E+00 ###   24052       Cr52        0.0               
5.768E+00 ###   27056       Co56        0.0               
5.770E+00 ###   27058       Co58        0.0               
5.772E+00 ###   23050       V50         0.0               
5.775E+00 ###   25056       Mn56        0.0               
5.777E+00 ###   24053       Cr53        0.0               
5.780E+00 ###   27059       Co59        0.0               
5.782E+00 ###   23051       V51         0.0               
5.784E+00 ###   25057       Mn57        0.0               
5.786E+00 ###   24054       Cr54        0.0               
5.789E+00 ###   1           Nn1         0.0               
5.791E+00 ###   2004        He4         0.0               
5.794E+00 ###   1001        H1          0.0               
5.796E+00 ###   1002        H2          0.0               
5.799E+00 ###   2003        He3         0.0               
5.801E+00 ###   1003        H3          0.0               
5.803E+00 ###   1025052     Mn52-M      0.0               
5.805E+00 ###   22049       Ti49        0.0               
5.808E+00 ###   22047       Ti47        0.0               
5.811E+00 ###   22050       Ti50        0.0               
5.813E+00 ###   #############################################################################
5.819E+00 ###   Run sim1
5.821E+00 ###   
5.824E+00 ###   #############################################################################
5.826E+00 ###   #############################################################################
5.829E+00 ###   Run Sim
5.832E+00 ###   #############################################################################
5.833E+00 ###   #############################################################################
5.835E+00 ###   
5.838E+00 ###   
5.840E+00 ###   #############################################
5.843E+00 ###   Plot Ion Energy Lost
5.845E+00 ###   #############################################
5.848E+00 ###   
1.437E+01 ###   
1.437E+01 ###   #############################################
1.438E+01 ###   Number Density
1.438E+01 ###   #############################################
1.438E+01 ###   
1.438E+01 ###   Fe54         5.095579876290546e+27
1.439E+01 ###   Fe56         7.713195369931147e+28
1.439E+01 ###   Fe57         1.750086860505843e+27
1.439E+01 ###   Fe58         2.2920662292036265e+26
1.440E+01 ###   
1.440E+01 ###   #############################################
1.440E+01 ###   Calculate reaction rates
1.441E+01 ###   #############################################
1.441E+01 ###   
1.442E+01 ###   Fe54       --> Co53         107703.990166       
1.442E+01 ###   Fe54       --> Mn50         232478.416407       
1.443E+01 ###   Fe54       --> Fe53         49568634.461        
1.444E+01 ###   Fe54       --> Fe52         69980.1514512       
1.446E+01 ###   Fe54       --> Mn51         394011.361294       
1.447E+01 ###   Fe54       --> Mn52         2629189.86206       
1.448E+01 ###   Fe54       --> Cr49         17.44298918         
1.448E+01 ###   Fe54       --> Co55         32420.3130706       
1.449E+01 ###   Fe54       --> Fe54         21012582.2674       
1.450E+01 ###   Fe54       --> V47          7854.40994924       
1.451E+01 ###   Fe54       --> Mn53         74273151.9575       
1.452E+01 ###   Fe54       --> Cr50         8780520.45663       
1.453E+01 ###   Fe56       --> Co55         133415619.399       
1.454E+01 ###   Fe56       --> Mn52         84331759.3783       
1.455E+01 ###   Fe56       --> Mn51         1.96225018505       
1.456E+01 ###   Fe56       --> Fe55         1519024857.56       
1.457E+01 ###   Fe56       --> Fe54         189717248.235       
1.458E+01 ###   Fe56       --> Fe53         6.20615672337       
1.459E+01 ###   Fe56       --> Mn53         12060802.1927       
1.460E+01 ###   Fe56       --> Mn54         31969745.3613       
1.461E+01 ###   Fe56       --> Cr51         93361.7530479       
1.462E+01 ###   Fe56       --> Co57         902710.866756       
1.463E+01 ###   Fe56       --> Fe56         305945125.461       
1.464E+01 ###   Fe56       --> V49          629351.890726       
1.465E+01 ###   Fe56       --> Mn55         168663303.532       
1.466E+01 ###   Fe56       --> Cr52         70382487.8909       
1.467E+01 ###   Fe57       --> Fe54         27037.6486902       
1.468E+01 ###   Fe57       --> Co56         4968984.29271       
1.468E+01 ###   Fe57       --> Co55         519579.583821       
1.469E+01 ###   Fe57       --> Mn53         3922404.09294       
1.470E+01 ###   Fe57       --> Mn52         3366.38888477       
1.471E+01 ###   Fe57       --> Fe56         28832998.253        
1.473E+01 ###   Fe57       --> Fe55         12420311.5106       
1.474E+01 ###   Fe57       --> Mn54         354972.833024       
1.475E+01 ###   Fe57       --> Mn55         1059598.44134       
1.476E+01 ###   Fe57       --> Cr52         326873.255996       
1.477E+01 ###   Fe57       --> Co58         16389.9887002       
1.478E+01 ###   Fe57       --> Fe57         5097078.72351       
1.479E+01 ###   Fe57       --> V50          12157.8285299       
1.479E+01 ###   Fe57       --> Mn56         1215381.87796       
1.480E+01 ###   Fe57       --> Cr53         474528.732138       
1.481E+01 ###   Fe58       --> Fe55         3571.47126715       
1.482E+01 ###   Fe58       --> Co57         1436219.04664       
1.483E+01 ###   Fe58       --> Co56         354370.030514       
1.484E+01 ###   Fe58       --> Mn54         423081.731053       
1.485E+01 ###   Fe58       --> Mn53         24572.338022        
1.486E+01 ###   Fe58       --> Fe57         2224287.48121       
1.487E+01 ###   Fe58       --> Fe56         2323329.70956       
1.489E+01 ###   Fe58       --> Mn55         33612.992081        
1.490E+01 ###   Fe58       --> Mn56         18537.6162903       
1.491E+01 ###   Fe58       --> Cr53         426.041521655       
1.492E+01 ###   Fe58       --> Co59         2177.63917385       
1.492E+01 ###   Fe58       --> Fe58         879270.680728       
1.493E+01 ###   Fe58       --> V51          1325.06653174       
1.494E+01 ###   Fe58       --> Mn57         32498.9756895       
1.495E+01 ###   Fe58       --> Cr54         18032.0214617       
1.495E+01 ###   
1.498E+01 ###   Fe54       --> Nn1          48060342.21         
1.501E+01 ###   Fe54       --> He4          9422502.34099       
1.504E+01 ###   Fe54       --> H1           228051084.674       
1.505E+01 ###   Fe54       --> H2           4201832.2369        
1.506E+01 ###   Fe54       --> He3          481319.102987       
1.507E+01 ###   Fe54       --> H3           21331.6141337       
1.510E+01 ###   Fe56       --> Nn1          2177963573.1        
1.512E+01 ###   Fe56       --> He4          167921591.617       
1.516E+01 ###   Fe56       --> H1           2377550274.37       
1.517E+01 ###   Fe56       --> H2           91986083.1291       
1.519E+01 ###   Fe56       --> H3           2329958.18491       
1.520E+01 ###   Fe56       --> He3          7486959.94439       
1.524E+01 ###   Fe57       --> Nn1          67407265.759        
1.526E+01 ###   Fe57       --> H2           2662899.70367       
1.528E+01 ###   Fe57       --> He4          5099751.06665       
1.532E+01 ###   Fe57       --> H1           48495888.2345       
1.534E+01 ###   Fe57       --> H3           145729.429118       
1.535E+01 ###   Fe57       --> He3          218845.603039       
1.539E+01 ###   Fe58       --> Nn1          10942440.5832       
1.540E+01 ###   Fe58       --> H2           314420.617071       
1.544E+01 ###   Fe58       --> He4          501841.778396       
1.547E+01 ###   Fe58       --> H1           5185069.7338        
1.548E+01 ###   Fe58       --> H3           17547.8153053       
1.549E+01 ###   Fe58       --> He3          17509.6906208       
1.549E+01 ###   
1.550E+01 ###   
1.550E+01 ###   #############################################
1.550E+01 ###   Saturation Times
1.550E+01 ###   #############################################
1.551E+01 ###   
1.551E+01 ###   Time where saturation is 95%
1.551E+01 ###   Co53        1.03726274277     
1.551E+01 ###   Mn50        1.22392681719     
1.552E+01 ###   Fe53        2206.77648525     
1.552E+01 ###   Fe52        128719.120064     
1.552E+01 ###   Mn51        11980.384679      
1.552E+01 ###   Mn52        2089254.61649     
1.553E+01 ###   Cr49        10865.3272305     
1.553E+01 ###   Co55        272748.238212     
1.553E+01 ###   V47         8453.6913536      
1.554E+01 ###   Mn53        5.01914153515e+14 
1.554E+01 ###   Cr50        2.45501506924e+25 
1.554E+01 ###   Fe55        374654548.569     
1.554E+01 ###   Mn54        116576230.889     
1.555E+01 ###   Cr51        10345096.7458     
1.555E+01 ###   Co57        101493998.416     
1.555E+01 ###   V49         123226813.841     
1.555E+01 ###   Co56        28841047.3435     
1.556E+01 ###   Co58        26456423.5172     
1.556E+01 ###   V50         1.90941486654e+25 
1.556E+01 ###   Mn56        40123.094881      
1.556E+01 ###   Mn57        369.092659303     
1.557E+01 ###   Nn1         2656.25700712     
1.557E+01 ###   H3          1681683831.36     
1.557E+01 ###   
2.005E+01 ###   
2.006E+01 ###   #############################################
2.006E+01 ###   End of Beam Tally
2.006E+01 ###   #############################################
2.006E+01 ###   
2.007E+01 ###   26054       Fe54        3.26117112244e+19        0.0                      
2.007E+01 ###   26056       Fe56        4.93644503026e+20        0.0                      
2.007E+01 ###   26057       Fe57        1.12005558931e+19        0.0                      
2.007E+01 ###   26058       Fe58        1.46692238463e+18        0.0                      
2.008E+01 ###   27053       Co53        37292.1629991            107703.990166            
2.008E+01 ###   26053       Fe53        12241452256.2            16617955.5765            
2.008E+01 ###   25053       Mn53        29747196764.4            0.000177549560559        
2.009E+01 ###   24053       Cr53        142486432.098            0.0                      
2.009E+01 ###   25050       Mn50        0.0                      0.0                      
2.009E+01 ###   24050       Cr50        0.0                      0.0                      
2.010E+01 ###   26052       Fe52        20920925.2701            486.901176708            
2.010E+01 ###   1025052     Mn52-M      69291.140839             37.7586154956            
2.010E+01 ###   24052       Cr52        21212808344.1            0.0                      
2.011E+01 ###   25052       Mn52        26083684237.9            37400.7715803            
2.011E+01 ###   25051       Mn51        113879220.761            28475.8516577            
2.011E+01 ###   24051       Cr51        32331959.6324            9.36268623856            
2.011E+01 ###   23051       V51         397519.959522            0.0                      
2.012E+01 ###   24049       Cr49        5022.32423157            1.38472946737            
2.012E+01 ###   23049       V49         188805089.289            4.58998720946            
2.012E+01 ###   22049       Ti49        377620911.729            0.0                      
2.012E+01 ###   27055       Co55        40124143910.9            440703.828742            
2.013E+01 ###   26055       Fe55        459500212943.0           3674.15696106            
2.013E+01 ###   25055       Mn55        50926954489.7            0.0                      
2.013E+01 ###   23047       V47         2235394.58562            792.156162812            
2.013E+01 ###   22047       Ti47        4591717.57039            0.0                      
2.014E+01 ###   25054       Mn54        9824302108.38            252.461232164            
2.014E+01 ###   24054       Cr54        5409606.43852            0.0                      
2.014E+01 ###   27057       Co57        701675867.383            20.7109097512            
2.014E+01 ###   27056       Co56        1596981414.96            165.879162018            
2.015E+01 ###   27058       Co58        4916913.09629            0.556755346741           
2.015E+01 ###   23050       V50         0.0                      0.0                      
2.015E+01 ###   22050       Ti50        0.0                      0.0                      
2.015E+01 ###   25056       Mn56        366060833.84             27331.3974725            
2.016E+01 ###   27059       Co59        653291.752154            0.0                      
2.016E+01 ###   25057       Mn57        3653306.13035            29651.9770957            
2.016E+01 ###   1           Nn1         586507979490.0           661464940.383            
2.017E+01 ###   1001        H1          797784695105.0           0.0                      
2.017E+01 ###   2004        He4         54883706040.8            0.0                      
2.017E+01 ###   1002        H2          29749570706.0            0.0                      
2.017E+01 ###   2003        He3         3970130326.81            0.0                      
2.018E+01 ###   1003        H3          754369911.603            1.3438259013             
2.018E+01 ###   
3.040E+01 ###   
3.040E+01 ###   #############################################
3.040E+01 ###   End of Sim Tally
3.041E+01 ###   #############################################
3.041E+01 ###   
3.041E+01 ###   26054       Fe54        3.26117112244e+19        0.0                      
3.041E+01 ###   26056       Fe56        4.93644503026e+20        0.0                      
3.042E+01 ###   26057       Fe57        1.12005558931e+19        0.0                      
3.042E+01 ###   26058       Fe58        1.46692238463e+18        0.0                      
3.042E+01 ###   27053       Co53        0.0                      0.0                      
3.043E+01 ###   26053       Fe53        9.52284576061e-144       1.29274063648e-146       
3.043E+01 ###   25053       Mn53        41988686247.8            0.00025061429656         
3.043E+01 ###   24053       Cr53        142486432.098            0.0                      
3.043E+01 ###   25050       Mn50        0.0                      0.0                      
3.044E+01 ###   24050       Cr50        0.0                      0.0                      
3.044E+01 ###   26052       Fe52        49620.385362             1.15483534832            
3.044E+01 ###   1025052     Mn52-M      2213.79723404            1.20635794899            
3.044E+01 ###   24052       Cr52        29322382941.0            0.0                      
3.045E+01 ###   25052       Mn52        17974379073.8            25773.0326708            
3.045E+01 ###   25051       Mn51        7.1431013501e-21         1.78615460364e-24        
3.045E+01 ###   24051       Cr51        135741282.271            39.3079494707            
3.046E+01 ###   23051       V51         397519.959522            0.0                      
3.046E+01 ###   24049       Cr49        4.01838160344e-28        1.10792755722e-31        
3.046E+01 ###   23049       V49         187621815.764            4.56122098094            
3.046E+01 ###   22049       Ti49        377620911.729            0.0                      
3.047E+01 ###   27055       Co55        2315351222.83            25430.6771267            
3.047E+01 ###   26055       Fe55        496300067636.0           3968.40805927            
3.047E+01 ###   25055       Mn55        50926954489.7            0.0                      
3.047E+01 ###   23047       V47         2.40609259679e-34        8.52646369955e-38        
3.048E+01 ###   22047       Ti47        4591717.57039            0.0                      
3.048E+01 ###   25054       Mn54        9758956217.48            250.781997959            
3.048E+01 ###   24054       Cr54        5409606.43852            0.0                      
3.048E+01 ###   27057       Co57        696317806.186            20.5527593473            
3.049E+01 ###   27056       Co56        1554478436.04            161.464358903            
3.049E+01 ###   27058       Co58        4774428.98214            0.540621485754           
3.049E+01 ###   23050       V50         0.0                      0.0                      
3.050E+01 ###   22050       Ti50        0.0                      0.0                      
3.050E+01 ###   25056       Mn56        1.38845125458            0.000103666684884        
3.050E+01 ###   27059       Co59        653291.752154            0.0                      
3.050E+01 ###   25057       Mn57        0.0                      0.0                      
3.051E+01 ###   1           Nn1         3.69549069122e-116       4.16778222162e-119       
3.051E+01 ###   1001        H1          797784695105.0           0.0                      
3.051E+01 ###   2004        He4         54883706040.8            0.0                      
3.052E+01 ###   1002        H2          29749570706.0            0.0                      
3.052E+01 ###   2003        He3         3970479237.68            0.0                      
3.052E+01 ###   1003        H3          754021000.73             1.34320435548            
3.052E+01 ###   
4.051E+01 ###   
4.051E+01 ###   Gamma Dose - Beam End
4.052E+01 ###   Activity/Bq                    17294664.7216
4.052E+01 ###   Power eV/s                     3.7823677551e+15
4.052E+01 ###   Power J/s                      0.000606003396987
4.053E+01 ###   Dose Gy/s                      6.02628676399e-07
4.053E+01 ###   Dose Gy/hr                     0.00216946323504
4.053E+01 ###   Percentage of annual dose/hr   1901.75152735
4.053E+01 ###   
4.054E+01 ###   
4.054E+01 ###   Gamma Dose - Sim End
4.054E+01 ###   Activity/Bq                    55647.1268409
4.054E+01 ###   Power eV/s                     1.13234457992e+14
4.055E+01 ###   Power J/s                      1.81421983906e-05
4.055E+01 ###   Dose Gy/s                      4.33194803977e-08
4.055E+01 ###   Dose Gy/hr                     6.49482042622e-05
4.056E+01 ###   Percentage of annual dose/hr   56.9335975184
4.056E+01 ###   
4.056E+01 ###   Run sim2
4.056E+01 ###   
4.057E+01 ###   #############################################################################
4.057E+01 ###   #############################################################################
4.057E+01 ###   Run Sim
4.057E+01 ###   #############################################################################
4.058E+01 ###   #############################################################################
4.058E+01 ###   
4.058E+01 ###   
4.059E+01 ###   #############################################
4.059E+01 ###   Plot Ion Energy Lost
4.059E+01 ###   #############################################
4.059E+01 ###   
4.801E+01 ###   
4.801E+01 ###   #############################################
4.801E+01 ###   Number Density
4.801E+01 ###   #############################################
4.802E+01 ###   
4.802E+01 ###   Fe54         5.095579876290546e+27
4.802E+01 ###   Fe56         7.713195369931147e+28
4.802E+01 ###   Fe57         1.750086860505843e+27
4.803E+01 ###   Fe58         2.2920662292036265e+26
4.803E+01 ###   
4.803E+01 ###   #############################################
4.804E+01 ###   Calculate reaction rates
4.804E+01 ###   #############################################
4.804E+01 ###   
4.807E+01 ###   Fe54       --> Co53         307283.956904       
4.810E+01 ###   Fe54       --> Mn50         413574.876348       
4.814E+01 ###   Fe54       --> Fe53         236075945.829       
4.818E+01 ###   Fe54       --> Fe52         131778.988756       
4.823E+01 ###   Fe54       --> Mn51         3915365.42731       
4.827E+01 ###   Fe54       --> Mn52         4550309.60658       
4.830E+01 ###   Fe54       --> Cr49         22.5007021259       
4.835E+01 ###   Fe54       --> Co55         207974.632938       
4.839E+01 ###   Fe54       --> Fe54         114453151.897       
4.842E+01 ###   Fe54       --> V47          12118.304033        
4.845E+01 ###   Fe54       --> Mn53         403877118.991       
4.848E+01 ###   Fe54       --> Cr50         37369410.8242       
4.851E+01 ###   Fe56       --> Co55         845335432.044       
4.854E+01 ###   Fe56       --> Mn52         329450373.437       
4.856E+01 ###   Fe56       --> Mn51         2.53001350218       
4.861E+01 ###   Fe56       --> Fe55         8050196691.17       
4.866E+01 ###   Fe56       --> Fe54         378463315.972       
4.868E+01 ###   Fe56       --> Fe53         8.38602414208       
4.875E+01 ###   Fe56       --> Mn53         109015450.05        
4.879E+01 ###   Fe56       --> Mn54         56915074.2745       
4.883E+01 ###   Fe56       --> Cr51         120955.374078       
4.886E+01 ###   Fe56       --> Co57         5848557.76264       
4.890E+01 ###   Fe56       --> Fe56         1680968637.75       
4.893E+01 ###   Fe56       --> V49          1174843.18811       
4.896E+01 ###   Fe56       --> Mn55         715362266.42        
4.899E+01 ###   Fe56       --> Cr52         374707737.696       
4.903E+01 ###   Fe57       --> Fe54         52183.7852258       
4.907E+01 ###   Fe57       --> Co56         36640319.083        
4.909E+01 ###   Fe57       --> Co55         1074873.1321        
4.913E+01 ###   Fe57       --> Mn53         19968722.6313       
4.917E+01 ###   Fe57       --> Mn52         4360.74832679       
4.922E+01 ###   Fe57       --> Fe56         164897136.47        
4.926E+01 ###   Fe57       --> Fe55         33178633.716        
4.932E+01 ###   Fe57       --> Mn54         2427065.011         
4.936E+01 ###   Fe57       --> Mn55         2319212.32735       
4.940E+01 ###   Fe57       --> Cr52         551009.138609       
4.944E+01 ###   Fe57       --> Co58         102227.683704       
4.948E+01 ###   Fe57       --> Fe57         27066748.1304       
4.951E+01 ###   Fe57       --> V50          28017.8372826       
4.954E+01 ###   Fe57       --> Mn56         5147637.47599       
4.957E+01 ###   Fe57       --> Cr53         1928918.81162       
4.960E+01 ###   Fe58       --> Fe55         6414.68780283       
4.963E+01 ###   Fe58       --> Co57         11190415.5404       
4.965E+01 ###   Fe58       --> Co56         692558.874587       
4.969E+01 ###   Fe58       --> Mn54         2024539.65839       
4.972E+01 ###   Fe58       --> Mn53         34624.323756        
4.978E+01 ###   Fe58       --> Fe57         11896984.9875       
4.983E+01 ###   Fe58       --> Fe56         7789545.04264       
4.989E+01 ###   Fe58       --> Mn55         232716.626174       
4.994E+01 ###   Fe58       --> Mn56         46497.0277258       
4.997E+01 ###   Fe58       --> Cr53         607.862336665       
5.001E+01 ###   Fe58       --> Co59         13432.4749748       
5.005E+01 ###   Fe58       --> Fe58         4608236.90701       
5.008E+01 ###   Fe58       --> V51          3894.08635149       
5.011E+01 ###   Fe58       --> Mn57         97973.3183318       
5.015E+01 ###   Fe58       --> Cr54         69429.6222128       
5.015E+01 ###   
5.024E+01 ###   Fe54       --> Nn1          223779307.551       
5.033E+01 ###   Fe54       --> He4          41722308.3148       
5.047E+01 ###   Fe54       --> H1           1185614187.94       
5.052E+01 ###   Fe54       --> H2           16816480.0199       
5.055E+01 ###   Fe54       --> He3          1195803.75217       
5.058E+01 ###   Fe54       --> H3           63495.6126689       
5.071E+01 ###   Fe56       --> Nn1          10459239812.3       
5.081E+01 ###   Fe56       --> He4          815365435.08        
5.095E+01 ###   Fe56       --> H1           11592247091.2       
5.100E+01 ###   Fe56       --> H2           390691314.24        
5.104E+01 ###   Fe56       --> H3           7727635.45562       
5.108E+01 ###   Fe56       --> He3          19451763.8089       
5.124E+01 ###   Fe57       --> Nn1          317362293.916       
5.130E+01 ###   Fe57       --> H2           11740193.0149       
5.142E+01 ###   Fe57       --> He4          24925914.0685       
5.155E+01 ###   Fe57       --> H1           229114996.365       
5.160E+01 ###   Fe57       --> H3           530012.860186       
5.164E+01 ###   Fe57       --> He3          621761.67143        
5.182E+01 ###   Fe58       --> Nn1          52586048.5862       
5.189E+01 ###   Fe58       --> H2           1338414.90645       
5.202E+01 ###   Fe58       --> He4          2368936.32236       
5.216E+01 ###   Fe58       --> H1           23169852.7974       
5.221E+01 ###   Fe58       --> H3           63386.958919        
5.225E+01 ###   Fe58       --> He3          45022.5126778       
5.225E+01 ###   
5.226E+01 ###   
5.226E+01 ###   #############################################
5.226E+01 ###   Saturation Times
5.227E+01 ###   #############################################
5.227E+01 ###   
5.227E+01 ###   Time where saturation is 95%
5.227E+01 ###   Co53        1.03726274277     
5.228E+01 ###   Mn50        1.22392681719     
5.228E+01 ###   Fe53        2206.77648525     
5.228E+01 ###   Fe52        128719.120064     
5.228E+01 ###   Mn51        11980.384679      
5.229E+01 ###   Mn52        2089254.61649     
5.229E+01 ###   Cr49        10865.3272305     
5.229E+01 ###   Co55        272748.238212     
5.229E+01 ###   V47         8453.6913536      
5.230E+01 ###   Mn53        5.01914153515e+14 
5.230E+01 ###   Cr50        2.45501506924e+25 
5.230E+01 ###   Fe55        374654548.569     
5.230E+01 ###   Mn54        116576230.889     
5.231E+01 ###   Cr51        10345096.7458     
5.231E+01 ###   Co57        101493998.416     
5.231E+01 ###   V49         123226813.841     
5.232E+01 ###   Co56        28841047.3435     
5.232E+01 ###   Co58        26456423.5172     
5.232E+01 ###   V50         1.90941486654e+25 
5.232E+01 ###   Mn56        40123.094881      
5.233E+01 ###   Mn57        369.092659303     
5.233E+01 ###   Nn1         2656.25700712     
5.233E+01 ###   H3          1681683831.36     
5.233E+01 ###   
5.719E+01 ###   
5.719E+01 ###   #############################################
5.719E+01 ###   End of Beam Tally
5.720E+01 ###   #############################################
5.720E+01 ###   
5.720E+01 ###   26054       Fe54        1.63058555949e+20        0.0                      
5.720E+01 ###   26056       Fe56        2.4682225152e+21         0.0                      
5.720E+01 ###   26057       Fe57        5.60027794695e+19        0.0                      
5.721E+01 ###   26058       Fe58        7.33461192328e+18        0.0                      
5.721E+01 ###   27053       Co53        106396.089785            307283.956904            
5.721E+01 ###   26053       Fe53        58250591793.0            79076054.5775            
5.721E+01 ###   25053       Mn53        172540199605.0           0.00102982599877         
5.722E+01 ###   24053       Cr53        578858002.186            0.0                      
5.722E+01 ###   25050       Mn50        0.0                      0.0                      
5.722E+01 ###   24050       Cr50        0.0                      0.0                      
5.722E+01 ###   26052       Fe52        39396004.7064            916.8791916              
5.723E+01 ###   1025052     Mn52-M      130481.519119            71.1029065191            
5.723E+01 ###   24052       Cr52        112577624050.0           0.0                      
5.723E+01 ###   25052       Mn52        100179964870.0           143645.657909            
5.723E+01 ###   25051       Mn51        1131634453.28            282968.697949            
5.724E+01 ###   24051       Cr51        79259717.7947            22.9520226273            
5.724E+01 ###   23051       V51         1168225.90545            0.0                      
5.724E+01 ###   24049       Cr49        6478.58118515            1.78624116249            
5.724E+01 ###   23049       V49         352451942.801            8.56835965333            
5.724E+01 ###   22049       Ti49        704918128.027            0.0                      
5.725E+01 ###   27055       Co55        253567495453.0           2785060.44487            
5.725E+01 ###   26055       Fe55        2.42542960147e+12        19393.6995083            
5.725E+01 ###   25055       Mn55        215374258612.0           0.0                      
5.725E+01 ###   23047       V47         3448914.86405            1222.19100921            
5.726E+01 ###   22047       Ti47        7084406.07395            0.0                      
5.726E+01 ###   25054       Mn54        18409932719.4            473.091548602            
5.726E+01 ###   24054       Cr54        20828886.6638            0.0                      
5.726E+01 ###   27057       Co57        5111669359.24            150.877816523            
5.726E+01 ###   27056       Co56        11199688888.9            1163.31661116            
5.727E+01 ###   27058       Co58        30667784.2188            3.47259601749            
5.727E+01 ###   23050       V50         0.0                      0.0                      
5.727E+01 ###   22050       Ti50        0.0                      0.0                      
5.727E+01 ###   25056       Mn56        1540918363.29            115050.418855            
5.728E+01 ###   27059       Co59        4029742.49245            0.0                      
5.728E+01 ###   25057       Mn57        11013470.9442            89390.5893812            
5.728E+01 ###   1           Nn1         2.81319554815e+12        3172727892.23            
5.728E+01 ###   1001        H1          3.90904383849e+12        0.0                      
5.729E+01 ###   2004        He4         265314778136.0           0.0                      
5.729E+01 ###   1002        H2          126175920654.0           0.0                      
5.729E+01 ###   2003        He3         11425023383.8            0.0                      
5.729E+01 ###   1003        H3          2515358594.54            4.48083092714            
5.730E+01 ###   
6.744E+01 ###   
6.744E+01 ###   #############################################
6.744E+01 ###   End of Sim Tally
6.745E+01 ###   #############################################
6.745E+01 ###   
6.745E+01 ###   26054       Fe54        1.63058555949e+20        0.0                      
6.745E+01 ###   26056       Fe56        2.4682225152e+21         0.0                      
6.746E+01 ###   26057       Fe57        5.60027794696e+19        0.0                      
6.746E+01 ###   26058       Fe58        7.33461192328e+18        0.0                      
6.746E+01 ###   27053       Co53        0.0                      0.0                      
6.746E+01 ###   26053       Fe53        4.53141271569e-143       6.15146092407e-146       
6.747E+01 ###   25053       Mn53        230790897436.0           0.00137750197927         
6.747E+01 ###   24053       Cr53        578858002.186            0.0                      
6.747E+01 ###   25050       Mn50        0.0                      0.0                      
6.747E+01 ###   24050       Cr50        0.0                      0.0                      
6.747E+01 ###   26052       Fe52        93439.6978154            2.17465997465            
6.748E+01 ###   1025052     Mn52-M      4168.78150109            2.27168171686            
6.748E+01 ###   24052       Cr52        143724178764.0           0.0                      
6.748E+01 ###   25052       Mn52        69033917523.9            98986.0848283            
6.748E+01 ###   25051       Mn51        7.09820416491e-20        1.7749279235e-23         
6.749E+01 ###   24051       Cr51        1124387120.91            325.59993095             
6.749E+01 ###   23051       V51         1168225.90545            0.0                      
6.749E+01 ###   24049       Cr49        5.183538587e-28          1.42917866225e-31        
6.749E+01 ###   23049       V49         350240187.817            8.51459030248            
6.750E+01 ###   22049       Ti49        704918128.027            0.0                      
6.750E+01 ###   27055       Co55        14632033320.7            160711.045225            
6.750E+01 ###   26055       Fe55        2.65898143279e+12        21261.1765249            
6.750E+01 ###   25055       Mn55        215374258612.0           0.0                      
6.750E+01 ###   23047       V47         3.71227906462e-34        1.31551930833e-37        
6.751E+01 ###   22047       Ti47        7084406.07395            0.0                      
6.751E+01 ###   25054       Mn54        18287479903.7            469.944802056            
6.751E+01 ###   24054       Cr54        20828886.6638            0.0                      
6.751E+01 ###   27057       Co57        5072636183.79            149.725699695            
6.752E+01 ###   27056       Co56        10901613948.1            1132.35543595            
6.752E+01 ###   27058       Co58        29779081.9005            3.37196585428            
6.752E+01 ###   23050       V50         0.0                      0.0                      
6.752E+01 ###   22050       Ti50        0.0                      0.0                      
6.753E+01 ###   25056       Mn56        5.84462973621            0.000436380742305        
6.753E+01 ###   27059       Co59        4029742.49245            0.0                      
6.753E+01 ###   25057       Mn57        0.0                      0.0                      
6.753E+01 ###   1           Nn1         1.77254842634e-115       1.99908386613e-118       
6.754E+01 ###   1001        H1          3.90904383849e+12        0.0                      
6.754E+01 ###   2004        He4         265314778136.0           0.0                      
6.754E+01 ###   1002        H2          126175920654.0           0.0                      
6.754E+01 ###   2003        He3         11426186786.5            0.0                      
6.755E+01 ###   1003        H3          2514195191.88            4.478758455              
6.755E+01 ###   
7.948E+01 ###   
7.948E+01 ###   Gamma Dose - Beam End
7.948E+01 ###   Activity/Bq                    82822873.7128
7.948E+01 ###   Power eV/s                     1.86841008076e+16
7.949E+01 ###   Power J/s                      0.00299352926319
7.949E+01 ###   Dose Gy/s                      2.97685885361e-06
7.949E+01 ###   Dose Gy/hr                     0.010716691873
7.950E+01 ###   Percentage of annual dose/hr   9394.25237015
7.950E+01 ###   
7.950E+01 ###   
7.950E+01 ###   Gamma Dose - Sim End
7.951E+01 ###   Activity/Bq                    283043.751191
7.951E+01 ###   Power eV/s                     5.1310279645e+14
7.951E+01 ###   Power J/s                      8.22083038417e-05
7.951E+01 ###   Dose Gy/s                      1.96294899335e-07
7.952E+01 ###   Dose Gy/hr                     0.000294301803729
7.952E+01 ###   Percentage of annual dose/hr   257.984968681
7.952E+01 ###   
7.952E+01 ###   Run sim3
7.953E+01 ###   
7.953E+01 ###   #############################################################################
7.953E+01 ###   #############################################################################
7.953E+01 ###   Run Sim
7.954E+01 ###   #############################################################################
7.954E+01 ###   #############################################################################
7.954E+01 ###   
7.955E+01 ###   
7.955E+01 ###   #############################################
7.955E+01 ###   Plot Ion Energy Lost
7.955E+01 ###   #############################################
7.956E+01 ###   
8.125E+01 ###   
8.125E+01 ###   #############################################
8.126E+01 ###   Number Density
8.126E+01 ###   #############################################
8.126E+01 ###   
8.126E+01 ###   Fe54         5.095579876290546e+27
8.127E+01 ###   Fe56         7.713195369931147e+28
8.127E+01 ###   Fe57         1.750086860505843e+27
8.127E+01 ###   Fe58         2.2920662292036265e+26
8.128E+01 ###   
8.128E+01 ###   #############################################
8.128E+01 ###   Calculate reaction rates
8.128E+01 ###   #############################################
8.129E+01 ###   
8.137E+01 ###   Fe54       --> Co53         307283.956904       
8.147E+01 ###   Fe54       --> Mn50         413708.343687       
8.161E+01 ###   Fe54       --> Fe53         364574729.261       
8.174E+01 ###   Fe54       --> Fe52         139723.453264       
8.191E+01 ###   Fe54       --> Mn51         33710604.3354       
8.205E+01 ###   Fe54       --> Mn52         4570272.85508       
8.216E+01 ###   Fe54       --> Cr49         22.5007110942       
8.231E+01 ###   Fe54       --> Co55         837556.614748       
8.245E+01 ###   Fe54       --> Fe54         845815192.066       
8.255E+01 ###   Fe54       --> V47          12120.000336        
8.267E+01 ###   Fe54       --> Mn53         779082618.161       
8.278E+01 ###   Fe54       --> Cr50         47852505.4793       
8.288E+01 ###   Fe56       --> Co55         1434750937.13       
8.298E+01 ###   Fe56       --> Mn52         352695791.967       
8.307E+01 ###   Fe56       --> Mn51         2.53001350218       
8.321E+01 ###   Fe56       --> Fe55         15087131750.2       
8.335E+01 ###   Fe56       --> Fe54         380564381.84        
8.343E+01 ###   Fe56       --> Fe53         8.38602414208       
8.359E+01 ###   Fe56       --> Mn53         1054542674.7        
8.376E+01 ###   Fe56       --> Mn54         57317976.9622       
8.387E+01 ###   Fe56       --> Cr51         120955.381528       
8.402E+01 ###   Fe56       --> Co57         25053726.8502       
8.416E+01 ###   Fe56       --> Fe56         9915915864.16       
8.426E+01 ###   Fe56       --> V49          1176191.09101       
8.438E+01 ###   Fe56       --> Mn55         945364371.719       
8.449E+01 ###   Fe56       --> Cr52         599749326.39        
8.460E+01 ###   Fe57       --> Fe54         52210.9530203       
8.471E+01 ###   Fe57       --> Co56         93230550.3559       
8.479E+01 ###   Fe57       --> Co55         1074873.1321        
8.492E+01 ###   Fe57       --> Mn53         30058838.8044       
8.504E+01 ###   Fe57       --> Mn52         4360.74837846       
8.522E+01 ###   Fe57       --> Fe56         399329088.636       
8.537E+01 ###   Fe57       --> Fe55         33729754.4267       
8.557E+01 ###   Fe57       --> Mn54         18666671.8156       
8.574E+01 ###   Fe57       --> Mn55         2349572.24478       
8.588E+01 ###   Fe57       --> Cr52         551187.428394       
8.604E+01 ###   Fe57       --> Co58         490431.533501       
8.618E+01 ###   Fe57       --> Fe57         112533328.333       
8.630E+01 ###   Fe57       --> V50          28194.8655669       
8.642E+01 ###   Fe57       --> Mn56         6234029.15534       
8.654E+01 ###   Fe57       --> Cr53         2337325.73892       
8.664E+01 ###   Fe58       --> Fe55         6415.82446431       
8.675E+01 ###   Fe58       --> Co57         34640362.555        
8.684E+01 ###   Fe58       --> Co56         692558.874587       
8.696E+01 ###   Fe58       --> Mn54         2747704.47005       
8.707E+01 ###   Fe58       --> Mn53         34624.752231        
8.724E+01 ###   Fe58       --> Fe57         21594036.703        
8.740E+01 ###   Fe58       --> Fe56         8122867.17029       
8.759E+01 ###   Fe58       --> Mn55         1737196.40136       
8.774E+01 ###   Fe58       --> Mn56         47310.6414073       
8.785E+01 ###   Fe58       --> Cr53         607.874617428       
8.800E+01 ###   Fe58       --> Co59         57778.8887234       
8.816E+01 ###   Fe58       --> Fe58         14355598.5228       
8.827E+01 ###   Fe58       --> V51          3987.26611178       
8.838E+01 ###   Fe58       --> Mn57         105122.922187       
8.850E+01 ###   Fe58       --> Cr54         96544.4094379       
8.851E+01 ###   
8.876E+01 ###   Fe54       --> Nn1          347339042.894       
8.903E+01 ###   Fe54       --> He4          82000778.7379       
8.939E+01 ###   Fe54       --> H1           2801430617.79       
8.956E+01 ###   Fe54       --> H2           21756356.4157       
8.968E+01 ###   Fe54       --> He3          1215072.18111       
8.978E+01 ###   Fe54       --> H3           71440.0667579       
9.011E+01 ###   Fe56       --> Nn1          18501775751.0       
9.040E+01 ###   Fe56       --> He4          2009182362.71       
9.078E+01 ###   Fe56       --> H1           27352125297.9       
9.096E+01 ###   Fe56       --> H2           588340899.169       
9.109E+01 ###   Fe56       --> H3           9245913.09637       
9.121E+01 ###   Fe56       --> He3          19846207.2217       
9.170E+01 ###   Fe57       --> Nn1          667821530.753       
9.191E+01 ###   Fe57       --> H2           19853799.6962       
9.230E+01 ###   Fe57       --> He4          51664576.1748       
9.271E+01 ###   Fe57       --> H1           543924565.588       
9.285E+01 ###   Fe57       --> H3           648847.705577       
9.297E+01 ###   Fe57       --> He3          646640.770588       
9.343E+01 ###   Fe58       --> Nn1          109901520.973       
9.361E+01 ###   Fe58       --> H2           1978015.45559       
9.401E+01 ###   Fe58       --> He4          4623882.48096       
9.439E+01 ###   Fe58       --> H1           42333559.8617       
9.454E+01 ###   Fe58       --> H3           79230.0763758       
9.466E+01 ###   Fe58       --> He3          45836.0780709       
9.466E+01 ###   
9.467E+01 ###   
9.467E+01 ###   #############################################
9.467E+01 ###   Saturation Times
9.467E+01 ###   #############################################
9.468E+01 ###   
9.468E+01 ###   Time where saturation is 95%
9.468E+01 ###   Co53        1.03726274277     
9.468E+01 ###   Mn50        1.22392681719     
9.469E+01 ###   Fe53        2206.77648525     
9.469E+01 ###   Fe52        128719.120064     
9.469E+01 ###   Mn51        11980.384679      
9.469E+01 ###   Mn52        2089254.61649     
9.470E+01 ###   Cr49        10865.3272305     
9.470E+01 ###   Co55        272748.238212     
9.470E+01 ###   V47         8453.6913536      
9.470E+01 ###   Mn53        5.01914153515e+14 
9.471E+01 ###   Cr50        2.45501506924e+25 
9.471E+01 ###   Fe55        374654548.569     
9.471E+01 ###   Mn54        116576230.889     
9.471E+01 ###   Cr51        10345096.7458     
9.472E+01 ###   Co57        101493998.416     
9.472E+01 ###   V49         123226813.841     
9.472E+01 ###   Co56        28841047.3435     
9.472E+01 ###   Co58        26456423.5172     
9.473E+01 ###   V50         1.90941486654e+25 
9.473E+01 ###   Mn56        40123.094881      
9.473E+01 ###   Mn57        369.092659303     
9.473E+01 ###   Nn1         2656.25700712     
9.474E+01 ###   H3          1681683831.36     
9.474E+01 ###   
9.826E+01 ###   
9.826E+01 ###   #############################################
9.826E+01 ###   End of Beam Tally
9.826E+01 ###   #############################################
9.827E+01 ###   
9.827E+01 ###   26054       Fe54        4.89175667869e+20        0.0                      
9.827E+01 ###   26056       Fe56        7.40466754933e+21        0.0                      
9.827E+01 ###   26057       Fe57        1.68008338474e+20        0.0                      
9.828E+01 ###   26058       Fe58        2.20038357797e+19        0.0                      
9.828E+01 ###   27053       Co53        106396.089785            307283.956904            
9.828E+01 ###   26053       Fe53        89915862731.6            122062136.193            
9.829E+01 ###   25053       Mn53        578675300204.0           0.00345388999411         
9.829E+01 ###   24053       Cr53        701380084.061            0.0                      
9.829E+01 ###   25050       Mn50        0.0                      0.0                      
9.829E+01 ###   24050       Cr50        0.0                      0.0                      
9.830E+01 ###   26052       Fe52        41771043.1257            972.154423748            
9.830E+01 ###   1025052     Mn52-M      138347.764014            75.3894359771            
9.830E+01 ###   24052       Cr52        180090154145.0           0.0                      
9.830E+01 ###   25052       Mn52        107158078441.0           153651.408222            
9.830E+01 ###   25051       Mn51        9743167075.38            2436309.08659            
9.831E+01 ###   24051       Cr51        406289241.241            117.653205407            
9.831E+01 ###   23051       V51         1196179.83353            0.0                      
9.831E+01 ###   24049       Cr49        6478.58376737            1.78624187445            
9.831E+01 ###   23049       V49         352856312.198            8.57819016353            
9.832E+01 ###   22049       Ti49        705726868.299            0.0                      
9.832E+01 ###   27055       Co55        430289707223.0           4726090.15316            
9.832E+01 ###   26055       Fe55        4.53696423764e+12        36277.4994794            
9.832E+01 ###   25055       Mn55        284835342110.0           0.0                      
9.833E+01 ###   23047       V47         3449397.63826            1222.36208977            
9.833E+01 ###   22047       Ti47        7085397.73907            0.0                      
9.833E+01 ###   25054       Mn54        23619614929.1            606.968008764            
9.833E+01 ###   24054       Cr54        28963322.8314            0.0                      
9.834E+01 ###   27057       Co57        17908147534.1            528.583131659            
9.834E+01 ###   27056       Co56        28176493761.1            2926.70480064            
9.834E+01 ###   27058       Co58        147126961.099            16.6595830834            
9.834E+01 ###   23050       V50         0.0                      0.0                      
9.835E+01 ###   22050       Ti50        0.0                      0.0                      
9.835E+01 ###   25056       Mn56        1863454215.89            139132.087178            
9.835E+01 ###   27059       Co59        17333666.617             0.0                      
9.835E+01 ###   25057       Mn57        11817179.0932            95913.8685083            
9.836E+01 ###   1           Nn1         4.99541259301e+12        5633836893.23            
9.836E+01 ###   1001        H1          9.22194421236e+12        0.0                      
9.836E+01 ###   2004        He4         644241480031.0           0.0                      
9.836E+01 ###   1002        H2          189578721221.0           0.0                      
9.837E+01 ###   2003        He3         12553384637.2            0.0                      
9.837E+01 ###   1003        H3          3013628478.8             5.36844317943            
9.837E+01 ###   
1.098E+02 ###   
1.098E+02 ###   #############################################
1.098E+02 ###   End of Sim Tally
1.098E+02 ###   #############################################
1.098E+02 ###   
1.098E+02 ###   26054       Fe54        4.89175667869e+20        0.0                      
1.098E+02 ###   26056       Fe56        7.40466754934e+21        0.0                      
1.098E+02 ###   26057       Fe57        1.68008338475e+20        0.0                      
1.098E+02 ###   26058       Fe58        2.20038357797e+19        0.0                      
1.098E+02 ###   27053       Co53        0.0                      0.0                      
1.098E+02 ###   26053       Fe53        6.99470355536e-143       9.49541529231e-146       
1.099E+02 ###   25053       Mn53        668591268296.0           0.00399056377713         
1.099E+02 ###   24053       Cr53        701380084.061            0.0                      
1.099E+02 ###   25050       Mn50        0.0                      0.0                      
1.099E+02 ###   24050       Cr50        0.0                      0.0                      
1.099E+02 ###   26052       Fe52        99072.829242             2.30576212643            
1.099E+02 ###   1025052     Mn52-M      4420.1018139             2.40863294819            
1.099E+02 ###   24052       Cr52        213406246415.0           0.0                      
1.099E+02 ###   25052       Mn52        73842524126.3            105881.030938            
1.099E+02 ###   25051       Mn51        6.11142484337e-19        1.52818069963e-22        
1.099E+02 ###   24051       Cr51        9424650209.8             2729.18944059            
1.099E+02 ###   23051       V51         1196179.83353            0.0                      
1.099E+02 ###   24049       Cr49        5.18354065305e-28        1.42917923189e-31        
1.099E+02 ###   23049       V49         350642012.275            8.5243589434             
1.099E+02 ###   22049       Ti49        705726868.299            0.0                      
1.099E+02 ###   27055       Co55        24829733489.2            272717.559772            
1.099E+02 ###   26055       Fe55        4.93241486503e+12        39439.5168941            
1.099E+02 ###   25055       Mn55        284835342110.0           0.0                      
1.099E+02 ###   23047       V47         3.71279870418e-34        1.31570345286e-37        
1.099E+02 ###   22047       Ti47        7085397.73907            0.0                      
1.099E+02 ###   25054       Mn54        23462510153.3            602.930789138            
1.099E+02 ###   24054       Cr54        28963322.8314            0.0                      
1.099E+02 ###   27057       Co57        17771399279.1            524.546822447            
1.099E+02 ###   27056       Co56        27426588402.7            2848.81180121            
1.099E+02 ###   27058       Co58        142863461.967            16.1768155642            
1.099E+02 ###   23050       V50         0.0                      0.0                      
1.099E+02 ###   22050       Ti50        0.0                      0.0                      
1.099E+02 ###   25056       Mn56        7.06799281633            0.000527721359779        
1.099E+02 ###   27059       Co59        17333666.617             0.0                      
1.099E+02 ###   25057       Mn57        0.0                      0.0                      
1.099E+02 ###   1           Nn1         3.14752763506e-115       3.54978832733e-118       
1.099E+02 ###   1001        H1          9.22194421236e+12        0.0                      
1.099E+02 ###   2004        He4         644241480031.0           0.0                      
1.099E+02 ###   1002        H2          189578721221.0           0.0                      
1.099E+02 ###   2003        He3         12554778499.4            0.0                      
1.099E+02 ###   1003        H3          3012234616.55            5.36596016922            
1.099E+02 ###   
1.233E+02 ###   
1.234E+02 ###   Gamma Dose - Beam End
1.234E+02 ###   Activity/Bq                    129963262.514
1.234E+02 ###   Power eV/s                     2.90796252424e+16
1.234E+02 ###   Power J/s                      0.00465907939708
1.234E+02 ###   Dose Gy/s                      4.63313384753e-06
1.234E+02 ###   Dose Gy/hr                     0.0166792818511
1.234E+02 ###   Percentage of annual dose/hr   14621.0588976
1.234E+02 ###   
1.234E+02 ###   
1.234E+02 ###   Gamma Dose - Sim End
1.234E+02 ###   Activity/Bq                    424764.478196
1.234E+02 ###   Power eV/s                     6.77545593138e+14
1.234E+02 ###   Power J/s                      0.000108554999841
1.234E+02 ###   Dose Gy/s                      2.59204870681e-07
1.234E+02 ###   Dose Gy/hr                     0.000388621717809
1.234E+02 ###   Percentage of annual dose/hr   340.665807777
1.234E+02 ###   
