3.534E-03 ###   Start
4.096E-01 ###   Loading isotope tendl xs
4.444E+00 ###   Load complete
4.446E+00 ###   Load Fe36MeV.exyz
4.895E+00 ###   Run Simulation
4.897E+00 ###   Prep sim1
4.933E+00 ###   
4.935E+00 ###   #############################################
4.937E+00 ###   Starting Tally
4.939E+00 ###   #############################################
4.940E+00 ###   
4.942E+00 ###   26054       Fe54        3.2579099497051247e+19
4.944E+00 ###   26056       Fe56        4.931508591719177e+20
4.946E+00 ###   26057       Fe57        1.1189355351330159e+19
4.947E+00 ###   26058       Fe58        1.4654554643036314e+18
4.949E+00 ###   6012        C12         2.481149437042752e+18
4.951E+00 ###   6013        C13         2.4947989084302356e+16
4.953E+00 ###   27053       Co53        0.0               
4.954E+00 ###   25050       Mn50        0.0               
4.956E+00 ###   26053       Fe53        0.0               
4.958E+00 ###   26052       Fe52        0.0               
4.959E+00 ###   25051       Mn51        0.0               
4.961E+00 ###   25052       Mn52        0.0               
4.963E+00 ###   24049       Cr49        0.0               
4.964E+00 ###   27055       Co55        0.0               
4.966E+00 ###   23047       V47         0.0               
4.968E+00 ###   25053       Mn53        0.0               
4.970E+00 ###   24050       Cr50        0.0               
4.972E+00 ###   26055       Fe55        0.0               
4.974E+00 ###   25054       Mn54        0.0               
4.975E+00 ###   24051       Cr51        0.0               
4.977E+00 ###   27057       Co57        0.0               
4.979E+00 ###   23049       V49         0.0               
4.981E+00 ###   25055       Mn55        0.0               
4.982E+00 ###   24052       Cr52        0.0               
4.984E+00 ###   27056       Co56        0.0               
4.986E+00 ###   27058       Co58        0.0               
4.987E+00 ###   23050       V50         0.0               
4.989E+00 ###   25056       Mn56        0.0               
4.991E+00 ###   24053       Cr53        0.0               
4.992E+00 ###   27059       Co59        0.0               
4.994E+00 ###   23051       V51         0.0               
4.996E+00 ###   25057       Mn57        0.0               
4.998E+00 ###   24054       Cr54        0.0               
4.999E+00 ###   7014        N14         0.0               
5.001E+00 ###   1           Nn1         0.0               
5.003E+00 ###   2004        He4         0.0               
5.004E+00 ###   1001        H1          0.0               
5.006E+00 ###   1002        H2          0.0               
5.008E+00 ###   2003        He3         0.0               
5.010E+00 ###   1003        H3          0.0               
5.011E+00 ###   1025052     Mn52-M      0.0               
5.013E+00 ###   22049       Ti49        0.0               
5.015E+00 ###   22047       Ti47        0.0               
5.017E+00 ###   22050       Ti50        0.0               
5.018E+00 ###   #############################################################################
5.020E+00 ###   Run sim1
5.022E+00 ###   
5.023E+00 ###   #############################################################################
5.025E+00 ###   #############################################################################
5.027E+00 ###   Run Sim
5.029E+00 ###   #############################################################################
5.030E+00 ###   #############################################################################
5.032E+00 ###   
5.034E+00 ###   
5.035E+00 ###   #############################################
5.037E+00 ###   Plot Ion Energy Lost
5.039E+00 ###   #############################################
5.040E+00 ###   
5.200E+00 ###   
5.202E+00 ###   #############################################
5.204E+00 ###   Number Density
5.206E+00 ###   #############################################
5.207E+00 ###   
5.209E+00 ###   Fe54         5.090484296414257e+27
5.211E+00 ###   Fe56         7.7054821745612146e+28
5.213E+00 ###   Fe57         1.7483367736453372e+27
5.214E+00 ###   Fe58         2.289774162974424e+26
5.216E+00 ###   C12          3.8767959953793e+26
5.218E+00 ###   C13          3.898123294422243e+24
5.220E+00 ###   
5.221E+00 ###   #############################################
5.223E+00 ###   Calculate reaction rates
5.225E+00 ###   #############################################
5.226E+00 ###   
5.782E+00 ###   
6.446E+00 ###   
6.448E+00 ###   
6.450E+00 ###   #############################################
6.452E+00 ###   Saturation Times
6.454E+00 ###   #############################################
6.455E+00 ###   
6.457E+00 ###   Time where saturation is 95%
6.459E+00 ###   
6.461E+00 ###   
6.463E+00 ###   #############################################
6.464E+00 ###   End of Beam Tally
6.466E+00 ###   #############################################
6.468E+00 ###   
6.469E+00 ###   26054       Fe54        3.2579099497051247e+19   0.0                      
6.471E+00 ###   26056       Fe56        4.931508591719177e+20    0.0                      
6.473E+00 ###   26057       Fe57        1.1189355351330159e+19   0.0                      
6.474E+00 ###   26058       Fe58        1.4654554643036314e+18   0.0                      
6.476E+00 ###   6012        C12         2.481149437042752e+18    0.0                      
6.478E+00 ###   6013        C13         2.4947989084302356e+16   0.0                      
6.480E+00 ###   27053       Co53        0.0                      0.0                      
6.481E+00 ###   25050       Mn50        0.0                      0.0                      
6.483E+00 ###   26053       Fe53        0.0                      0.0                      
6.485E+00 ###   26052       Fe52        0.0                      0.0                      
6.487E+00 ###   25051       Mn51        0.0                      0.0                      
6.488E+00 ###   25052       Mn52        0.0                      0.0                      
6.490E+00 ###   24049       Cr49        0.0                      0.0                      
6.492E+00 ###   27055       Co55        0.0                      0.0                      
6.493E+00 ###   23047       V47         0.0                      0.0                      
6.495E+00 ###   25053       Mn53        0.0                      0.0                      
6.497E+00 ###   24050       Cr50        0.0                      0.0                      
6.499E+00 ###   26055       Fe55        0.0                      0.0                      
6.500E+00 ###   25054       Mn54        0.0                      0.0                      
6.502E+00 ###   24051       Cr51        0.0                      0.0                      
6.504E+00 ###   27057       Co57        0.0                      0.0                      
6.505E+00 ###   23049       V49         0.0                      0.0                      
6.507E+00 ###   25055       Mn55        0.0                      0.0                      
6.509E+00 ###   24052       Cr52        0.0                      0.0                      
6.511E+00 ###   27056       Co56        0.0                      0.0                      
6.512E+00 ###   27058       Co58        0.0                      0.0                      
6.514E+00 ###   23050       V50         0.0                      0.0                      
6.516E+00 ###   25056       Mn56        0.0                      0.0                      
6.518E+00 ###   24053       Cr53        0.0                      0.0                      
6.519E+00 ###   27059       Co59        0.0                      0.0                      
6.521E+00 ###   23051       V51         0.0                      0.0                      
6.523E+00 ###   25057       Mn57        0.0                      0.0                      
6.524E+00 ###   24054       Cr54        0.0                      0.0                      
6.526E+00 ###   7014        N14         0.0                      0.0                      
6.528E+00 ###   1           Nn1         0.0                      0.0                      
6.530E+00 ###   2004        He4         0.0                      0.0                      
6.531E+00 ###   1001        H1          0.0                      0.0                      
6.533E+00 ###   1002        H2          0.0                      0.0                      
6.535E+00 ###   2003        He3         0.0                      0.0                      
6.537E+00 ###   1003        H3          0.0                      0.0                      
6.538E+00 ###   
1.482E+01 ###   
1.482E+01 ###   #############################################
1.482E+01 ###   End of Sim Tally
1.483E+01 ###   #############################################
1.483E+01 ###   
1.483E+01 ###   26054       Fe54        3.2579099497051247e+19   0.0                      
1.483E+01 ###   26056       Fe56        4.931508591719177e+20    0.0                      
1.483E+01 ###   26057       Fe57        1.1189355351330159e+19   0.0                      
1.483E+01 ###   26058       Fe58        1.4654554643036314e+18   0.0                      
1.484E+01 ###   6012        C12         2.481149437042752e+18    0.0                      
1.484E+01 ###   6013        C13         2.4947989084302356e+16   0.0                      
1.484E+01 ###   27053       Co53        0.0                      0.0                      
1.484E+01 ###   25050       Mn50        0.0                      0.0                      
1.484E+01 ###   26053       Fe53        0.0                      0.0                      
1.484E+01 ###   26052       Fe52        0.0                      0.0                      
1.485E+01 ###   25051       Mn51        0.0                      0.0                      
1.485E+01 ###   25052       Mn52        0.0                      0.0                      
1.485E+01 ###   24049       Cr49        0.0                      0.0                      
1.485E+01 ###   27055       Co55        0.0                      0.0                      
1.485E+01 ###   23047       V47         0.0                      0.0                      
1.485E+01 ###   25053       Mn53        0.0                      0.0                      
1.486E+01 ###   24050       Cr50        0.0                      0.0                      
1.486E+01 ###   26055       Fe55        0.0                      0.0                      
1.486E+01 ###   25054       Mn54        0.0                      0.0                      
1.486E+01 ###   24051       Cr51        0.0                      0.0                      
1.486E+01 ###   27057       Co57        0.0                      0.0                      
1.487E+01 ###   23049       V49         0.0                      0.0                      
1.487E+01 ###   25055       Mn55        0.0                      0.0                      
1.487E+01 ###   24052       Cr52        0.0                      0.0                      
1.487E+01 ###   27056       Co56        0.0                      0.0                      
1.487E+01 ###   27058       Co58        0.0                      0.0                      
1.487E+01 ###   23050       V50         0.0                      0.0                      
1.488E+01 ###   25056       Mn56        0.0                      0.0                      
1.488E+01 ###   24053       Cr53        0.0                      0.0                      
1.488E+01 ###   27059       Co59        0.0                      0.0                      
1.488E+01 ###   23051       V51         0.0                      0.0                      
1.488E+01 ###   25057       Mn57        0.0                      0.0                      
1.488E+01 ###   24054       Cr54        0.0                      0.0                      
1.489E+01 ###   7014        N14         0.0                      0.0                      
1.489E+01 ###   1           Nn1         0.0                      0.0                      
1.489E+01 ###   2004        He4         0.0                      0.0                      
1.489E+01 ###   1001        H1          0.0                      0.0                      
1.489E+01 ###   1002        H2          0.0                      0.0                      
1.489E+01 ###   2003        He3         0.0                      0.0                      
1.490E+01 ###   1003        H3          0.0                      0.0                      
1.490E+01 ###   
