3.512E-03 ###   Start
4.454E-01 ###   Loading isotope tendl xs
4.779E+00 ###   Load complete
4.781E+00 ###   Load exyz/EXYZ_Fe_05MeV_500um.txt
5.313E+00 ###   Load exyz/EXYZ_Fe_10MeV_500um.txt
6.594E+00 ###   Load exyz/EXYZ_Fe_15MeV_500um.txt
7.444E+00 ###   Load exyz/EXYZ_Fe_20MeV_500um.txt
7.945E+00 ###   Load exyz/EXYZ_Fe_25MeV_500um.txt
8.417E+00 ###   Run Simulation
8.419E+00 ###   Prep sim1
9.428E+00 ###   
9.430E+00 ###   #############################################
9.432E+00 ###   Starting Tally
9.434E+00 ###   #############################################
9.436E+00 ###   
9.437E+00 ###   26054       Fe54        1.630585560412975e+20
9.439E+00 ###   26056       Fe56        2.468222518377967e+21
9.441E+00 ###   26057       Fe57        5.600277953618698e+19
9.443E+00 ###   26058       Fe58        7.334611933451605e+18
9.444E+00 ###   27053       Co53        0.0               
9.446E+00 ###   25050       Mn50        0.0               
9.448E+00 ###   26053       Fe53        0.0               
9.450E+00 ###   26052       Fe52        0.0               
9.451E+00 ###   25051       Mn51        0.0               
9.453E+00 ###   25052       Mn52        0.0               
9.455E+00 ###   24049       Cr49        0.0               
9.456E+00 ###   27055       Co55        0.0               
9.458E+00 ###   23047       V47         0.0               
9.460E+00 ###   25053       Mn53        0.0               
9.461E+00 ###   24050       Cr50        0.0               
9.463E+00 ###   26055       Fe55        0.0               
9.465E+00 ###   25054       Mn54        0.0               
9.467E+00 ###   24051       Cr51        0.0               
9.468E+00 ###   27057       Co57        0.0               
9.470E+00 ###   23049       V49         0.0               
9.471E+00 ###   25055       Mn55        0.0               
9.473E+00 ###   24052       Cr52        0.0               
9.475E+00 ###   27056       Co56        0.0               
9.477E+00 ###   27058       Co58        0.0               
9.478E+00 ###   23050       V50         0.0               
9.480E+00 ###   25056       Mn56        0.0               
9.482E+00 ###   24053       Cr53        0.0               
9.483E+00 ###   27059       Co59        0.0               
9.485E+00 ###   23051       V51         0.0               
9.487E+00 ###   25057       Mn57        0.0               
9.488E+00 ###   24054       Cr54        0.0               
9.490E+00 ###   1           Nn1         0.0               
9.492E+00 ###   2004        He4         0.0               
9.493E+00 ###   1001        H1          0.0               
9.495E+00 ###   1002        H2          0.0               
9.497E+00 ###   2003        He3         0.0               
9.498E+00 ###   1003        H3          0.0               
9.500E+00 ###   1025052     Mn52-M      0.0               
9.502E+00 ###   22049       Ti49        0.0               
9.503E+00 ###   22047       Ti47        0.0               
9.505E+00 ###   22050       Ti50        0.0               
9.507E+00 ###   #############################################################################
9.514E+00 ###   Prep sim2
1.055E+01 ###   
1.055E+01 ###   #############################################
1.055E+01 ###   Starting Tally
1.055E+01 ###   #############################################
1.055E+01 ###   
1.055E+01 ###   26054       Fe54        1.630585560412975e+20
1.056E+01 ###   26056       Fe56        2.468222518377967e+21
1.056E+01 ###   26057       Fe57        5.600277953618698e+19
1.056E+01 ###   26058       Fe58        7.334611933451605e+18
1.056E+01 ###   27053       Co53        0.0               
1.056E+01 ###   25050       Mn50        0.0               
1.056E+01 ###   26053       Fe53        0.0               
1.057E+01 ###   26052       Fe52        0.0               
1.057E+01 ###   25051       Mn51        0.0               
1.057E+01 ###   25052       Mn52        0.0               
1.057E+01 ###   24049       Cr49        0.0               
1.057E+01 ###   27055       Co55        0.0               
1.057E+01 ###   23047       V47         0.0               
1.058E+01 ###   25053       Mn53        0.0               
1.058E+01 ###   24050       Cr50        0.0               
1.058E+01 ###   26055       Fe55        0.0               
1.058E+01 ###   25054       Mn54        0.0               
1.058E+01 ###   24051       Cr51        0.0               
1.058E+01 ###   27057       Co57        0.0               
1.059E+01 ###   23049       V49         0.0               
1.059E+01 ###   25055       Mn55        0.0               
1.059E+01 ###   24052       Cr52        0.0               
1.059E+01 ###   27056       Co56        0.0               
1.059E+01 ###   27058       Co58        0.0               
1.059E+01 ###   23050       V50         0.0               
1.060E+01 ###   25056       Mn56        0.0               
1.060E+01 ###   24053       Cr53        0.0               
1.060E+01 ###   27059       Co59        0.0               
1.060E+01 ###   23051       V51         0.0               
1.060E+01 ###   25057       Mn57        0.0               
1.061E+01 ###   24054       Cr54        0.0               
1.061E+01 ###   1           Nn1         0.0               
1.061E+01 ###   2004        He4         0.0               
1.061E+01 ###   1001        H1          0.0               
1.061E+01 ###   1002        H2          0.0               
1.061E+01 ###   2003        He3         0.0               
1.062E+01 ###   1003        H3          0.0               
1.062E+01 ###   1025052     Mn52-M      0.0               
1.062E+01 ###   22049       Ti49        0.0               
1.062E+01 ###   22047       Ti47        0.0               
1.062E+01 ###   22050       Ti50        0.0               
1.062E+01 ###   #############################################################################
1.063E+01 ###   Prep sim3
1.166E+01 ###   
1.166E+01 ###   #############################################
1.167E+01 ###   Starting Tally
1.167E+01 ###   #############################################
1.167E+01 ###   
1.167E+01 ###   26054       Fe54        1.630585560412975e+20
1.167E+01 ###   26056       Fe56        2.468222518377967e+21
1.168E+01 ###   26057       Fe57        5.600277953618698e+19
1.168E+01 ###   26058       Fe58        7.334611933451605e+18
1.168E+01 ###   27053       Co53        0.0               
1.168E+01 ###   25050       Mn50        0.0               
1.168E+01 ###   26053       Fe53        0.0               
1.169E+01 ###   26052       Fe52        0.0               
1.169E+01 ###   25051       Mn51        0.0               
1.169E+01 ###   25052       Mn52        0.0               
1.169E+01 ###   24049       Cr49        0.0               
1.170E+01 ###   27055       Co55        0.0               
1.170E+01 ###   23047       V47         0.0               
1.170E+01 ###   25053       Mn53        0.0               
1.170E+01 ###   24050       Cr50        0.0               
1.170E+01 ###   26055       Fe55        0.0               
1.171E+01 ###   25054       Mn54        0.0               
1.171E+01 ###   24051       Cr51        0.0               
1.171E+01 ###   27057       Co57        0.0               
1.171E+01 ###   23049       V49         0.0               
1.172E+01 ###   25055       Mn55        0.0               
1.172E+01 ###   24052       Cr52        0.0               
1.172E+01 ###   27056       Co56        0.0               
1.172E+01 ###   27058       Co58        0.0               
1.172E+01 ###   23050       V50         0.0               
1.173E+01 ###   25056       Mn56        0.0               
1.173E+01 ###   24053       Cr53        0.0               
1.173E+01 ###   27059       Co59        0.0               
1.173E+01 ###   23051       V51         0.0               
1.174E+01 ###   25057       Mn57        0.0               
1.174E+01 ###   24054       Cr54        0.0               
1.174E+01 ###   1           Nn1         0.0               
1.174E+01 ###   2004        He4         0.0               
1.175E+01 ###   1001        H1          0.0               
1.175E+01 ###   1002        H2          0.0               
1.175E+01 ###   2003        He3         0.0               
1.175E+01 ###   1003        H3          0.0               
1.175E+01 ###   1025052     Mn52-M      0.0               
1.176E+01 ###   22049       Ti49        0.0               
1.176E+01 ###   22047       Ti47        0.0               
1.176E+01 ###   22050       Ti50        0.0               
1.176E+01 ###   #############################################################################
1.177E+01 ###   Prep sim4
1.280E+01 ###   
1.281E+01 ###   #############################################
1.281E+01 ###   Starting Tally
1.281E+01 ###   #############################################
1.281E+01 ###   
1.281E+01 ###   26054       Fe54        1.630585560412975e+20
1.282E+01 ###   26056       Fe56        2.468222518377967e+21
1.282E+01 ###   26057       Fe57        5.600277953618698e+19
1.282E+01 ###   26058       Fe58        7.334611933451605e+18
1.282E+01 ###   27053       Co53        0.0               
1.282E+01 ###   25050       Mn50        0.0               
1.282E+01 ###   26053       Fe53        0.0               
1.283E+01 ###   26052       Fe52        0.0               
1.283E+01 ###   25051       Mn51        0.0               
1.283E+01 ###   25052       Mn52        0.0               
1.283E+01 ###   24049       Cr49        0.0               
1.283E+01 ###   27055       Co55        0.0               
1.283E+01 ###   23047       V47         0.0               
1.284E+01 ###   25053       Mn53        0.0               
1.284E+01 ###   24050       Cr50        0.0               
1.284E+01 ###   26055       Fe55        0.0               
1.284E+01 ###   25054       Mn54        0.0               
1.284E+01 ###   24051       Cr51        0.0               
1.285E+01 ###   27057       Co57        0.0               
1.285E+01 ###   23049       V49         0.0               
1.285E+01 ###   25055       Mn55        0.0               
1.285E+01 ###   24052       Cr52        0.0               
1.285E+01 ###   27056       Co56        0.0               
1.285E+01 ###   27058       Co58        0.0               
1.286E+01 ###   23050       V50         0.0               
1.286E+01 ###   25056       Mn56        0.0               
1.286E+01 ###   24053       Cr53        0.0               
1.286E+01 ###   27059       Co59        0.0               
1.286E+01 ###   23051       V51         0.0               
1.286E+01 ###   25057       Mn57        0.0               
1.287E+01 ###   24054       Cr54        0.0               
1.287E+01 ###   1           Nn1         0.0               
1.287E+01 ###   2004        He4         0.0               
1.287E+01 ###   1001        H1          0.0               
1.287E+01 ###   1002        H2          0.0               
1.287E+01 ###   2003        He3         0.0               
1.288E+01 ###   1003        H3          0.0               
1.288E+01 ###   1025052     Mn52-M      0.0               
1.288E+01 ###   22049       Ti49        0.0               
1.288E+01 ###   22047       Ti47        0.0               
1.288E+01 ###   22050       Ti50        0.0               
1.289E+01 ###   #############################################################################
1.289E+01 ###   Prep sim5
1.395E+01 ###   
1.395E+01 ###   #############################################
1.395E+01 ###   Starting Tally
1.396E+01 ###   #############################################
1.396E+01 ###   
1.396E+01 ###   26054       Fe54        1.630585560412975e+20
1.396E+01 ###   26056       Fe56        2.468222518377967e+21
1.397E+01 ###   26057       Fe57        5.600277953618698e+19
1.397E+01 ###   26058       Fe58        7.334611933451605e+18
1.397E+01 ###   27053       Co53        0.0               
1.397E+01 ###   25050       Mn50        0.0               
1.397E+01 ###   26053       Fe53        0.0               
1.398E+01 ###   26052       Fe52        0.0               
1.398E+01 ###   25051       Mn51        0.0               
1.398E+01 ###   25052       Mn52        0.0               
1.398E+01 ###   24049       Cr49        0.0               
1.398E+01 ###   27055       Co55        0.0               
1.398E+01 ###   23047       V47         0.0               
1.399E+01 ###   25053       Mn53        0.0               
1.399E+01 ###   24050       Cr50        0.0               
1.399E+01 ###   26055       Fe55        0.0               
1.399E+01 ###   25054       Mn54        0.0               
1.399E+01 ###   24051       Cr51        0.0               
1.399E+01 ###   27057       Co57        0.0               
1.400E+01 ###   23049       V49         0.0               
1.400E+01 ###   25055       Mn55        0.0               
1.400E+01 ###   24052       Cr52        0.0               
1.400E+01 ###   27056       Co56        0.0               
1.400E+01 ###   27058       Co58        0.0               
1.400E+01 ###   23050       V50         0.0               
1.401E+01 ###   25056       Mn56        0.0               
1.401E+01 ###   24053       Cr53        0.0               
1.401E+01 ###   27059       Co59        0.0               
1.401E+01 ###   23051       V51         0.0               
1.401E+01 ###   25057       Mn57        0.0               
1.402E+01 ###   24054       Cr54        0.0               
1.402E+01 ###   1           Nn1         0.0               
1.402E+01 ###   2004        He4         0.0               
1.402E+01 ###   1001        H1          0.0               
1.402E+01 ###   1002        H2          0.0               
1.402E+01 ###   2003        He3         0.0               
1.403E+01 ###   1003        H3          0.0               
1.403E+01 ###   1025052     Mn52-M      0.0               
1.403E+01 ###   22049       Ti49        0.0               
1.403E+01 ###   22047       Ti47        0.0               
1.403E+01 ###   22050       Ti50        0.0               
1.403E+01 ###   #############################################################################
1.404E+01 ###   Run sim1
1.404E+01 ###   
1.404E+01 ###   #############################################
1.405E+01 ###   Plot Ion Energy Lost
1.405E+01 ###   #############################################
1.405E+01 ###   
2.575E+01 ###   
2.576E+01 ###   #############################################
2.576E+01 ###   Number Density
2.576E+01 ###   #############################################
2.576E+01 ###   
2.576E+01 ###   Fe54         5.095579876290546e+27
2.576E+01 ###   Fe56         7.713195369931147e+28
2.577E+01 ###   Fe57         1.750086860505843e+27
2.577E+01 ###   Fe58         2.2920662292036265e+26
2.577E+01 ###   
2.577E+01 ###   #############################################
2.577E+01 ###   Calculate residual reaction rates
2.577E+01 ###   #############################################
2.578E+01 ###   
2.743E+01 ###   Fe54       --> Mn51         1.90996337865e-06   
2.848E+01 ###   Fe54       --> Co55         752234.657092       
2.881E+01 ###   Fe54       --> Fe54         231796775.429       
3.184E+01 ###   Fe56       --> Mn53         54277.4477935       
3.290E+01 ###   Fe56       --> Co57         60332353.5041       
3.324E+01 ###   Fe56       --> Fe56         7229070819.91       
3.693E+01 ###   Fe57       --> Mn54         35921.2767991       
3.800E+01 ###   Fe57       --> Co58         976091.901051       
3.835E+01 ###   Fe57       --> Fe57         130195542.453       
4.194E+01 ###   Fe58       --> Mn55         8527.95517217       
4.316E+01 ###   Fe58       --> Co59         227597.848068       
4.351E+01 ###   Fe58       --> Fe58         5723063.52307       
4.436E+01 ###   
4.436E+01 ###   
4.437E+01 ###   #############################################
4.437E+01 ###   Calculate emitted reaction rates
4.437E+01 ###   #############################################
4.437E+01 ###   
4.543E+01 ###   Fe54       --> He4          1.90996337865e-06   
4.606E+01 ###   Fe54       --> H1           231796775.429       
4.818E+01 ###   Fe56       --> He4          54277.4477935       
4.878E+01 ###   Fe56       --> H1           7229070819.91       
5.196E+01 ###   Fe57       --> He4          35921.2767991       
5.268E+01 ###   Fe57       --> H1           130195542.453       
5.530E+01 ###   Fe58       --> He4          8527.95517217       
5.591E+01 ###   Fe58       --> H1           5723063.52307       
5.658E+01 ###   
5.658E+01 ###   
5.658E+01 ###   #############################################
5.658E+01 ###   Saturation Times
5.658E+01 ###   #############################################
5.659E+01 ###   
5.659E+01 ###   Time where saturation is 95%
5.659E+01 ###   Mn51        11980.384679      
5.660E+01 ###   Co55        272748.238212     
5.660E+01 ###   Mn53        5.01914153515e+14 
5.660E+01 ###   Mn54        116576230.889     
5.660E+01 ###   Co57        101493998.416     
5.660E+01 ###   Co58        26456423.5172     
5.660E+01 ###   
6.647E+01 ###   
6.647E+01 ###   Gamma Dose - Beam End
6.647E+01 ###   Activity/Bq                    26293640.7639
6.648E+01 ###   Power eV/s                     4.61047680056e+15
6.648E+01 ###   Power J/s                      0.000738681372031
6.648E+01 ###   Dose Gy/s                      7.34567792394e-07
6.648E+01 ###   Dose Gy/hr                     0.00264444405262
6.648E+01 ###   Percentage of annual dose/hr   2318.1197242
6.649E+01 ###   
6.649E+01 ###   
6.649E+01 ###   Gamma Dose - Sim End
6.649E+01 ###   Activity/Bq                    25051346.632
6.649E+01 ###   Power eV/s                     3.59552648006e+15
6.649E+01 ###   Power J/s                      0.000576068061583
6.650E+01 ###   Dose Gy/s                      5.72860045329e-07
6.650E+01 ###   Dose Gy/hr                     0.00206229616318
6.650E+01 ###   Percentage of annual dose/hr   1807.80886943
6.650E+01 ###   
6.650E+01 ###   Run sim2
6.651E+01 ###   
6.651E+01 ###   #############################################
6.651E+01 ###   Plot Ion Energy Lost
6.651E+01 ###   #############################################
6.651E+01 ###   
8.207E+01 ###   
8.207E+01 ###   #############################################
8.208E+01 ###   Number Density
8.208E+01 ###   #############################################
8.208E+01 ###   
8.208E+01 ###   Fe54         5.095579876290546e+27
8.208E+01 ###   Fe56         7.713195369931147e+28
8.209E+01 ###   Fe57         1.750086860505843e+27
8.209E+01 ###   Fe58         2.2920662292036265e+26
8.209E+01 ###   
8.209E+01 ###   #############################################
8.209E+01 ###   Calculate residual reaction rates
8.209E+01 ###   #############################################
8.210E+01 ###   
8.466E+01 ###   Fe54       --> Mn51         13475568.7582       
8.653E+01 ###   Fe54       --> Co55         5996667.53957       
8.714E+01 ###   Fe54       --> Fe54         17019336256.0       
8.812E+01 ###   Fe54       --> Mn53         0.00871985602803    
8.859E+01 ###   Fe54       --> Cr50         2.66307283647e-07   
9.065E+01 ###   Fe56       --> Fe55         1.31090756043       
9.243E+01 ###   Fe56       --> Mn53         2868444279.33       
9.419E+01 ###   Fe56       --> Co57         293227765.413       
9.479E+01 ###   Fe56       --> Fe56         182758010525.0      
9.615E+01 ###   Fe56       --> Cr52         4.64656743601e-08   
9.827E+01 ###   Fe57       --> Mn53         0.000524772238614   
9.960E+01 ###   Fe57       --> Fe56         71359334.6797       
1.010E+02 ###   Fe57       --> Mn54         115845392.614       
1.028E+02 ###   Fe57       --> Co58         5669040.39131       
1.036E+02 ###   Fe57       --> Fe57         2175185381.58       
1.040E+02 ###   Fe57       --> V50          4.93069389631e-12   
1.051E+02 ###   Fe57       --> Cr53         8.76807945942e-10   
1.069E+02 ###   Fe58       --> Mn54         1.83450965058e-09   
1.081E+02 ###   Fe58       --> Fe57         454.341271439       
1.088E+02 ###   Fe58       --> Fe56         2.54113916651e-09   
1.098E+02 ###   Fe58       --> Mn55         8535244.67759       
1.118E+02 ###   Fe58       --> Co59         564298.369909       
1.124E+02 ###   Fe58       --> Fe58         128198680.872       
1.130E+02 ###   Fe58       --> V51          2.55971999241e-10   
1.140E+02 ###   Fe58       --> Cr54         4.0241265728e-10    
1.143E+02 ###   
1.143E+02 ###   
1.143E+02 ###   #############################################
1.143E+02 ###   Calculate emitted reaction rates
1.143E+02 ###   #############################################
1.143E+02 ###   
1.162E+02 ###   Fe54       --> He4          13475568.7582       
1.173E+02 ###   Fe54       --> H1           17019336256.0       
1.210E+02 ###   Fe56       --> He4          2868444279.33       
1.224E+02 ###   Fe56       --> H1           182758010525.0      
1.231E+02 ###   Fe56       --> H2           1.31090756043       
1.259E+02 ###   Fe57       --> Nn1          69194168.958        
1.268E+02 ###   Fe57       --> H2           2165165.72215       
1.280E+02 ###   Fe57       --> He4          115845392.614       
1.293E+02 ###   Fe57       --> H1           2244379550.54       
1.319E+02 ###   Fe58       --> Nn1          1.83450965058e-09   
1.327E+02 ###   Fe58       --> H2           454.341271439       
1.339E+02 ###   Fe58       --> He4          8535244.67759       
1.351E+02 ###   Fe58       --> H1           128198680.872       
1.358E+02 ###   Fe58       --> H3           2.54113916651e-09   
1.364E+02 ###   
1.364E+02 ###   
1.364E+02 ###   #############################################
1.364E+02 ###   Saturation Times
1.365E+02 ###   #############################################
1.365E+02 ###   
1.365E+02 ###   Time where saturation is 95%
1.366E+02 ###   Mn51        11980.384679      
1.366E+02 ###   Co55        272748.238212     
1.366E+02 ###   Mn53        5.01914153515e+14 
1.366E+02 ###   Cr50        2.45501506924e+25 
1.366E+02 ###   Fe55        374654548.569     
1.366E+02 ###   Mn54        116576230.889     
1.366E+02 ###   Co57        101493998.416     
1.366E+02 ###   Co58        26456423.5172     
1.366E+02 ###   V50         1.90941486654e+25 
1.366E+02 ###   Nn1         2656.25700712     
1.366E+02 ###   H3          1681683831.36     
1.366E+02 ###   
1.689E+02 ###   
1.689E+02 ###   Gamma Dose - Beam End
1.689E+02 ###   Activity/Bq                    221308225.696
1.689E+02 ###   Power eV/s                     4.64851593754e+16
1.690E+02 ###   Power J/s                      0.0074477592648
1.690E+02 ###   Dose Gy/s                      7.40628407399e-06
1.690E+02 ###   Dose Gy/hr                     0.0266626226664
1.691E+02 ###   Percentage of annual dose/hr   23372.4557117
1.692E+02 ###   
1.694E+02 ###   
1.696E+02 ###   Gamma Dose - Sim End
1.699E+02 ###   Activity/Bq                    128334138.764
1.701E+02 ###   Power eV/s                     3.82509689001e+16
1.703E+02 ###   Power J/s                      0.00612849373524
1.703E+02 ###   Dose Gy/s                      6.09436528962e-06
1.704E+02 ###   Dose Gy/hr                     0.0219397150426
1.704E+02 ###   Percentage of annual dose/hr   19232.3547679
1.704E+02 ###   
1.705E+02 ###   Run sim3
1.705E+02 ###   
1.705E+02 ###   #############################################
1.705E+02 ###   Plot Ion Energy Lost
1.708E+02 ###   #############################################
1.708E+02 ###   
1.884E+02 ###   
1.885E+02 ###   #############################################
1.885E+02 ###   Number Density
1.885E+02 ###   #############################################
1.885E+02 ###   
1.885E+02 ###   Fe54         5.095579876290546e+27
1.885E+02 ###   Fe56         7.713195369931147e+28
1.885E+02 ###   Fe57         1.750086860505843e+27
1.885E+02 ###   Fe58         2.2920662292036265e+26
1.885E+02 ###   
1.885E+02 ###   #############################################
1.885E+02 ###   Calculate residual reaction rates
1.885E+02 ###   #############################################
1.885E+02 ###   
1.903E+02 ###   Fe54       --> Fe53         33997573.0965       
1.918E+02 ###   Fe54       --> Mn51         883947935.125       
1.926E+02 ###   Fe54       --> Mn52         6.07626994099e-09   
1.941E+02 ###   Fe54       --> Co55         22598096.8693       
1.950E+02 ###   Fe54       --> Fe54         55446015108.5       
1.958E+02 ###   Fe54       --> V47          3.97614751853e-09   
1.966E+02 ###   Fe54       --> Mn53         1109819183.49       
1.972E+02 ###   Fe54       --> Cr50         61859.0760173       
1.982E+02 ###   Fe56       --> Mn52         7.79892673388e-07   
1.994E+02 ###   Fe56       --> Fe55         31555079035.0       
2.003E+02 ###   Fe56       --> Fe54         96279.0058279       
2.018E+02 ###   Fe56       --> Mn53         37915385612.8       
2.031E+02 ###   Fe56       --> Mn54         0.000589133353606   
2.051E+02 ###   Fe56       --> Co57         868132503.465       
2.060E+02 ###   Fe56       --> Fe56         559933011403.0      
2.068E+02 ###   Fe56       --> V49          2.59324499126e-07   
2.074E+02 ###   Fe56       --> Mn55         76371145.2756       
2.079E+02 ###   Fe56       --> Cr52         11189257.0454       
2.091E+02 ###   Fe57       --> Co56         256110438.362       
2.105E+02 ###   Fe57       --> Mn53         1358562.03976       
2.120E+02 ###   Fe57       --> Fe56         6549263606.26       
2.128E+02 ###   Fe57       --> Fe55         121676.88086        
2.139E+02 ###   Fe57       --> Mn54         852571960.804       
2.148E+02 ###   Fe57       --> Mn55         51.579452412        
2.155E+02 ###   Fe57       --> Cr52         2.07416480076e-07   
2.165E+02 ###   Fe57       --> Co58         19442080.001        
2.175E+02 ###   Fe57       --> Fe57         5957719540.08       
2.182E+02 ###   Fe57       --> V50          3.50991383476e-08   
2.189E+02 ###   Fe57       --> Mn56         2573.42901831       
2.203E+02 ###   Fe57       --> Cr53         57465.3919176       
2.216E+02 ###   Fe58       --> Co57         371136904.981       
2.228E+02 ###   Fe58       --> Mn54         5326.41173757       
2.247E+02 ###   Fe58       --> Fe57         86300348.7171       
2.255E+02 ###   Fe58       --> Fe56         49258.5273728       
2.266E+02 ###   Fe58       --> Mn55         71333274.1629       
2.275E+02 ###   Fe58       --> Mn56         7.17504452738e-09   
2.291E+02 ###   Fe58       --> Co59         2068958.7913        
2.302E+02 ###   Fe58       --> Fe58         492855399.621       
2.313E+02 ###   Fe58       --> V51          1.78186841234e-05   
2.320E+02 ###   Fe58       --> Mn57         0.322704203001      
2.327E+02 ###   Fe58       --> Cr54         5601.65713731       
2.327E+02 ###   
2.327E+02 ###   
2.327E+02 ###   #############################################
2.327E+02 ###   Calculate emitted reaction rates
2.327E+02 ###   #############################################
2.327E+02 ###   
2.337E+02 ###   Fe54       --> Nn1          31888278.6549       
2.349E+02 ###   Fe54       --> He4          884009794.201       
2.365E+02 ###   Fe54       --> H1           57697603613.3       
2.374E+02 ###   Fe54       --> H2           2109294.44157       
2.381E+02 ###   Fe54       --> He3          6.07626994099e-09   
2.400E+02 ###   Fe56       --> Nn1          30826632374.0       
2.414E+02 ###   Fe56       --> He4          37926574869.9       
2.429E+02 ###   Fe56       --> H1           590923575324.0      
2.437E+02 ###   Fe56       --> H2           728446661.018       
2.445E+02 ###   Fe56       --> H3           96279.0058279       
2.454E+02 ###   Fe56       --> He3          0.000589133353606   
2.472E+02 ###   Fe57       --> Nn1          6956815240.12       
2.482E+02 ###   Fe57       --> H2           106027804.903       
2.498E+02 ###   Fe57       --> He4          853987988.236       
2.514E+02 ###   Fe57       --> H1           12401017953.7       
2.523E+02 ###   Fe57       --> H3           121676.88086        
2.530E+02 ###   Fe57       --> He3          51.579452412        
2.546E+02 ###   Fe58       --> Nn1          825167199.948       
2.556E+02 ###   Fe58       --> H2           3412285.14325       
2.572E+02 ###   Fe58       --> He4          71344202.2318       
2.587E+02 ###   Fe58       --> H1           575749065.497       
2.595E+02 ###   Fe58       --> H3           49258.5273728       
2.603E+02 ###   Fe58       --> He3          7.17504452738e-09   
2.606E+02 ###   
2.609E+02 ###   
2.611E+02 ###   #############################################
2.613E+02 ###   Saturation Times
2.616E+02 ###   #############################################
2.618E+02 ###   
2.620E+02 ###   Time where saturation is 95%
2.625E+02 ###   Fe53        2206.77648525     
2.627E+02 ###   Mn51        11980.384679      
2.627E+02 ###   Mn52        2089254.61649     
2.627E+02 ###   Co55        272748.238212     
2.627E+02 ###   V47         8453.6913536      
2.627E+02 ###   Mn53        5.01914153515e+14 
2.627E+02 ###   Cr50        2.45501506924e+25 
2.627E+02 ###   Fe55        374654548.569     
2.627E+02 ###   Mn54        116576230.889     
2.627E+02 ###   Co57        101493998.416     
2.627E+02 ###   V49         123226813.841     
2.627E+02 ###   Co56        28841047.3435     
2.627E+02 ###   Co58        26456423.5172     
2.627E+02 ###   V50         1.90941486654e+25 
2.627E+02 ###   Mn56        40123.094881      
2.627E+02 ###   Mn57        369.092659303     
2.627E+02 ###   Nn1         2656.25700712     
2.627E+02 ###   H3          1681683831.36     
2.627E+02 ###   
3.142E+02 ###   
3.143E+02 ###   Gamma Dose - Beam End
3.143E+02 ###   Activity/Bq                    44512008466.0
3.143E+02 ###   Power eV/s                     9.89242656114e+17
3.143E+02 ###   Power J/s                      0.158494479877
3.144E+02 ###   Dose Gy/s                      0.000157611853498
3.144E+02 ###   Dose Gy/hr                     0.567402672592
3.144E+02 ###   Percentage of annual dose/hr   497385.197315
3.144E+02 ###   
3.144E+02 ###   
3.144E+02 ###   Gamma Dose - Sim End
3.144E+02 ###   Activity/Bq                    4753636627.17
3.144E+02 ###   Power eV/s                     9.01512605259e+17
3.144E+02 ###   Power J/s                      0.144438546589
3.144E+02 ###   Dose Gy/s                      0.000143634195097
3.144E+02 ###   Dose Gy/hr                     0.517083102349
3.144E+02 ###   Percentage of annual dose/hr   453275.060752
3.144E+02 ###   
3.144E+02 ###   Run sim4
3.144E+02 ###   
3.144E+02 ###   #############################################
3.145E+02 ###   Plot Ion Energy Lost
3.145E+02 ###   #############################################
3.145E+02 ###   
3.297E+02 ###   
3.300E+02 ###   #############################################
3.300E+02 ###   Number Density
3.301E+02 ###   #############################################
3.301E+02 ###   
3.302E+02 ###   Fe54         5.095579876290546e+27
3.302E+02 ###   Fe56         7.713195369931147e+28
3.302E+02 ###   Fe57         1.750086860505843e+27
3.302E+02 ###   Fe58         2.2920662292036265e+26
3.304E+02 ###   
3.306E+02 ###   #############################################
3.308E+02 ###   Calculate residual reaction rates
3.308E+02 ###   #############################################
3.308E+02 ###   
3.316E+02 ###   Fe54       --> Mn50         0.00188882572326    
3.323E+02 ###   Fe54       --> Fe53         6894156720.15       
3.327E+02 ###   Fe54       --> Fe52         73583.3261791       
3.333E+02 ###   Fe54       --> Mn51         2810735396.69       
3.339E+02 ###   Fe54       --> Mn52         42452.2018926       
3.344E+02 ###   Fe54       --> Cr49         2.06041347943e-07   
3.352E+02 ###   Fe54       --> Co55         50160002.6177       
3.359E+02 ###   Fe54       --> Fe54         49519370152.3       
3.365E+02 ###   Fe54       --> V47          0.00290141939214    
3.370E+02 ###   Fe54       --> Mn53         26203926631.0       
3.376E+02 ###   Fe54       --> Cr50         323126484.255       
3.379E+02 ###   Fe56       --> Co55         33069691220.8       
3.383E+02 ###   Fe56       --> Mn52         63197170.1848       
3.392E+02 ###   Fe56       --> Fe55         487059976368.0      
3.398E+02 ###   Fe56       --> Fe54         58978832.0477       
3.408E+02 ###   Fe56       --> Mn53         87658261329.3       
3.415E+02 ###   Fe56       --> Mn54         1228832.45917       
3.420E+02 ###   Fe56       --> Cr51         0.000339948521272   
3.427E+02 ###   Fe56       --> Co57         1445483213.41       
3.433E+02 ###   Fe56       --> Fe56         574961944726.0      
3.439E+02 ###   Fe56       --> V49          114.594154211       
3.445E+02 ###   Fe56       --> Mn55         10311884905.6       
3.451E+02 ###   Fe56       --> Cr52         9581600799.5        
3.461E+02 ###   Fe57       --> Co56         4323368097.84       
3.469E+02 ###   Fe57       --> Mn53         501934896.786       
3.475E+02 ###   Fe57       --> Mn52         7.88696758675e-10   
3.484E+02 ###   Fe57       --> Fe56         19035821884.7       
3.491E+02 ###   Fe57       --> Fe55         5065659.26349       
3.498E+02 ###   Fe57       --> Mn54         1403980835.38       
3.505E+02 ###   Fe57       --> Mn55         196507.500458       
3.511E+02 ###   Fe57       --> Cr52         14.7769617805       
3.517E+02 ###   Fe57       --> Co58         29567163.9279       
3.524E+02 ###   Fe57       --> Fe57         5232103429.54       
3.529E+02 ###   Fe57       --> V50          94.095214795        
3.534E+02 ###   Fe57       --> Mn56         28756682.4144       
3.540E+02 ###   Fe57       --> Cr53         13056049.4323       
3.548E+02 ###   Fe58       --> Co57         1975848045.55       
3.557E+02 ###   Fe58       --> Mn54         26522511.1074       
3.562E+02 ###   Fe58       --> Mn53         0.0108387635769     
3.569E+02 ###   Fe58       --> Fe57         671109180.784       
3.575E+02 ###   Fe58       --> Fe56         1224813.92071       
3.580E+02 ###   Fe58       --> Mn55         132053385.385       
3.586E+02 ###   Fe58       --> Mn56         1192.12857376       
3.592E+02 ###   Fe58       --> Cr53         0.000872242014683   
3.599E+02 ###   Fe58       --> Co59         3475449.00401       
3.606E+02 ###   Fe58       --> Fe58         703182002.704       
3.612E+02 ###   Fe58       --> V51          177.509499674       
3.618E+02 ###   Fe58       --> Mn57         91620.4836118       
3.624E+02 ###   Fe58       --> Cr54         1643784.02993       
3.626E+02 ###   
3.626E+02 ###   
3.626E+02 ###   #############################################
3.626E+02 ###   Calculate emitted reaction rates
3.626E+02 ###   #############################################
3.626E+02 ###   
3.633E+02 ###   Fe54       --> Nn1          6682529159.14       
3.643E+02 ###   Fe54       --> He4          3133861880.95       
3.657E+02 ###   Fe54       --> H1           108932879188.0      
3.664E+02 ###   Fe54       --> H2           211627691.52        
3.670E+02 ###   Fe54       --> He3          42321.694813        
3.673E+02 ###   Fe54       --> H3           73583.3261791       
3.683E+02 ###   Fe56       --> Nn1          541599565117.0      
3.695E+02 ###   Fe56       --> He4          97303059528.2       
3.708E+02 ###   Fe56       --> H1           1.08056430059e+12   
3.716E+02 ###   Fe56       --> H2           11662991373.1       
3.722E+02 ###   Fe56       --> H3           58978576.8994       
3.727E+02 ###   Fe56       --> He3          1228832.45915       
3.742E+02 ###   Fe57       --> Nn1          27618391952.7       
3.751E+02 ###   Fe57       --> H2           566397065.246       
3.767E+02 ###   Fe57       --> He4          1918971984.57       
3.782E+02 ###   Fe57       --> H1           23772248929.7       
3.788E+02 ###   Fe57       --> H3           4918725.86378       
3.794E+02 ###   Fe57       --> He3          194348.353069       
3.808E+02 ###   Fe58       --> Nn1          4611967104.34       
3.814E+02 ###   Fe58       --> H2           38264439.4264       
3.828E+02 ###   Fe58       --> He4          160220035.553       
3.841E+02 ###   Fe58       --> H1           1338305649.44       
3.846E+02 ###   Fe58       --> H3           772933.543369       
3.851E+02 ###   Fe58       --> He3          1192.12857376       
3.853E+02 ###   
3.856E+02 ###   
3.858E+02 ###   #############################################
3.861E+02 ###   Saturation Times
3.863E+02 ###   #############################################
3.865E+02 ###   
3.868E+02 ###   Time where saturation is 95%
3.873E+02 ###   Mn50        1.22392681719     
3.873E+02 ###   Fe53        2206.77648525     
3.873E+02 ###   Fe52        128719.120064     
3.873E+02 ###   Mn51        11980.384679      
3.873E+02 ###   Mn52        2089254.61649     
3.873E+02 ###   Cr49        10865.3272305     
3.873E+02 ###   Co55        272748.238212     
3.873E+02 ###   V47         8453.6913536      
3.873E+02 ###   Mn53        5.01914153515e+14 
3.873E+02 ###   Cr50        2.45501506924e+25 
3.873E+02 ###   Fe55        374654548.569     
3.875E+02 ###   Mn54        116576230.889     
3.877E+02 ###   Cr51        10345096.7458     
3.877E+02 ###   Co57        101493998.416     
3.877E+02 ###   V49         123226813.841     
3.877E+02 ###   Co56        28841047.3435     
3.877E+02 ###   Co58        26456423.5172     
3.877E+02 ###   V50         1.90941486654e+25 
3.877E+02 ###   Mn56        40123.094881      
3.877E+02 ###   Mn57        369.092659303     
3.877E+02 ###   Nn1         2656.25700712     
3.877E+02 ###   H3          1681683831.36     
3.877E+02 ###   
4.317E+02 ###   
4.317E+02 ###   Gamma Dose - Beam End
4.317E+02 ###   Activity/Bq                    740079380434.0
4.317E+02 ###   Power eV/s                     5.6866171288e+19
4.317E+02 ###   Power J/s                      9.11098423142
4.317E+02 ###   Dose Gy/s                      0.00906024684907
4.317E+02 ###   Dose Gy/hr                     32.6168886566
4.317E+02 ###   Percentage of annual dose/hr   28591965.4312
4.317E+02 ###   
4.317E+02 ###   
4.317E+02 ###   Gamma Dose - Sim End
4.317E+02 ###   Activity/Bq                    115480637342.0
4.317E+02 ###   Power eV/s                     1.4203636165e+19
4.317E+02 ###   Power J/s                      2.27567817908
4.317E+02 ###   Dose Gy/s                      0.00226300534913
4.317E+02 ###   Dose Gy/hr                     8.14681925686
4.317E+02 ###   Percentage of annual dose/hr   7141501.96906
4.317E+02 ###   
4.317E+02 ###   Run sim5
4.318E+02 ###   
4.318E+02 ###   #############################################
4.318E+02 ###   Plot Ion Energy Lost
4.318E+02 ###   #############################################
4.318E+02 ###   
4.437E+02 ###   
4.439E+02 ###   #############################################
4.441E+02 ###   Number Density
4.441E+02 ###   #############################################
4.441E+02 ###   
4.441E+02 ###   Fe54         5.095579876290546e+27
4.441E+02 ###   Fe56         7.713195369931147e+28
4.441E+02 ###   Fe57         1.750086860505843e+27
4.441E+02 ###   Fe58         2.2920662292036265e+26
4.442E+02 ###   
4.442E+02 ###   #############################################
4.442E+02 ###   Calculate residual reaction rates
4.442E+02 ###   #############################################
4.442E+02 ###   
4.444E+02 ###   Fe54       --> Co53         5732512.56505       
4.447E+02 ###   Fe54       --> Mn50         2569209.0975        
4.452E+02 ###   Fe54       --> Fe53         23787854669.1       
4.455E+02 ###   Fe54       --> Fe52         3288982.74878       
4.460E+02 ###   Fe54       --> Mn51         1405721255.05       
4.464E+02 ###   Fe54       --> Mn52         40216858.0174       
4.467E+02 ###   Fe54       --> Cr49         0.212783397915      
4.471E+02 ###   Fe54       --> Co55         38335847.8807       
4.475E+02 ###   Fe54       --> Fe54         17711464198.1       
4.477E+02 ###   Fe54       --> V47          41823.095549        
4.481E+02 ###   Fe54       --> Mn53         50442855482.8       
4.484E+02 ###   Fe54       --> Cr50         2890268306.17       
4.487E+02 ###   Fe56       --> Co55         103455708578.0      
4.490E+02 ###   Fe56       --> Mn52         15904521515.0       
4.492E+02 ###   Fe56       --> Mn51         7.32520036027e-06   
4.497E+02 ###   Fe56       --> Fe55         963063092303.0      
4.502E+02 ###   Fe56       --> Fe54         4455324966.32       
4.509E+02 ###   Fe56       --> Mn53         36460215013.1       
4.513E+02 ###   Fe56       --> Mn54         628574338.82        
4.516E+02 ###   Fe56       --> Cr51         10300.8959176       
4.520E+02 ###   Fe56       --> Co57         1059697996.75       
4.524E+02 ###   Fe56       --> Fe56         257389231562.0      
4.527E+02 ###   Fe56       --> V49          9879233.07225       
4.530E+02 ###   Fe56       --> Mn55         55070851958.6       
4.534E+02 ###   Fe56       --> Cr52         44433058402.9       
4.536E+02 ###   Fe57       --> Fe54         428054.460621       
4.539E+02 ###   Fe57       --> Co56         6184864055.16       
4.541E+02 ###   Fe57       --> Co55         7826722.34917       
4.545E+02 ###   Fe57       --> Mn53         2017047271.77       
4.548E+02 ###   Fe57       --> Mn52         359.936845753       
4.553E+02 ###   Fe57       --> Fe56         21288021944.8       
4.559E+02 ###   Fe57       --> Fe55         793617914.738       
4.564E+02 ###   Fe57       --> Mn54         532753495.773       
4.569E+02 ###   Fe57       --> Mn55         39734672.2741       
4.573E+02 ###   Fe57       --> Cr52         2954664.04317       
4.577E+02 ###   Fe57       --> Co58         18756722.6714       
4.581E+02 ###   Fe57       --> Fe57         3587908100.13       
4.584E+02 ###   Fe57       --> V50          471859.350863       
4.587E+02 ###   Fe57       --> Mn56         350683602.763       
4.590E+02 ###   Fe57       --> Cr53         126984624.78        
4.593E+02 ###   Fe58       --> Fe55         37216.7073447       
4.596E+02 ###   Fe58       --> Co57         2060159281.25       
4.599E+02 ###   Fe58       --> Co56         4518946.79115       
4.602E+02 ###   Fe58       --> Mn54         179001612.356       
4.605E+02 ###   Fe58       --> Mn53         54051.8318786       
4.610E+02 ###   Fe58       --> Fe57         1353260437.31       
4.616E+02 ###   Fe58       --> Fe56         293404781.078       
4.621E+02 ###   Fe58       --> Mn55         55182395.0892       
4.626E+02 ###   Fe58       --> Mn56         1095022.93061       
4.629E+02 ###   Fe58       --> Cr53         1091.87368399       
4.633E+02 ###   Fe58       --> Co59         2377240.52726       
4.637E+02 ###   Fe58       --> Fe58         594150430.322       
4.640E+02 ###   Fe58       --> V51          114301.70578        
4.643E+02 ###   Fe58       --> Mn57         3843980.32528       
4.647E+02 ###   Fe58       --> Cr54         5159593.43724       
4.647E+02 ###   
4.647E+02 ###   
4.647E+02 ###   #############################################
4.647E+02 ###   Calculate emitted reaction rates
4.647E+02 ###   #############################################
4.647E+02 ###   
4.653E+02 ###   Fe54       --> Nn1          22590832984.8       
4.661E+02 ###   Fe54       --> He4          4298642416.3        
4.672E+02 ###   Fe54       --> H1           144077605480.0      
4.677E+02 ###   Fe54       --> H2           1224714848.01       
4.680E+02 ###   Fe54       --> He3          26755042.3422       
4.683E+02 ###   Fe54       --> H3           3190426.35093       
4.693E+02 ###   Fe56       --> Nn1          1.15923592614e+12   
4.702E+02 ###   Fe56       --> He4          96817319609.7       
4.714E+02 ###   Fe56       --> H1           1.344503694e+12     
4.720E+02 ###   Fe56       --> H2           34827323349.9       
4.723E+02 ###   Fe56       --> H3           433989170.007       
4.727E+02 ###   Fe56       --> He3          487525893.951       
4.742E+02 ###   Fe57       --> Nn1          36122016729.1       
4.748E+02 ###   Fe57       --> H2           1122285552.4        
4.760E+02 ###   Fe57       --> He4          2680656103.49       
4.774E+02 ###   Fe57       --> H1           25386312000.1       
4.778E+02 ###   Fe57       --> H3           32757428.5011       
4.782E+02 ###   Fe57       --> He3          19726467.5141       
4.797E+02 ###   Fe58       --> Nn1          6130544761.51       
4.803E+02 ###   Fe58       --> H2           114750464.409       
4.815E+02 ###   Fe58       --> He4          239625822.254       
4.827E+02 ###   Fe58       --> H1           2135020545.19       
4.831E+02 ###   Fe58       --> H3           3939272.8573        
4.835E+02 ###   Fe58       --> He3          1092163.13641       
4.835E+02 ###   
4.835E+02 ###   
4.835E+02 ###   #############################################
4.835E+02 ###   Saturation Times
4.835E+02 ###   #############################################
4.835E+02 ###   
4.835E+02 ###   Time where saturation is 95%
4.835E+02 ###   Co53        1.03726274277     
4.835E+02 ###   Mn50        1.22392681719     
4.835E+02 ###   Fe53        2206.77648525     
4.835E+02 ###   Fe52        128719.120064     
4.835E+02 ###   Mn51        11980.384679      
4.835E+02 ###   Mn52        2089254.61649     
4.835E+02 ###   Cr49        10865.3272305     
4.835E+02 ###   Co55        272748.238212     
4.835E+02 ###   V47         8453.6913536      
4.835E+02 ###   Mn53        5.01914153515e+14 
4.835E+02 ###   Cr50        2.45501506924e+25 
4.835E+02 ###   Fe55        374654548.569     
4.835E+02 ###   Mn54        116576230.889     
4.836E+02 ###   Cr51        10345096.7458     
4.836E+02 ###   Co57        101493998.416     
4.836E+02 ###   V49         123226813.841     
4.836E+02 ###   Co56        28841047.3435     
4.836E+02 ###   Co58        26456423.5172     
4.836E+02 ###   V50         1.90941486654e+25 
4.836E+02 ###   Mn56        40123.094881      
4.836E+02 ###   Mn57        369.092659303     
4.836E+02 ###   Nn1         2656.25700712     
4.836E+02 ###   H3          1681683831.36     
4.836E+02 ###   
5.079E+02 ###   
5.079E+02 ###   Gamma Dose - Beam End
5.079E+02 ###   Activity/Bq                    1.63198873696e+12
5.079E+02 ###   Power eV/s                     2.02972530876e+20
5.079E+02 ###   Power J/s                      32.5198529519
5.079E+02 ###   Dose Gy/s                      0.0323387559188
5.079E+02 ###   Dose Gy/hr                     116.419521308
5.079E+02 ###   Percentage of annual dose/hr   102053355.358
5.079E+02 ###   
5.079E+02 ###   
5.079E+02 ###   Gamma Dose - Sim End
5.079E+02 ###   Activity/Bq                    267946819375.0
5.079E+02 ###   Power eV/s                     4.14497140562e+19
5.079E+02 ###   Power J/s                      6.64099028666
5.079E+02 ###   Dose Gy/s                      0.00660400784274
5.079E+02 ###   Dose Gy/hr                     23.7744282339
5.079E+02 ###   Percentage of annual dose/hr   20840664.3983
5.079E+02 ###   
