9.521E-03 ###   Start
4.510E-01 ###   Loading isotope tendl xs
5.015E+00 ###   Load complete
5.017E+00 ###   Load EXYZ.txt
5.218E+00 ###   Run Simulation
5.223E+00 ###   Prep sim1
6.241E+00 ###   
6.256E+00 ###   #############################################
6.271E+00 ###   Starting Tally
6.286E+00 ###   #############################################
6.301E+00 ###   
6.315E+00 ###   26054       Fe54        1.630585560412975e+20
6.330E+00 ###   26056       Fe56        2.468222518377967e+21
6.345E+00 ###   26057       Fe57        5.600277953618698e+19
6.360E+00 ###   26058       Fe58        7.334611933451605e+18
6.375E+00 ###   27053       Co53        0.0               
6.389E+00 ###   25050       Mn50        0.0               
6.404E+00 ###   26053       Fe53        0.0               
6.419E+00 ###   26052       Fe52        0.0               
6.434E+00 ###   25051       Mn51        0.0               
6.448E+00 ###   25052       Mn52        0.0               
6.461E+00 ###   24049       Cr49        0.0               
6.475E+00 ###   27055       Co55        0.0               
6.489E+00 ###   23047       V47         0.0               
6.503E+00 ###   25053       Mn53        0.0               
6.519E+00 ###   24050       Cr50        0.0               
6.534E+00 ###   26055       Fe55        0.0               
6.549E+00 ###   25054       Mn54        0.0               
6.564E+00 ###   24051       Cr51        0.0               
6.580E+00 ###   27057       Co57        0.0               
6.595E+00 ###   23049       V49         0.0               
6.610E+00 ###   25055       Mn55        0.0               
6.625E+00 ###   24052       Cr52        0.0               
6.641E+00 ###   27056       Co56        0.0               
6.656E+00 ###   27058       Co58        0.0               
6.671E+00 ###   23050       V50         0.0               
6.686E+00 ###   25056       Mn56        0.0               
6.715E+00 ###   24053       Cr53        0.0               
6.766E+00 ###   27059       Co59        0.0               
6.785E+00 ###   23051       V51         0.0               
6.808E+00 ###   25057       Mn57        0.0               
6.826E+00 ###   24054       Cr54        0.0               
6.845E+00 ###   1           Nn1         0.0               
6.863E+00 ###   2004        He4         0.0               
6.881E+00 ###   1001        H1          0.0               
6.898E+00 ###   1002        H2          0.0               
6.917E+00 ###   2003        He3         0.0               
6.933E+00 ###   1003        H3          0.0               
6.948E+00 ###   1025052     Mn52-M      0.0               
6.964E+00 ###   22049       Ti49        0.0               
6.979E+00 ###   22047       Ti47        0.0               
6.994E+00 ###   22050       Ti50        0.0               
7.010E+00 ###   #############################################################################
7.046E+00 ###   Run sim1
7.060E+00 ###   
7.073E+00 ###   #############################################
7.085E+00 ###   Plot Ion Energy Lost
7.096E+00 ###   #############################################
7.108E+00 ###   
1.108E+01 ###   
1.108E+01 ###   #############################################
1.109E+01 ###   Number Density
1.109E+01 ###   #############################################
1.110E+01 ###   
1.110E+01 ###   Fe54         5.095579876290546e+27
1.111E+01 ###   Fe56         7.713195369931147e+28
1.111E+01 ###   Fe57         1.750086860505843e+27
1.111E+01 ###   Fe58         2.2920662292036265e+26
1.112E+01 ###   
1.112E+01 ###   #############################################
1.113E+01 ###   Calculate residual reaction rates
1.113E+01 ###   #############################################
1.114E+01 ###   
1.117E+01 ###   Fe54       --> Co53         307283.956904       
1.120E+01 ###   Fe54       --> Mn50         413574.876348       
1.125E+01 ###   Fe54       --> Fe53         236075945.829       
1.129E+01 ###   Fe54       --> Fe52         131778.988756       
1.133E+01 ###   Fe54       --> Mn51         3915365.42731       
1.138E+01 ###   Fe54       --> Mn52         4550309.60658       
1.142E+01 ###   Fe54       --> Cr49         22.5007021259       
1.146E+01 ###   Fe54       --> Co55         207974.632938       
1.150E+01 ###   Fe54       --> Fe54         114453151.897       
1.153E+01 ###   Fe54       --> V47          12118.304033        
1.156E+01 ###   Fe54       --> Mn53         403877118.991       
1.160E+01 ###   Fe54       --> Cr50         37369410.8242       
1.165E+01 ###   Fe56       --> Co55         845335432.044       
1.186E+01 ###   Fe56       --> Mn52         329450373.437       
1.204E+01 ###   Fe56       --> Mn51         2.53001350218       
1.209E+01 ###   Fe56       --> Fe55         8050196691.17       
1.214E+01 ###   Fe56       --> Fe54         378463315.972       
1.216E+01 ###   Fe56       --> Fe53         8.38602414208       
1.221E+01 ###   Fe56       --> Mn53         109015450.05        
1.226E+01 ###   Fe56       --> Mn54         56915074.2745       
1.231E+01 ###   Fe56       --> Cr51         120955.374078       
1.235E+01 ###   Fe56       --> Co57         5848557.76264       
1.241E+01 ###   Fe56       --> Fe56         1680968637.75       
1.244E+01 ###   Fe56       --> V49          1174843.18811       
1.247E+01 ###   Fe56       --> Mn55         715362266.42        
1.251E+01 ###   Fe56       --> Cr52         374707737.696       
1.255E+01 ###   Fe57       --> Fe54         52183.7852258       
1.258E+01 ###   Fe57       --> Co56         36640319.083        
1.262E+01 ###   Fe57       --> Co55         1074873.1321        
1.266E+01 ###   Fe57       --> Mn53         19968722.6313       
1.270E+01 ###   Fe57       --> Mn52         4360.74832679       
1.276E+01 ###   Fe57       --> Fe56         164897136.47        
1.281E+01 ###   Fe57       --> Fe55         33178633.716        
1.289E+01 ###   Fe57       --> Mn54         2427065.011         
1.293E+01 ###   Fe57       --> Mn55         2319212.32735       
1.297E+01 ###   Fe57       --> Cr52         551009.138609       
1.302E+01 ###   Fe57       --> Co58         102227.683704       
1.306E+01 ###   Fe57       --> Fe57         27066748.1304       
1.309E+01 ###   Fe57       --> V50          28017.8372826       
1.313E+01 ###   Fe57       --> Mn56         5147637.47599       
1.316E+01 ###   Fe57       --> Cr53         1928918.81162       
1.319E+01 ###   Fe58       --> Fe55         6414.68780283       
1.323E+01 ###   Fe58       --> Co57         11190415.5404       
1.326E+01 ###   Fe58       --> Co56         692558.874587       
1.329E+01 ###   Fe58       --> Mn54         2024539.65839       
1.333E+01 ###   Fe58       --> Mn53         34624.323756        
1.338E+01 ###   Fe58       --> Fe57         11896984.9875       
1.343E+01 ###   Fe58       --> Fe56         7789545.04264       
1.349E+01 ###   Fe58       --> Mn55         232716.626174       
1.354E+01 ###   Fe58       --> Mn56         46497.0277258       
1.358E+01 ###   Fe58       --> Cr53         607.862336665       
1.362E+01 ###   Fe58       --> Co59         13432.4749748       
1.366E+01 ###   Fe58       --> Fe58         4608236.90701       
1.369E+01 ###   Fe58       --> V51          3894.08635149       
1.372E+01 ###   Fe58       --> Mn57         97973.3183318       
1.375E+01 ###   Fe58       --> Cr54         69429.6222128       
1.375E+01 ###   
1.376E+01 ###   
1.376E+01 ###   #############################################
1.376E+01 ###   Calculate emitted reaction rates
1.376E+01 ###   #############################################
1.376E+01 ###   
1.385E+01 ###   Fe54       --> Nn1          223779307.551       
1.394E+01 ###   Fe54       --> He4          41722308.3148       
1.407E+01 ###   Fe54       --> H1           1185614187.94       
1.413E+01 ###   Fe54       --> H2           16816480.0199       
1.416E+01 ###   Fe54       --> He3          1195803.75217       
1.419E+01 ###   Fe54       --> H3           63495.6126689       
1.432E+01 ###   Fe56       --> Nn1          10459239812.3       
1.443E+01 ###   Fe56       --> He4          815365435.08        
1.458E+01 ###   Fe56       --> H1           11592247091.2       
1.463E+01 ###   Fe56       --> H2           390691314.24        
1.468E+01 ###   Fe56       --> H3           7727635.45562       
1.471E+01 ###   Fe56       --> He3          19451763.8089       
1.490E+01 ###   Fe57       --> Nn1          317362293.916       
1.496E+01 ###   Fe57       --> H2           11740193.0149       
1.509E+01 ###   Fe57       --> He4          24925914.0685       
1.524E+01 ###   Fe57       --> H1           229114996.365       
1.529E+01 ###   Fe57       --> H3           530012.860186       
1.533E+01 ###   Fe57       --> He3          621761.67143        
1.548E+01 ###   Fe58       --> Nn1          52586048.5862       
1.555E+01 ###   Fe58       --> H2           1338414.90645       
1.567E+01 ###   Fe58       --> He4          2368936.32236       
1.581E+01 ###   Fe58       --> H1           23169852.7974       
1.587E+01 ###   Fe58       --> H3           63386.958919        
1.590E+01 ###   Fe58       --> He3          45022.5126778       
1.590E+01 ###   
1.591E+01 ###   
1.591E+01 ###   #############################################
1.591E+01 ###   Saturation Times
1.591E+01 ###   #############################################
1.591E+01 ###   
1.592E+01 ###   Time where saturation is 95%
1.592E+01 ###   Co53        1.03726274277     
1.592E+01 ###   Mn50        1.22392681719     
1.593E+01 ###   Fe53        2206.77648525     
1.593E+01 ###   Fe52        128719.120064     
1.593E+01 ###   Mn51        11980.384679      
1.593E+01 ###   Mn52        2089254.61649     
1.593E+01 ###   Cr49        10865.3272305     
1.593E+01 ###   Co55        272748.238212     
1.594E+01 ###   V47         8453.6913536      
1.594E+01 ###   Mn53        5.01914153515e+14 
1.594E+01 ###   Cr50        2.45501506924e+25 
1.594E+01 ###   Fe55        374654548.569     
1.594E+01 ###   Mn54        116576230.889     
1.595E+01 ###   Cr51        10345096.7458     
1.595E+01 ###   Co57        101493998.416     
1.595E+01 ###   V49         123226813.841     
1.595E+01 ###   Co56        28841047.3435     
1.595E+01 ###   Co58        26456423.5172     
1.595E+01 ###   V50         1.90941486654e+25 
1.596E+01 ###   Mn56        40123.094881      
1.596E+01 ###   Mn57        369.092659303     
1.596E+01 ###   Nn1         2656.25700712     
1.596E+01 ###   H3          1681683831.36     
1.596E+01 ###   
3.992E+01 ###   
3.992E+01 ###   Gamma Dose - Beam End
3.992E+01 ###   Activity/Bq                    3255550778.99
3.993E+01 ###   Power eV/s                     1.86841008076e+16
3.993E+01 ###   Power J/s                      0.00299352926319
3.993E+01 ###   Dose Gy/s                      2.97685885361e-06
3.993E+01 ###   Dose Gy/hr                     0.010716691873
3.993E+01 ###   Percentage of annual dose/hr   9394.25237015
3.994E+01 ###   
3.994E+01 ###   
3.994E+01 ###   Gamma Dose - Sim End
3.994E+01 ###   Activity/Bq                    282485.729399
3.994E+01 ###   Power eV/s                     5.12323488243e+14
3.994E+01 ###   Power J/s                      8.20834446393e-05
3.995E+01 ###   Dose Gy/s                      8.16263371513e-08
3.995E+01 ###   Dose Gy/hr                     0.000293854813745
3.995E+01 ###   Percentage of annual dose/hr   257.593137249
3.995E+01 ###   
