3.757E-03 ###   Start
4.417E-01 ###   Loading isotope tendl xs
4.799E+00 ###   Load complete
4.801E+00 ###   Load EXYZ_Al_20MeV_500um.txt
4.995E+00 ###   Run Simulation
4.997E+00 ###   Prep sim1
6.030E+00 ###   
6.032E+00 ###   #############################################
6.034E+00 ###   Starting Tally
6.035E+00 ###   #############################################
6.037E+00 ###   
6.039E+00 ###   13027       Al27        1.9283995916208767e+21
6.041E+00 ###   14026       Si26        0.0               
6.043E+00 ###   12023       Mg23        0.0               
6.044E+00 ###   13026       Al26        0.0               
6.046E+00 ###   13025       Al25        0.0               
6.048E+00 ###   12024       Mg24        0.0               
6.049E+00 ###   12025       Mg25        0.0               
6.051E+00 ###   11022       Na22        0.0               
6.053E+00 ###   14028       Si28        0.0               
6.055E+00 ###   10020       Ne20        0.0               
6.056E+00 ###   8016        O16         0.0               
6.058E+00 ###   12026       Mg26        0.0               
6.060E+00 ###   11023       Na23        0.0               
6.061E+00 ###   1           Nn1         0.0               
6.063E+00 ###   2004        He4         0.0               
6.065E+00 ###   1001        H1          0.0               
6.067E+00 ###   1002        H2          0.0               
6.068E+00 ###   2003        He3         0.0               
6.070E+00 ###   1003        H3          0.0               
6.072E+00 ###   1013026     Al26-M      0.0               
6.074E+00 ###   10022       Ne22        0.0               
6.075E+00 ###   #############################################################################
6.082E+00 ###   Run sim1
6.084E+00 ###   
6.085E+00 ###   #############################################
6.087E+00 ###   Plot Ion Energy Lost
6.089E+00 ###   #############################################
6.090E+00 ###   
1.422E+01 ###   
1.422E+01 ###   #############################################
1.422E+01 ###   Number Density
1.422E+01 ###   #############################################
1.422E+01 ###   
1.423E+01 ###   Al27         6.026248723815239e+28
1.423E+01 ###   
1.423E+01 ###   #############################################
1.423E+01 ###   Calculate residual reaction rates
1.423E+01 ###   #############################################
1.423E+01 ###   
1.435E+01 ###   Al27       --> Si26         1897.89959053       
1.450E+01 ###   Al27       --> Mg23         1792264.84401       
1.471E+01 ###   Al27       --> Al26         1035671837.76       
1.487E+01 ###   Al27       --> Al25         218675.918909       
1.510E+01 ###   Al27       --> Mg24         926730997.812       
1.530E+01 ###   Al27       --> Mg25         8925406.62065       
1.563E+01 ###   Al27       --> Si28         1617179.29053       
1.582E+01 ###   Al27       --> Al27         1906656840.4        
1.598E+01 ###   Al27       --> Ne20         418165432.382       
1.612E+01 ###   Al27       --> O16          1.14361774792       
1.628E+01 ###   Al27       --> Mg26         2123988847.88       
1.645E+01 ###   Al27       --> Na23         652780727.855       
1.646E+01 ###   
1.646E+01 ###   
1.646E+01 ###   #############################################
1.646E+01 ###   Calculate emitted reaction rates
1.646E+01 ###   #############################################
1.647E+01 ###   
1.676E+01 ###   Al27       --> Nn1          904962513.125       
1.740E+01 ###   Al27       --> He4          2417634844.87       
1.801E+01 ###   Al27       --> H1           7710690671.85       
1.822E+01 ###   Al27       --> H2           132614367.383       
1.839E+01 ###   Al27       --> He3          8816451.56903       
1.856E+01 ###   Al27       --> H3           218676.220984       
1.856E+01 ###   
1.856E+01 ###   
1.856E+01 ###   #############################################
1.857E+01 ###   Saturation Times
1.857E+01 ###   #############################################
1.857E+01 ###   
1.857E+01 ###   Time where saturation is 95%
1.858E+01 ###   Si26        9.65518736398     
1.858E+01 ###   Mg23        48.9112602498     
1.858E+01 ###   Al26        9.77892416533e+13 
1.858E+01 ###   Al25        31.0444095056     
1.859E+01 ###   Nn1         2656.25700712     
1.859E+01 ###   H3          1681683831.36     
1.859E+01 ###   
2.880E+01 ###   
2.880E+01 ###   Gamma Dose - Beam End
2.881E+01 ###   Activity/Bq                    261782062.337
2.881E+01 ###   Power eV/s                     7.22018369912e+13
2.881E+01 ###   Power J/s                      1.15680339191e-05
2.881E+01 ###   Dose Gy/s                      1.15036136824e-08
2.881E+01 ###   Dose Gy/hr                     4.14130092568e-05
2.882E+01 ###   Percentage of annual dose/hr   36.3026449744
2.882E+01 ###   
2.882E+01 ###   
2.882E+01 ###   Gamma Dose - Sim End
2.882E+01 ###   Activity/Bq                    0.126328258611
2.882E+01 ###   Power eV/s                     17509722.2226
2.883E+01 ###   Power J/s                      2.80537267506e-12
2.883E+01 ###   Dose Gy/s                      2.78975007464e-15
2.883E+01 ###   Dose Gy/hr                     1.00431002687e-11
2.883E+01 ###   Percentage of annual dose/hr   8.80378195257e-06
2.884E+01 ###   
