5.522E-03 ###   Start
4.572E-01 ###   Loading isotope tendl xs
4.894E+00 ###   Load complete
4.899E+00 ###   Load exyz/EXYZ_Fe_05MeV_500um.txt
5.687E+00 ###   Run Simulation
5.915E+00 ###   Prep sim1
6.922E+00 ###   
6.926E+00 ###   #############################################
6.931E+00 ###   Starting Tally
6.935E+00 ###   #############################################
6.940E+00 ###   
6.944E+00 ###   26054       Fe54        1.630585560412975e+20
6.947E+00 ###   26056       Fe56        2.468222518377967e+21
6.952E+00 ###   26057       Fe57        5.600277953618698e+19
6.956E+00 ###   26058       Fe58        7.334611933451605e+18
6.960E+00 ###   27053       Co53        0.0               
6.963E+00 ###   25050       Mn50        0.0               
6.967E+00 ###   26053       Fe53        0.0               
6.971E+00 ###   26052       Fe52        0.0               
6.975E+00 ###   25051       Mn51        0.0               
6.978E+00 ###   25052       Mn52        0.0               
6.982E+00 ###   24049       Cr49        0.0               
6.986E+00 ###   27055       Co55        0.0               
6.990E+00 ###   23047       V47         0.0               
6.995E+00 ###   25053       Mn53        0.0               
6.999E+00 ###   24050       Cr50        0.0               
7.002E+00 ###   26055       Fe55        0.0               
7.006E+00 ###   25054       Mn54        0.0               
7.011E+00 ###   24051       Cr51        0.0               
7.015E+00 ###   27057       Co57        0.0               
7.019E+00 ###   23049       V49         0.0               
7.023E+00 ###   25055       Mn55        0.0               
7.026E+00 ###   24052       Cr52        0.0               
7.033E+00 ###   27056       Co56        0.0               
7.036E+00 ###   27058       Co58        0.0               
7.040E+00 ###   23050       V50         0.0               
7.044E+00 ###   25056       Mn56        0.0               
7.047E+00 ###   24053       Cr53        0.0               
7.051E+00 ###   27059       Co59        0.0               
7.055E+00 ###   23051       V51         0.0               
7.058E+00 ###   25057       Mn57        0.0               
7.062E+00 ###   24054       Cr54        0.0               
7.066E+00 ###   1           Nn1         0.0               
7.070E+00 ###   2004        He4         0.0               
7.074E+00 ###   1001        H1          0.0               
7.077E+00 ###   1002        H2          0.0               
7.081E+00 ###   2003        He3         0.0               
7.085E+00 ###   1003        H3          0.0               
7.089E+00 ###   1025052     Mn52-M      0.0               
7.093E+00 ###   22049       Ti49        0.0               
7.096E+00 ###   22047       Ti47        0.0               
7.099E+00 ###   22050       Ti50        0.0               
7.104E+00 ###   #############################################################################
7.116E+00 ###   Run sim1
7.120E+00 ###   
7.125E+00 ###   #############################################
7.130E+00 ###   Plot Ion Energy Lost
7.134E+00 ###   #############################################
7.137E+00 ###   
7.526E+00 ###   
7.530E+00 ###   #############################################
7.534E+00 ###   Number Density
7.538E+00 ###   #############################################
7.541E+00 ###   
7.545E+00 ###   Fe54         5.095579876290546e+27
7.549E+00 ###   Fe56         7.713195369931147e+28
7.553E+00 ###   Fe57         1.750086860505843e+27
7.557E+00 ###   Fe58         2.2920662292036265e+26
7.561E+00 ###   
7.566E+00 ###   #############################################
7.570E+00 ###   Calculate residual reaction rates
7.574E+00 ###   #############################################
7.577E+00 ###   
9.341E+00 ###   Fe54       --> Mn51         1.59163614888e-08   
1.051E+01 ###   Fe54       --> Co55         6268.62214243       
1.086E+01 ###   Fe54       --> Fe54         1931639.79524       
1.431E+01 ###   Fe56       --> Mn53         452.312064946       
1.554E+01 ###   Fe56       --> Co57         502769.612534       
1.600E+01 ###   Fe56       --> Fe56         60242256.8326       
1.977E+01 ###   Fe57       --> Mn54         299.343973326       
2.094E+01 ###   Fe57       --> Co58         8134.09917542       
2.135E+01 ###   Fe57       --> Fe57         1084962.85377       
2.538E+01 ###   Fe58       --> Mn55         71.0662931014       
2.657E+01 ###   Fe58       --> Co59         1896.6487339        
2.693E+01 ###   Fe58       --> Fe58         47692.1960256       
2.789E+01 ###   
2.790E+01 ###   
2.790E+01 ###   #############################################
2.791E+01 ###   Calculate emitted reaction rates
2.791E+01 ###   #############################################
2.791E+01 ###   
2.904E+01 ###   Fe54       --> He4          1.59163614888e-08   
2.967E+01 ###   Fe54       --> H1           1931639.79524       
3.209E+01 ###   Fe56       --> He4          452.312064946       
3.269E+01 ###   Fe56       --> H1           60242256.8326       
3.571E+01 ###   Fe57       --> He4          299.343973326       
3.644E+01 ###   Fe57       --> H1           1084962.85377       
3.897E+01 ###   Fe58       --> He4          71.0662931014       
3.964E+01 ###   Fe58       --> H1           47692.1960256       
4.030E+01 ###   
4.030E+01 ###   
4.030E+01 ###   #############################################
4.030E+01 ###   Saturation Times
4.031E+01 ###   #############################################
4.031E+01 ###   
4.031E+01 ###   Time where saturation is 95%
4.031E+01 ###   Mn51        11980.384679      
4.032E+01 ###   Co55        272748.238212     
4.032E+01 ###   Mn53        5.01914153515e+14 
4.032E+01 ###   Mn54        116576230.889     
4.032E+01 ###   Co57        101493998.416     
4.032E+01 ###   Co58        26456423.5172     
4.032E+01 ###   
