4.112E-02 ###   Start
4.530E-01 ###   Loading isotope tendl xs
5.216E+00 ###   Load complete
5.248E+00 ###   Load EXYZ.txt
7.520E+00 ###   Run Simulation
7.559E+00 ###   Prep sim1
7.599E+00 ###   
7.638E+00 ###   #############################################
7.672E+00 ###   Starting Tally
7.706E+00 ###   #############################################
7.740E+00 ###   
7.774E+00 ###   26054       Fe54        3.1429536676960092e+19
7.808E+00 ###   26056       Fe56        4.7574989041735316e+20
7.842E+00 ###   26057       Fe57        1.079453575560004e+19
7.876E+00 ###   26058       Fe58        1.4137464501727972e+18
7.909E+00 ###   6012        C12         1.9154473653970047e+19
7.943E+00 ###   6013        C13         1.9259847573081418e+17
7.999E+00 ###   29063       Cu63        7.938956724877902e+16
8.033E+00 ###   29065       Cu65        3.429786778008423e+16
8.067E+00 ###   25055       Mn55        7.449656284946808e+18
8.101E+00 ###   28060       Ni60        9.190961022927041e+17
8.135E+00 ###   28061       Ni61        3.929859828235443e+16
8.169E+00 ###   28062       Ni62        1.2327721842728802e+17
8.203E+00 ###   28064       Ni64        3.0415894209574764e+16
8.237E+00 ###   14028       Si28        2.9762044600901344e+16
8.271E+00 ###   14029       Si29        1459126206750858.0
8.305E+00 ###   14030       Si30        929869335659313.8 
8.339E+00 ###   24052       Cr52        4.4662210592794496e+17
8.373E+00 ###   24053       Cr53        4.968735444487695e+16
8.407E+00 ###   24054       Cr54        1.214272751722711e+16
8.441E+00 ###   23051       V51         4.713925180516024e+16
8.474E+00 ###   15031       P31         8.744174716558614e+16
8.508E+00 ###   42094       Mo94        8.241841437276395e+16
8.542E+00 ###   42095       Mo95        1.4034621025229758e+17
8.576E+00 ###   42096       Mo96        1.4552033702553504e+17
8.610E+00 ###   42097       Mo97        8.251470736805168e+16
8.644E+00 ###   27055       Co55        0.0               
8.678E+00 ###   27054       Co54        0.0               
8.712E+00 ###   27053       Co53        0.0               
8.746E+00 ###   25050       Mn50        0.0               
8.780E+00 ###   26053       Fe53        0.0               
8.814E+00 ###   26052       Fe52        0.0               
8.848E+00 ###   25051       Mn51        0.0               
8.882E+00 ###   25052       Mn52        0.0               
8.916E+00 ###   24049       Cr49        0.0               
8.950E+00 ###   23047       V47         0.0               
8.984E+00 ###   25053       Mn53        0.0               
9.017E+00 ###   24050       Cr50        0.0               
9.052E+00 ###   27057       Co57        0.0               
9.085E+00 ###   27056       Co56        0.0               
9.119E+00 ###   26055       Fe55        0.0               
9.153E+00 ###   25054       Mn54        0.0               
9.187E+00 ###   24051       Cr51        0.0               
9.221E+00 ###   23049       V49         0.0               
9.255E+00 ###   27058       Co58        0.0               
9.289E+00 ###   23050       V50         0.0               
9.323E+00 ###   25056       Mn56        0.0               
9.357E+00 ###   27059       Co59        0.0               
9.391E+00 ###   25057       Mn57        0.0               
9.425E+00 ###   7013        N13         0.0               
9.459E+00 ###   30064       Zn64        0.0               
9.493E+00 ###   30063       Zn63        0.0               
9.527E+00 ###   30062       Zn62        0.0               
9.561E+00 ###   30061       Zn61        0.0               
9.595E+00 ###   28059       Ni59        0.0               
9.628E+00 ###   28058       Ni58        0.0               
9.662E+00 ###   29062       Cu62        0.0               
9.696E+00 ###   29061       Cu61        0.0               
9.730E+00 ###   29060       Cu60        0.0               
9.764E+00 ###   30066       Zn66        0.0               
9.798E+00 ###   30065       Zn65        0.0               
9.832E+00 ###   29064       Cu64        0.0               
9.889E+00 ###   28063       Ni63        0.0               
9.935E+00 ###   27060       Co60        0.0               
9.981E+00 ###   27061       Co61        0.0               
1.003E+01 ###   22048       Ti48        0.0               
1.007E+01 ###   29059       Cu59        0.0               
1.014E+01 ###   28057       Ni57        0.0               
1.018E+01 ###   27062       Co62        0.0               
1.023E+01 ###   26059       Fe59        0.0               
1.027E+01 ###   27063       Co63        0.0               
1.033E+01 ###   26060       Fe60        0.0               
1.038E+01 ###   15029       P29         0.0               
1.042E+01 ###   15028       P28         0.0               
1.047E+01 ###   13024       Al24        0.0               
1.051E+01 ###   14027       Si27        0.0               
1.089E+01 ###   13026       Al26        0.0               
1.094E+01 ###   14026       Si26        0.0               
1.098E+01 ###   13025       Al25        0.0               
1.103E+01 ###   11021       Na21        0.0               
1.108E+01 ###   13027       Al27        0.0               
1.112E+01 ###   12024       Mg24        0.0               
1.117E+01 ###   12023       Mg23        0.0               
1.121E+01 ###   15030       P30         0.0               
1.126E+01 ###   11022       Na22        0.0               
1.131E+01 ###   13028       Al28        0.0               
1.135E+01 ###   12025       Mg25        0.0               
1.140E+01 ###   11023       Na23        0.0               
1.144E+01 ###   13029       Al29        0.0               
1.149E+01 ###   12026       Mg26        0.0               
1.153E+01 ###   23048       V48         0.0               
1.158E+01 ###   22047       Ti47        0.0               
1.163E+01 ###   21045       Sc45        0.0               
1.167E+01 ###   21046       Sc46        0.0               
1.172E+01 ###   23052       V52         0.0               
1.176E+01 ###   22049       Ti49        0.0               
1.181E+01 ###   21047       Sc47        0.0               
1.186E+01 ###   23053       V53         0.0               
1.190E+01 ###   22050       Ti50        0.0               
1.197E+01 ###   22046       Ti46        0.0               
1.201E+01 ###   20044       Ca44        0.0               
1.206E+01 ###   16032       S32         0.0               
1.210E+01 ###   16031       S31         0.0               
1.215E+01 ###   16030       S30         0.0               
1.219E+01 ###   10020       Ne20        0.0               
1.224E+01 ###   43095       Tc95        0.0               
1.229E+01 ###   43094       Tc94        0.0               
1.233E+01 ###   43093       Tc93        0.0               
1.238E+01 ###   43092       Tc92        0.0               
1.242E+01 ###   41090       Nb90        0.0               
1.247E+01 ###   41089       Nb89        0.0               
1.252E+01 ###   42093       Mo93        0.0               
1.256E+01 ###   42092       Mo92        0.0               
1.261E+01 ###   42091       Mo91        0.0               
1.265E+01 ###   41091       Nb91        0.0               
1.270E+01 ###   41092       Nb92        0.0               
1.275E+01 ###   40089       Zr89        0.0               
1.279E+01 ###   39087       Y87         0.0               
1.284E+01 ###   41093       Nb93        0.0               
1.288E+01 ###   40090       Zr90        0.0               
1.293E+01 ###   43096       Tc96        0.0               
1.297E+01 ###   39088       Y88         0.0               
1.302E+01 ###   41094       Nb94        0.0               
1.307E+01 ###   40091       Zr91        0.0               
1.311E+01 ###   43097       Tc97        0.0               
1.316E+01 ###   39089       Y89         0.0               
1.352E+01 ###   41095       Nb95        0.0               
1.356E+01 ###   40092       Zr92        0.0               
1.361E+01 ###   43098       Tc98        0.0               
1.365E+01 ###   39090       Y90         0.0               
1.370E+01 ###   41096       Nb96        0.0               
1.377E+01 ###   40093       Zr93        0.0               
1.383E+01 ###   1           Nn1         0.0               
1.401E+01 ###   2004        He4         0.0               
1.417E+01 ###   1001        H1          0.0               
1.422E+01 ###   1002        H2          0.0               
1.428E+01 ###   2003        He3         0.0               
1.434E+01 ###   1003        H3          0.0               
1.440E+01 ###   1025052     Mn52-M      0.0               
1.446E+01 ###   1027060     Co60-M      0.0               
1.451E+01 ###   1013026     Al26-M      0.0               
1.457E+01 ###   10021       Ne21        0.0               
1.463E+01 ###   10022       Ne22        0.0               
1.469E+01 ###   1041093     Nb93-M      0.0               
1.475E+01 ###   1040090     Zr90-M      0.0               
1.480E+01 ###   1039089     Y89-M       0.0               
1.486E+01 ###   1040089     Zr89-M      0.0               
1.492E+01 ###   1041091     Nb91-M      0.0               
1.498E+01 ###   1038087     Sr87-M      0.0               
1.503E+01 ###   37087       Rb87        0.0               
1.509E+01 ###   38087       Sr87        0.0               
1.515E+01 ###   38088       Sr88        0.0               
1.523E+01 ###   44098       Ru98        0.0               
1.528E+01 ###   #############################################################################
1.534E+01 ###   Run sim1
1.540E+01 ###   
1.546E+01 ###   #############################################################################
1.551E+01 ###   #############################################################################
1.557E+01 ###   Run Sim
1.563E+01 ###   #############################################################################
1.569E+01 ###   #############################################################################
1.607E+01 ###   
1.613E+01 ###   
1.618E+01 ###   #############################################
1.624E+01 ###   Plot Ion Energy Lost
1.630E+01 ###   #############################################
1.636E+01 ###   
3.577E+01 ###   
3.585E+01 ###   #############################################
3.592E+01 ###   Number Density
3.599E+01 ###   #############################################
3.608E+01 ###   
3.615E+01 ###   Fe54         4.9108651057750145e+27
3.654E+01 ###   Fe56         7.4335920377711426e+28
3.663E+01 ###   Fe57         1.6866462118125062e+27
3.670E+01 ###   Fe58         2.2089788283949954e+26
3.679E+01 ###   C12          2.99288650843282e+27
3.686E+01 ###   C13          3.0093511832939716e+25
3.693E+01 ###   Cu63         1.2404619882621723e+25
3.699E+01 ###   Cu65         5.359041840638161e+24
3.706E+01 ###   Mn55         1.1640087945229387e+27
3.713E+01 ###   Ni60         1.43608765983235e+26
3.723E+01 ###   Ni61         6.140405981617879e+24
3.730E+01 ###   Ni62         1.926206537926375e+25
3.737E+01 ###   Ni64         4.752483470246057e+24
3.744E+01 ###   Si28         4.650319468890835e+24
3.752E+01 ###   Si29         2.2798846980482155e+23
3.759E+01 ###   Si30         1.4529208369676776e+23
3.766E+01 ###   Cr52         6.97847040512414e+25
3.773E+01 ###   Cr53         7.763649132012024e+24
3.782E+01 ###   Cr54         1.8973011745667357e+24
3.789E+01 ###   V51          7.365508094556287e+24
3.798E+01 ###   P31          1.3662772994622835e+25
3.805E+01 ###   Mo94         1.2877877245744368e+25
3.812E+01 ###   Mo95         2.1929095351921498e+25
3.819E+01 ###   Mo96         2.273755266023985e+25
3.826E+01 ###   Mo97         1.2892923026258074e+25
3.865E+01 ###   
3.876E+01 ###   #############################################
3.883E+01 ###   Calculate reaction rates
3.890E+01 ###   #############################################
3.897E+01 ###   
4.105E+01 ###   Fe54       --> Co55         1875071.45088       
4.894E+01 ###   Fe54       --> Mn51         1.54062703256e-08   
5.316E+01 ###   Fe54       --> Fe54         1868505.59586       
5.872E+01 ###   Fe56       --> Co57         58805893.4662       
6.951E+01 ###   Fe56       --> Mn53         437.066308775       
7.380E+01 ###   Fe56       --> Fe56         58301409.7355       
7.926E+01 ###   Fe57       --> Co58         4803789.37391       
8.082E+01 ###   Fe57       --> Co57         3548282.62396       
9.200E+01 ###   Fe57       --> Mn54         289.313452813       
9.643E+01 ###   Fe57       --> Fe57         1050725.63858       
1.025E+02 ###   Fe58       --> Co59         551439.148792       
1.040E+02 ###   Fe58       --> Co58         445228.018407       
1.151E+02 ###   Fe58       --> Mn55         68.6992983994       
1.194E+02 ###   Fe58       --> Fe58         46187.3834675       
1.246E+02 ###   C12        --> N13          575817.947208       
1.270E+02 ###   Cu63       --> Zn64         15065.6644051       
1.282E+02 ###   Cu63       --> Zn63         3517.21086182       
1.391E+02 ###   Cu63       --> Ni60         1718.45908357       
1.435E+02 ###   Cu63       --> Cu63         6764.02558776       
1.449E+02 ###   Cu63       --> Fe56         5.82148855017e-15   
1.494E+02 ###   Cu65       --> Zn66         12450.5641773       
1.511E+02 ###   Cu65       --> Zn65         11637.3762244       
1.632E+02 ###   Cu65       --> Ni62         194.465142924       
1.675E+02 ###   Cu65       --> Cu65         236.431306356       
1.689E+02 ###   Cu65       --> Fe58         3.02841717161e-13   
1.734E+02 ###   Mn55       --> Fe56         3901249.1543        
1.750E+02 ###   Mn55       --> Fe55         3558101.56279       
1.859E+02 ###   Mn55       --> Cr52         8307.33171856       
1.905E+02 ###   Mn55       --> Mn55         226301.735288       
1.963E+02 ###   Ni60       --> Cu61         66410.6969464       
2.071E+02 ###   Ni60       --> Co57         8.26533496681       
2.114E+02 ###   Ni60       --> Ni60         65680.4581814       
2.173E+02 ###   Ni61       --> Cu62         12618.7500278       
2.188E+02 ###   Ni61       --> Cu61         6021.63944997       
2.297E+02 ###   Ni61       --> Co58         1.96177038116       
2.343E+02 ###   Ni61       --> Ni61         5487.24068457       
2.404E+02 ###   Ni62       --> Cu63         15801.0451491       
2.416E+02 ###   Ni62       --> Cu62         1210.85827949       
2.526E+02 ###   Ni62       --> Co59         12.828594271        
2.569E+02 ###   Ni62       --> Ni62         8044.29220661       
2.624E+02 ###   Ni64       --> Cu65         12390.866687        
2.640E+02 ###   Ni64       --> Cu64         11621.0068823       
2.751E+02 ###   Ni64       --> Co61         0.138917914494      
2.798E+02 ###   Ni64       --> Ni64         73.8183771657       
2.855E+02 ###   Si28       --> P29          8151.05720725       
2.929E+02 ###   Si28       --> Si28         8148.13196546       
3.021E+02 ###   Si29       --> P30          678.084935079       
3.139E+02 ###   Si29       --> Si29         677.958946316       
3.199E+02 ###   Si30       --> P31          188.410042728       
3.292E+02 ###   Si30       --> Al27         0.383149852247      
3.336E+02 ###   Si30       --> Si30         187.606892021       
3.395E+02 ###   Cr52       --> Mn53         45404.5734906       
3.500E+02 ###   Cr52       --> V49          2.64460811847e-05   
3.543E+02 ###   Cr52       --> Cr52         44310.5753044       
3.600E+02 ###   Cr53       --> Mn54         26925.8918859       
3.620E+02 ###   Cr53       --> Mn53         23856.4836265       
3.725E+02 ###   Cr53       --> V50          0.00286551559081    
3.770E+02 ###   Cr53       --> Cr53         1431.62535589       
3.831E+02 ###   Cr54       --> Mn55         6825.09711053       
3.848E+02 ###   Cr54       --> Mn54         6216.60818992       
3.955E+02 ###   Cr54       --> V51          0.730379407752      
3.998E+02 ###   Cr54       --> Cr54         241.519662128       
4.055E+02 ###   V51        --> Cr52         27602.6048556       
4.072E+02 ###   V51        --> Cr51         24633.8293341       
4.185E+02 ###   V51        --> Ti48         12.0822038765       
4.233E+02 ###   V51        --> V51          1992.13308977       
4.295E+02 ###   P31        --> S32          47914.7549631       
4.380E+02 ###   P31        --> Si28         21113.6087786       
4.431E+02 ###   P31        --> P31          26792.2278954       
4.499E+02 ###   Mo94       --> Tc95         937.190862698       
4.614E+02 ###   Mo94       --> Nb91         10.0503815919       
4.655E+02 ###   Mo94       --> Mo94         576.071240932       
4.669E+02 ###   Mo94       --> Y87          6.58933417483e-16   
4.697E+02 ###   Mo94       --> Zr90         9.2262969886e-13    
4.722E+02 ###   Mo95       --> Tc96         5824.31096871       
4.738E+02 ###   Mo95       --> Tc95         5453.13373009       
4.791E+02 ###   Mo95       --> Nb91         2.88896884929e-08   
4.849E+02 ###   Mo95       --> Nb92         0.599431762138      
4.895E+02 ###   Mo95       --> Mo95         40.7048478741       
4.910E+02 ###   Mo95       --> Y88          8.97947641477e-14   
4.937E+02 ###   Mo95       --> Zr91         9.70141425186e-15   
4.958E+02 ###   Mo96       --> Tc97         6124.33718291       
4.972E+02 ###   Mo96       --> Tc96         5424.58864637       
5.080E+02 ###   Mo96       --> Nb93         0.415508797692      
5.123E+02 ###   Mo96       --> Mo96         21.4726617925       
5.139E+02 ###   Mo96       --> Y89          5.86185211691e-15   
5.165E+02 ###   Mo96       --> Zr92         3.41253896966e-13   
5.186E+02 ###   Mo97       --> Tc98         3755.00716275       
5.206E+02 ###   Mo97       --> Tc97         3746.23906528       
5.260E+02 ###   Mo97       --> Nb93         9.54630169867e-10   
5.299E+02 ###   Mo97       --> Mo96         7.0398304228e-12    
5.333E+02 ###   Mo97       --> Nb94         0.0754109801463     
5.389E+02 ###   Mo97       --> Mo97         4.70877273492       
5.405E+02 ###   Mo97       --> Y90          3.32385852004e-15   
5.429E+02 ###   Mo97       --> Zr93         3.49317591935e-15   
5.434E+02 ###   
5.481E+02 ###   Fe54       --> He4          1.54062703256e-08   
5.508E+02 ###   Fe54       --> H1           1868505.59586       
5.607E+02 ###   Fe56       --> He4          437.066308775       
5.638E+02 ###   Fe56       --> H1           58301409.7355       
5.721E+02 ###   Fe57       --> Nn1          3548282.62396       
5.772E+02 ###   Fe57       --> He4          289.313452813       
5.805E+02 ###   Fe57       --> H1           1050725.63858       
5.872E+02 ###   Fe58       --> Nn1          445228.018407       
5.917E+02 ###   Fe58       --> He4          68.6992983994       
5.944E+02 ###   Fe58       --> H1           46187.3834675       
6.008E+02 ###   Cu63       --> Nn1          3517.21086182       
6.041E+02 ###   Cu63       --> He4          1718.45908357       
6.068E+02 ###   Cu63       --> H1           6764.02558776       
6.159E+02 ###   Cu65       --> Nn1          11637.3762244       
6.206E+02 ###   Cu65       --> He4          194.465142924       
6.234E+02 ###   Cu65       --> H1           236.431306356       
6.296E+02 ###   Mn55       --> Nn1          3558101.56279       
6.324E+02 ###   Mn55       --> He4          8307.33171856       
6.353E+02 ###   Mn55       --> H1           226301.735288       
6.444E+02 ###   Ni60       --> He4          8.26533496681       
6.470E+02 ###   Ni60       --> H1           65680.4581814       
6.557E+02 ###   Ni61       --> Nn1          6021.63944997       
6.601E+02 ###   Ni61       --> He4          1.96177038116       
6.630E+02 ###   Ni61       --> H1           5487.24068457       
6.693E+02 ###   Ni62       --> Nn1          1210.85827949       
6.738E+02 ###   Ni62       --> He4          12.828594271        
6.765E+02 ###   Ni62       --> H1           8044.29220661       
6.835E+02 ###   Ni64       --> Nn1          11621.0068823       
6.881E+02 ###   Ni64       --> He4          0.138917914494      
6.908E+02 ###   Ni64       --> H1           73.8183771657       
6.994E+02 ###   Si28       --> H1           8148.13196546       
7.102E+02 ###   Si29       --> H1           677.958946316       
7.191E+02 ###   Si30       --> He4          0.383149852247      
7.217E+02 ###   Si30       --> H1           187.606892021       
7.312E+02 ###   Cr52       --> He4          2.64460811847e-05   
7.339E+02 ###   Cr52       --> H1           44310.5753044       
7.428E+02 ###   Cr53       --> Nn1          23856.4836265       
7.471E+02 ###   Cr53       --> He4          0.00286551559081    
7.497E+02 ###   Cr53       --> H1           1431.62535589       
7.560E+02 ###   Cr54       --> Nn1          6216.60818992       
7.603E+02 ###   Cr54       --> He4          0.730379407752      
7.630E+02 ###   Cr54       --> H1           241.519662128       
7.695E+02 ###   V51        --> Nn1          24633.8293341       
7.722E+02 ###   V51        --> He4          12.0822038765       
7.749E+02 ###   V51        --> H1           1992.13308977       
7.842E+02 ###   P31        --> He4          21113.6087786       
7.869E+02 ###   P31        --> H1           26792.2278954       
7.974E+02 ###   Mo94       --> He4          10.0503815919       
8.002E+02 ###   Mo94       --> H1           576.071240932       
8.087E+02 ###   Mo95       --> Nn1          5453.13373011       
8.141E+02 ###   Mo95       --> He4          0.599431791028      
8.171E+02 ###   Mo95       --> H1           40.7048478741       
8.235E+02 ###   Mo96       --> Nn1          5424.58864637       
8.287E+02 ###   Mo96       --> He4          0.415508797692      
8.316E+02 ###   Mo96       --> H1           21.4726617925       
8.396E+02 ###   Mo97       --> Nn1          3746.23906528       
8.413E+02 ###   Mo97       --> H2           7.0398304228e-12    
8.450E+02 ###   Mo97       --> He4          0.0754109811009     
8.478E+02 ###   Mo97       --> H1           4.70877273492       
8.504E+02 ###   
8.505E+02 ###   
8.505E+02 ###   #############################################
8.505E+02 ###   Saturation Times
8.506E+02 ###   #############################################
8.506E+02 ###   
8.506E+02 ###   Time where saturation is 95%
8.507E+02 ###   Co55        272748.238212     
8.507E+02 ###   Mn51        11980.384679      
8.508E+02 ###   Mn53        5.01914153515e+14 
8.508E+02 ###   Co57        101493998.416     
8.508E+02 ###   Fe55        374654548.569     
8.509E+02 ###   Mn54        116576230.889     
8.509E+02 ###   Cr51        10345096.7458     
8.509E+02 ###   V49         123226813.841     
8.510E+02 ###   Co58        26456423.5172     
8.510E+02 ###   V50         1.90941486654e+25 
8.510E+02 ###   N13         2584.5994393      
8.511E+02 ###   Zn64        3.13696345947e+26 
8.511E+02 ###   Zn63        9939.57023262     
8.514E+02 ###   Cu62        2528.32793551     
8.515E+02 ###   Cu61        52371.3958826     
8.515E+02 ###   Zn65        91117049.0605     
8.515E+02 ###   Cu64        197604.603198     
8.516E+02 ###   Co61        25672.2528836     
8.516E+02 ###   P29         17.901426169      
8.516E+02 ###   P30         647.770582862     
8.517E+02 ###   Tc95        311178.822832     
8.517E+02 ###   Nb91        92745119373.8     
8.517E+02 ###   Nb92        4.77365601936e+15 
8.518E+02 ###   Y87         1241603.5031      
8.518E+02 ###   Tc96        1598214.43406     
8.518E+02 ###   Y88         39817188.8104     
8.519E+02 ###   Nb94        2.72592648801e+12 
8.519E+02 ###   Tc97        3.546133358e+14   
8.519E+02 ###   Tc98        5.86464032836e+14 
8.520E+02 ###   Y90         995772.233062     
8.520E+02 ###   Zr93        2.19582904139e+14 
8.520E+02 ###   Nn1         2656.25700712     
8.521E+02 ###   
8.575E+02 ###   
8.578E+02 ###   #############################################
8.582E+02 ###   End of Beam Tally
8.582E+02 ###   #############################################
8.582E+02 ###   
8.583E+02 ###   26054       Fe54        3.14295366764e+19        0.0                      
8.583E+02 ###   26056       Fe56        4.75749890401e+20        0.0                      
8.583E+02 ###   26057       Fe57        1.07945357905e+19        0.0                      
8.584E+02 ###   26058       Fe58        1.41374645302e+18        0.0                      
8.584E+02 ###   6012        C12         1.91544736538e+19        0.0                      
8.584E+02 ###   6013        C13         1.92598476049e+17        0.0                      
8.585E+02 ###   29063       Cu63        7.93895672495e+16        0.0                      
8.585E+02 ###   29065       Cu65        3.42978677835e+16        0.0                      
8.585E+02 ###   25055       Mn55        7.44965628597e+18        0.0                      
8.586E+02 ###   28060       Ni60        9.19096102273e+17        0.0                      
8.586E+02 ###   28061       Ni61        3.929859832e+16          0.0                      
8.587E+02 ###   28062       Ni62        1.2327721843e+17         0.0                      
8.587E+02 ###   28064       Ni64        3.04158942067e+16        0.0                      
8.587E+02 ###   14028       Si28        2.97620446048e+16        0.0                      
8.588E+02 ###   14029       Si29        1.45912620904e+15        0.0                      
8.588E+02 ###   14030       Si30        9.29869335916e+14        0.0                      
8.588E+02 ###   24052       Cr52        4.46622105925e+17        0.0                      
8.589E+02 ###   24053       Cr53        4.96873544715e+16        0.0                      
8.589E+02 ###   24054       Cr54        1.21427275334e+16        0.0                      
8.589E+02 ###   23051       V51         4.71392518043e+16        0.0                      
8.590E+02 ###   15031       P31         8.74417471449e+16        0.0                      
8.590E+02 ###   42094       Mo94        8.24184143725e+16        0.0                      
8.590E+02 ###   42095       Mo95        1.40346210253e+17        0.0                      
8.591E+02 ###   42096       Mo96        1.45520337029e+17        0.0                      
8.591E+02 ###   42097       Mo97        8.25147073717e+16        0.0                      
8.591E+02 ###   27055       Co55        561595683.597            6168.29030709            
8.592E+02 ###   26055       Fe55        1068354939.48            8.54255042153            
8.592E+02 ###   27054       Co54        0.0                      0.0                      
8.592E+02 ###   27053       Co53        0.0                      0.0                      
8.593E+02 ###   25050       Mn50        0.0                      0.0                      
8.593E+02 ###   26053       Fe53        0.0                      0.0                      
8.593E+02 ###   26052       Fe52        0.0                      0.0                      
8.594E+02 ###   25051       Mn51        4.45277850945e-06        1.1134310496e-09         
8.594E+02 ###   24051       Cr51        7389827.80373            2.13994573388            
8.594E+02 ###   25052       Mn52        0.0                      0.0                      
8.595E+02 ###   24049       Cr49        0.0                      0.0                      
8.595E+02 ###   23047       V47         0.0                      0.0                      
8.595E+02 ###   25053       Mn53        20909437.0278            1.24800376493e-07        
8.596E+02 ###   24050       Cr50        0.0                      0.0                      
8.596E+02 ###   27057       Co57        18706172486.0            552.137914608            
8.596E+02 ###   27056       Co56        0.0                      0.0                      
8.597E+02 ###   25054       Mn54        10029505.3984            0.257734469373           
8.597E+02 ###   23049       V49         0.00793379542383         1.92876260142e-10        
8.597E+02 ###   22049       Ti49        0.0                      0.0                      
8.598E+02 ###   27058       Co58        1574679060.3             178.30516201             
8.598E+02 ###   23050       V50         0.0                      0.0                      
8.598E+02 ###   22050       Ti50        0.0                      0.0                      
8.599E+02 ###   25056       Mn56        0.0                      0.0                      
8.599E+02 ###   27059       Co59        165435593.216            0.0                      
8.599E+02 ###   25057       Mn57        0.0                      0.0                      
8.600E+02 ###   7013        N13         145910154.989            169120.117297            
8.600E+02 ###   30064       Zn64        0.0                      0.0                      
8.600E+02 ###   30063       Zn63        1008866.0144             304.066715996            
8.601E+02 ###   30062       Zn62        0.0                      0.0                      
8.601E+02 ###   30061       Zn61        0.0                      0.0                      
8.602E+02 ###   28059       Ni59        0.0                      0.0                      
8.602E+02 ###   28058       Ni58        0.0                      0.0                      
8.602E+02 ###   29062       Cu62        3491627.99621            4137.1147028             
8.603E+02 ###   29061       Cu61        21544316.5262            1232.37128286            
8.603E+02 ###   29060       Cu60        0.0                      0.0                      
8.603E+02 ###   30066       Zn66        3735169.25318            0.0                      
8.604E+02 ###   30065       Zn65        3491195.64987            0.114782991651           
8.604E+02 ###   29064       Cu64        3478386.0961             52.7331515529            
8.605E+02 ###   28063       Ni63        0.0                      0.0                      
8.605E+02 ###   27060       Co60        0.0                      0.0                      
8.606E+02 ###   27061       Co61        40.9543387597            0.00477902094999         
8.606E+02 ###   22048       Ti48        3624.66116296            0.0                      
8.607E+02 ###   29059       Cu59        0.0                      0.0                      
8.607E+02 ###   28057       Ni57        0.0                      0.0                      
8.607E+02 ###   27062       Co62        0.0                      0.0                      
8.608E+02 ###   26059       Fe59        0.0                      0.0                      
8.608E+02 ###   27063       Co63        0.0                      0.0                      
8.609E+02 ###   26060       Fe60        0.0                      0.0                      
8.609E+02 ###   15029       P29         48707.8067968            8151.05720725            
8.610E+02 ###   15028       P28         0.0                      0.0                      
8.610E+02 ###   13024       Al24        0.0                      0.0                      
8.611E+02 ###   14027       Si27        0.0                      0.0                      
8.611E+02 ###   13026       Al26        0.0                      0.0                      
8.615E+02 ###   14026       Si26        0.0                      0.0                      
8.615E+02 ###   13025       Al25        0.0                      0.0                      
8.616E+02 ###   11021       Na21        0.0                      0.0                      
8.616E+02 ###   13027       Al27        114.944955674            0.0                      
8.617E+02 ###   12024       Mg24        0.0                      0.0                      
8.617E+02 ###   12023       Mg23        0.0                      0.0                      
8.618E+02 ###   15030       P30         110007.967724            508.751752518            
8.618E+02 ###   11022       Na22        0.0                      0.0                      
8.619E+02 ###   13028       Al28        0.0                      0.0                      
8.619E+02 ###   12025       Mg25        0.0                      0.0                      
8.619E+02 ###   11023       Na23        0.0                      0.0                      
8.620E+02 ###   13029       Al29        0.0                      0.0                      
8.620E+02 ###   12026       Mg26        0.0                      0.0                      
8.621E+02 ###   23048       V48         0.0                      0.0                      
8.621E+02 ###   22047       Ti47        0.0                      0.0                      
8.622E+02 ###   21045       Sc45        0.0                      0.0                      
8.622E+02 ###   21046       Sc46        0.0                      0.0                      
8.623E+02 ###   23052       V52         0.0                      0.0                      
8.623E+02 ###   21047       Sc47        0.0                      0.0                      
8.624E+02 ###   23053       V53         0.0                      0.0                      
8.624E+02 ###   22046       Ti46        0.0                      0.0                      
8.625E+02 ###   20044       Ca44        0.0                      0.0                      
8.625E+02 ###   16032       S32         14374426.4889            0.0                      
8.625E+02 ###   16031       S31         0.0                      0.0                      
8.626E+02 ###   16030       S30         0.0                      0.0                      
8.626E+02 ###   10020       Ne20        0.0                      0.0                      
8.627E+02 ###   43095       Tc95        1914331.64389            18.4293553003            
8.627E+02 ###   43094       Tc94        0.0                      0.0                      
8.628E+02 ###   43093       Tc93        0.0                      0.0                      
8.628E+02 ###   43092       Tc92        0.0                      0.0                      
8.629E+02 ###   41090       Nb90        0.0                      0.0                      
8.629E+02 ###   41089       Nb89        0.0                      0.0                      
8.630E+02 ###   42093       Mo93        0.0                      0.0                      
8.630E+02 ###   42092       Mo92        0.0                      0.0                      
8.630E+02 ###   42091       Mo91        0.0                      0.0                      
8.631E+02 ###   41091       Nb91        3015.11448623            9.73903083617e-08        
8.631E+02 ###   40091       Zr91        2.91042427556e-12        0.0                      
8.632E+02 ###   41092       Nb92        179.829528641            1.12852941331e-13        
8.632E+02 ###   40092       Zr92        1.0237616909e-10         0.0                      
8.633E+02 ###   40089       Zr89        0.0                      0.0                      
8.633E+02 ###   39087       Y87         1.97608498356e-13        4.76788406747e-19        
8.634E+02 ###   1038087     Sr87-M      7.10403001573e-17        4.85730190185e-21        
8.634E+02 ###   37087       Rb87        -7.17138417987e-16       -3.27482539907e-34       
8.635E+02 ###   38087       Sr87        3.9568373186e-13         0.0                      
8.635E+02 ###   41093       Nb93        124.652639594            0.0                      
8.636E+02 ###   40090       Zr90        2.7878277492e-10         0.0                      
8.636E+02 ###   43096       Tc96        3373721.22777            6.32378568769            
8.636E+02 ###   39088       Y88         2.6938125231e-11         2.0267480843e-18         
8.637E+02 ###   38088       Sr88        5.38765544753e-11        0.0                      
8.637E+02 ###   41094       Nb94        22.6232940439            2.48624944215e-11        
8.641E+02 ###   43097       Tc97        2961172.87446            2.5015644512e-08         
8.642E+02 ###   39089       Y89         1.75855563507e-12        0.0                      
8.642E+02 ###   41095       Nb95        0.0                      0.0                      
8.643E+02 ###   43098       Tc98        1126502.14883            5.75431510633e-09        
8.643E+02 ###   44098       Ru98        2253064.22068            0.0                      
8.644E+02 ###   39090       Y90         9.96707706365e-13        2.99854659943e-18        
8.644E+02 ###   41096       Nb96        0.0                      0.0                      
8.645E+02 ###   40093       Zr93        1.0479527758e-12         1.42970417663e-26        
8.646E+02 ###   1041093     Nb93-M      2.91835212081e-22        3.97651955467e-31        
8.646E+02 ###   1           Nn1         1948334205.51            2197335.43986            
8.647E+02 ###   1001        H1          18499152327.5            0.0                      
8.647E+02 ###   2004        He4         9652943.32783            0.0                      
8.648E+02 ###   1002        H2          2.11194912684e-09        0.0                      
8.648E+02 ###   2003        He3         0.0                      0.0                      
8.649E+02 ###   1003        H3          0.0                      0.0                      
8.650E+02 ###   
9.327E+02 ###   
9.328E+02 ###   #############################################
9.328E+02 ###   End of Sim Tally
9.329E+02 ###   #############################################
9.330E+02 ###   
9.330E+02 ###   26054       Fe54        3.14295366764e+19        0.0                      
9.331E+02 ###   26056       Fe56        4.75749890401e+20        0.0                      
9.335E+02 ###   26057       Fe57        1.07945357906e+19        0.0                      
9.336E+02 ###   26058       Fe58        1.41374645307e+18        0.0                      
9.337E+02 ###   6012        C12         1.91544736538e+19        0.0                      
9.337E+02 ###   6013        C13         1.92598476195e+17        0.0                      
9.338E+02 ###   29063       Cu63        7.93895672505e+16        0.0                      
9.339E+02 ###   29065       Cu65        3.42978677835e+16        0.0                      
9.339E+02 ###   25055       Mn55        7.44965628597e+18        0.0                      
9.340E+02 ###   28060       Ni60        9.19096102273e+17        0.0                      
9.341E+02 ###   28061       Ni61        3.92985983416e+16        0.0                      
9.342E+02 ###   28062       Ni62        1.23277218433e+17        0.0                      
9.342E+02 ###   28064       Ni64        3.04158942088e+16        0.0                      
9.343E+02 ###   14028       Si28        2.97620446048e+16        0.0                      
9.344E+02 ###   14029       Si29        1.45912620909e+15        0.0                      
9.345E+02 ###   14030       Si30        9.29869336026e+14        0.0                      
9.345E+02 ###   24052       Cr52        4.46622105925e+17        0.0                      
9.346E+02 ###   24053       Cr53        4.96873544715e+16        0.0                      
9.347E+02 ###   24054       Cr54        1.21427275334e+16        0.0                      
9.347E+02 ###   23051       V51         4.71392518048e+16        0.0                      
9.348E+02 ###   15031       P31         8.74417471449e+16        0.0                      
9.349E+02 ###   42094       Mo94        8.24184143725e+16        0.0                      
9.350E+02 ###   42095       Mo95        1.40346210255e+17        0.0                      
9.350E+02 ###   42096       Mo96        1.4552033703e+17         0.0                      
9.351E+02 ###   42097       Mo97        8.25147073717e+16        0.0                      
9.352E+02 ###   27055       Co55        32406703.9447            355.939270306            
9.352E+02 ###   26055       Fe55        1594547426.07            12.7499778242            
9.356E+02 ###   27054       Co54        0.0                      0.0                      
9.357E+02 ###   27053       Co53        0.0                      0.0                      
9.358E+02 ###   25050       Mn50        0.0                      0.0                      
9.358E+02 ###   26053       Fe53        0.0                      0.0                      
9.359E+02 ###   26052       Fe52        0.0                      0.0                      
9.359E+02 ###   25051       Mn51        2.79301596638e-34        6.98402288008e-38        
9.360E+02 ###   24051       Cr51        6854466.8084             1.98491594043            
9.361E+02 ###   25052       Mn52        0.0                      0.0                      
9.361E+02 ###   24049       Cr49        0.0                      0.0                      
9.362E+02 ###   23047       V47         0.0                      0.0                      
9.362E+02 ###   25053       Mn53        20909436.9954            1.248003763e-07          
9.363E+02 ###   24050       Cr50        0.0                      0.0                      
9.364E+02 ###   27057       Co57        18563330439.4            547.921738917            
9.364E+02 ###   27056       Co56        0.0                      0.0                      
9.365E+02 ###   25054       Mn54        9962794.60729            0.256020160476           
9.366E+02 ###   23049       V49         0.00788386324816         1.91662373119e-10        
9.367E+02 ###   22049       Ti49        0.0                      0.0                      
9.367E+02 ###   27058       Co58        1529047431.96            173.138169517            
9.368E+02 ###   23050       V50         0.0                      0.0                      
9.369E+02 ###   22050       Ti50        0.0                      0.0                      
9.370E+02 ###   25056       Mn56        0.0                      0.0                      
9.370E+02 ###   27059       Co59        165435593.216            0.0                      
9.371E+02 ###   25057       Mn57        0.0                      0.0                      
9.372E+02 ###   7013        N13         2.73444535276e-123       3.16941421133e-126       
9.372E+02 ###   30064       Zn64        0.0                      0.0                      
9.373E+02 ###   30063       Zn63        1.02486007732e-28        3.08887239352e-32        
9.374E+02 ###   30062       Zn62        0.0                      0.0                      
9.378E+02 ###   30061       Zn61        0.0                      0.0                      
9.378E+02 ###   28059       Ni59        0.0                      0.0                      
9.379E+02 ###   28058       Ni58        0.0                      0.0                      
9.380E+02 ###   29062       Cu62        8.05922238525e-128       9.54910645101e-131       
9.381E+02 ###   29061       Cu61        7.61670683317            0.000435688491662        
9.382E+02 ###   29060       Cu60        0.0                      0.0                      
9.382E+02 ###   30066       Zn66        3735169.25318            0.0                      
9.383E+02 ###   30065       Zn65        3461513.40635            0.113807103431           
9.384E+02 ###   29064       Cu64        67843.9762452            1.02853064106            
9.385E+02 ###   28063       Ni63        0.0                      0.0                      
9.385E+02 ###   27060       Co60        0.0                      0.0                      
9.386E+02 ###   27061       Co61        2.8255717303e-12         3.29720046856e-16        
9.387E+02 ###   22048       Ti48        3624.66116296            0.0                      
9.387E+02 ###   29059       Cu59        0.0                      0.0                      
9.388E+02 ###   28057       Ni57        0.0                      0.0                      
9.389E+02 ###   27062       Co62        0.0                      0.0                      
9.390E+02 ###   26059       Fe59        0.0                      0.0                      
9.390E+02 ###   27063       Co63        0.0                      0.0                      
9.391E+02 ###   26060       Fe60        0.0                      0.0                      
9.392E+02 ###   15029       P29         0.0                      0.0                      
9.392E+02 ###   15028       P28         0.0                      0.0                      
9.393E+02 ###   13024       Al24        0.0                      0.0                      
9.394E+02 ###   14027       Si27        0.0                      0.0                      
9.395E+02 ###   13026       Al26        0.0                      0.0                      
9.399E+02 ###   14026       Si26        0.0                      0.0                      
9.399E+02 ###   13025       Al25        0.0                      0.0                      
9.400E+02 ###   11021       Na21        0.0                      0.0                      
9.401E+02 ###   13027       Al27        114.944955674            0.0                      
9.402E+02 ###   12024       Mg24        0.0                      0.0                      
9.402E+02 ###   12023       Mg23        0.0                      0.0                      
9.403E+02 ###   15030       P30         0.0                      0.0                      
9.404E+02 ###   11022       Na22        0.0                      0.0                      
9.404E+02 ###   13028       Al28        0.0                      0.0                      
9.405E+02 ###   12025       Mg25        0.0                      0.0                      
9.406E+02 ###   11023       Na23        0.0                      0.0                      
9.407E+02 ###   13029       Al29        0.0                      0.0                      
9.407E+02 ###   12026       Mg26        0.0                      0.0                      
9.408E+02 ###   23048       V48         0.0                      0.0                      
9.409E+02 ###   22047       Ti47        0.0                      0.0                      
9.410E+02 ###   21045       Sc45        0.0                      0.0                      
9.410E+02 ###   21046       Sc46        0.0                      0.0                      
9.411E+02 ###   23052       V52         0.0                      0.0                      
9.412E+02 ###   21047       Sc47        0.0                      0.0                      
9.412E+02 ###   23053       V53         0.0                      0.0                      
9.414E+02 ###   22046       Ti46        0.0                      0.0                      
9.414E+02 ###   20044       Ca44        0.0                      0.0                      
9.415E+02 ###   16032       S32         14374426.4889            0.0                      
9.415E+02 ###   16031       S31         0.0                      0.0                      
9.416E+02 ###   16030       S30         0.0                      0.0                      
9.417E+02 ###   10020       Ne20        0.0                      0.0                      
9.420E+02 ###   43095       Tc95        157115.382777            1.51255673047            
9.421E+02 ###   43094       Tc94        0.0                      0.0                      
9.422E+02 ###   43093       Tc93        0.0                      0.0                      
9.422E+02 ###   43092       Tc92        0.0                      0.0                      
9.423E+02 ###   41090       Nb90        0.0                      0.0                      
9.423E+02 ###   41089       Nb89        0.0                      0.0                      
9.424E+02 ###   42093       Mo93        0.0                      0.0                      
9.425E+02 ###   42092       Mo92        0.0                      0.0                      
9.425E+02 ###   42091       Mo91        0.0                      0.0                      
9.426E+02 ###   41091       Nb91        3015.08919407            9.73894914074e-08        
9.426E+02 ###   40091       Zr91        2.91042427556e-12        0.0                      
9.427E+02 ###   41092       Nb92        179.829528612            1.12852941313e-13        
9.428E+02 ###   40092       Zr92        1.0237616909e-10         0.0                      
9.428E+02 ###   40089       Zr89        0.0                      0.0                      
9.429E+02 ###   39087       Y87         1.05602858852e-13        2.54797841382e-19        
9.429E+02 ###   1038087     Sr87-M      3.86284994055e-15        2.64118089609e-19        
9.430E+02 ###   37087       Rb87        2.64641489592e-16        1.20849009065e-34        
9.431E+02 ###   38087       Sr87        3.9568373186e-13         0.0                      
9.431E+02 ###   41093       Nb93        124.652639594            0.0                      
9.432E+02 ###   40090       Zr90        2.79323177032e-10        0.0                      
9.432E+02 ###   43096       Tc96        2073479.92158            3.88658154203            
9.433E+02 ###   39088       Y88         2.64168875912e-11        1.9875316437e-18         
9.434E+02 ###   38088       Sr88        5.38765544753e-11        0.0                      
9.434E+02 ###   41094       Nb94        22.6232875871            2.48624873256e-11        
9.435E+02 ###   43097       Tc97        2961172.86796            2.50156444571e-08        
9.435E+02 ###   39089       Y89         1.75855563507e-12        0.0                      
9.436E+02 ###   41095       Nb95        0.0                      0.0                      
9.437E+02 ###   43098       Tc98        1126502.14733            5.7543150987e-09         
9.440E+02 ###   44098       Ru98        2253064.22068            0.0                      
9.442E+02 ###   39090       Y90         4.56305595234e-13        1.37277316324e-18        
9.443E+02 ###   41096       Nb96        0.0                      0.0                      
9.443E+02 ###   40093       Zr93        1.04795277209e-12        1.42970417157e-26        
9.444E+02 ###   1041093     Nb93-M      3.001699921e-21          4.09008849481e-30        
9.448E+02 ###   1           Nn1         1.22761346335e-118       1.38450506173e-121       
9.448E+02 ###   1001        H1          18499152327.5            0.0                      
9.449E+02 ###   2004        He4         9652943.32783            0.0                      
9.449E+02 ###   1002        H2          2.11194912684e-09        0.0                      
9.450E+02 ###   2003        He3         0.0                      0.0                      
9.451E+02 ###   1003        H3          0.0                      0.0                      
9.451E+02 ###   
