3.735E-03 ###   Start
4.181E-01 ###   Loading isotope tendl xs
4.571E+00 ###   Load complete
4.573E+00 ###   Load EXYZ.txt
4.760E+00 ###   Run Simulation
4.762E+00 ###   Prep sim1
5.794E+00 ###   
5.796E+00 ###   #############################################
5.798E+00 ###   Starting Tally
5.800E+00 ###   #############################################
5.801E+00 ###   
5.803E+00 ###   26054       Fe54        1.630585560412975e+20
5.805E+00 ###   26056       Fe56        2.468222518377967e+21
5.807E+00 ###   26057       Fe57        5.600277953618698e+19
5.809E+00 ###   26058       Fe58        7.334611933451605e+18
5.810E+00 ###   27053       Co53        0.0               
5.812E+00 ###   25050       Mn50        0.0               
5.814E+00 ###   26053       Fe53        0.0               
5.815E+00 ###   26052       Fe52        0.0               
5.817E+00 ###   25051       Mn51        0.0               
5.819E+00 ###   25052       Mn52        0.0               
5.820E+00 ###   24049       Cr49        0.0               
5.822E+00 ###   27055       Co55        0.0               
5.824E+00 ###   23047       V47         0.0               
5.826E+00 ###   25053       Mn53        0.0               
5.827E+00 ###   24050       Cr50        0.0               
5.829E+00 ###   26055       Fe55        0.0               
5.831E+00 ###   25054       Mn54        0.0               
5.832E+00 ###   24051       Cr51        0.0               
5.834E+00 ###   27057       Co57        0.0               
5.836E+00 ###   23049       V49         0.0               
5.838E+00 ###   25055       Mn55        0.0               
5.840E+00 ###   24052       Cr52        0.0               
5.841E+00 ###   27056       Co56        0.0               
5.843E+00 ###   27058       Co58        0.0               
5.845E+00 ###   23050       V50         0.0               
5.847E+00 ###   25056       Mn56        0.0               
5.849E+00 ###   24053       Cr53        0.0               
5.850E+00 ###   27059       Co59        0.0               
5.852E+00 ###   23051       V51         0.0               
5.854E+00 ###   25057       Mn57        0.0               
5.856E+00 ###   24054       Cr54        0.0               
5.858E+00 ###   1           Nn1         0.0               
5.860E+00 ###   2004        He4         0.0               
5.861E+00 ###   1001        H1          0.0               
5.863E+00 ###   1002        H2          0.0               
5.865E+00 ###   2003        He3         0.0               
5.866E+00 ###   1003        H3          0.0               
5.868E+00 ###   1025052     Mn52-M      0.0               
5.870E+00 ###   22049       Ti49        0.0               
5.871E+00 ###   22047       Ti47        0.0               
5.873E+00 ###   22050       Ti50        0.0               
5.875E+00 ###   #############################################################################
5.881E+00 ###   Run sim1
5.883E+00 ###   
5.885E+00 ###   #############################################
5.886E+00 ###   Plot Ion Energy Lost
5.888E+00 ###   #############################################
5.890E+00 ###   
8.947E+00 ###   
8.949E+00 ###   #############################################
8.951E+00 ###   Number Density
8.953E+00 ###   #############################################
8.954E+00 ###   
8.956E+00 ###   Fe54         5.095579876290546e+27
8.958E+00 ###   Fe56         7.713195369931147e+28
8.959E+00 ###   Fe57         1.750086860505843e+27
8.961E+00 ###   Fe58         2.2920662292036265e+26
8.963E+00 ###   
8.964E+00 ###   #############################################
8.966E+00 ###   Calculate residual reaction rates
8.968E+00 ###   #############################################
8.969E+00 ###   
8.996E+00 ###   Fe54       --> Co53         307283.956904       
9.022E+00 ###   Fe54       --> Mn50         413574.876348       
9.065E+00 ###   Fe54       --> Fe53         236075945.829       
9.104E+00 ###   Fe54       --> Fe52         131778.988756       
9.149E+00 ###   Fe54       --> Mn51         3915365.42731       
9.193E+00 ###   Fe54       --> Mn52         4550309.60658       
9.223E+00 ###   Fe54       --> Cr49         22.5007021259       
9.261E+00 ###   Fe54       --> Co55         207974.632938       
9.298E+00 ###   Fe54       --> Fe54         114453151.897       
9.325E+00 ###   Fe54       --> V47          12118.304033        
9.356E+00 ###   Fe54       --> Mn53         403877118.991       
9.388E+00 ###   Fe54       --> Cr50         37369410.8242       
9.417E+00 ###   Fe56       --> Co55         845335432.044       
9.446E+00 ###   Fe56       --> Mn52         329450373.437       
9.468E+00 ###   Fe56       --> Mn51         2.53001350218       
9.513E+00 ###   Fe56       --> Fe55         8050196691.17       
9.564E+00 ###   Fe56       --> Fe54         378463315.972       
9.584E+00 ###   Fe56       --> Fe53         8.38602414208       
9.629E+00 ###   Fe56       --> Mn53         109015450.05        
9.670E+00 ###   Fe56       --> Mn54         56915074.2745       
9.701E+00 ###   Fe56       --> Cr51         120955.374078       
9.735E+00 ###   Fe56       --> Co57         5848557.76264       
9.768E+00 ###   Fe56       --> Fe56         1680968637.75       
9.798E+00 ###   Fe56       --> V49          1174843.18811       
9.829E+00 ###   Fe56       --> Mn55         715362266.42        
9.861E+00 ###   Fe56       --> Cr52         374707737.696       
9.894E+00 ###   Fe57       --> Fe54         52183.7852258       
9.922E+00 ###   Fe57       --> Co56         36640319.083        
9.946E+00 ###   Fe57       --> Co55         1074873.1321        
9.977E+00 ###   Fe57       --> Mn53         19968722.6313       
1.001E+01 ###   Fe57       --> Mn52         4360.74832679       
1.006E+01 ###   Fe57       --> Fe56         164897136.47        
1.011E+01 ###   Fe57       --> Fe55         33178633.716        
1.016E+01 ###   Fe57       --> Mn54         2427065.011         
1.021E+01 ###   Fe57       --> Mn55         2319212.32735       
1.024E+01 ###   Fe57       --> Cr52         551009.138609       
1.028E+01 ###   Fe57       --> Co58         102227.683704       
1.032E+01 ###   Fe57       --> Fe57         27066748.1304       
1.035E+01 ###   Fe57       --> V50          28017.8372826       
1.038E+01 ###   Fe57       --> Mn56         5147637.47599       
1.041E+01 ###   Fe57       --> Cr53         1928918.81162       
1.044E+01 ###   Fe58       --> Fe55         6414.68780283       
1.047E+01 ###   Fe58       --> Co57         11190415.5404       
1.049E+01 ###   Fe58       --> Co56         692558.874587       
1.052E+01 ###   Fe58       --> Mn54         2024539.65839       
1.056E+01 ###   Fe58       --> Mn53         34624.323756        
1.060E+01 ###   Fe58       --> Fe57         11896984.9875       
1.065E+01 ###   Fe58       --> Fe56         7789545.04264       
1.070E+01 ###   Fe58       --> Mn55         232716.626174       
1.075E+01 ###   Fe58       --> Mn56         46497.0277258       
1.078E+01 ###   Fe58       --> Cr53         607.862336665       
1.081E+01 ###   Fe58       --> Co59         13432.4749748       
1.084E+01 ###   Fe58       --> Fe58         4608236.90701       
1.087E+01 ###   Fe58       --> V51          3894.08635149       
1.090E+01 ###   Fe58       --> Mn57         97973.3183318       
1.093E+01 ###   Fe58       --> Cr54         69429.6222128       
1.093E+01 ###   
1.094E+01 ###   
1.094E+01 ###   #############################################
1.094E+01 ###   Calculate emitted reaction rates
1.094E+01 ###   #############################################
1.094E+01 ###   
1.103E+01 ###   Fe54       --> Nn1          223779307.551       
1.112E+01 ###   Fe54       --> He4          41722308.3148       
1.124E+01 ###   Fe54       --> H1           1185614187.94       
1.128E+01 ###   Fe54       --> H2           16816480.0199       
1.131E+01 ###   Fe54       --> He3          1195803.75217       
1.135E+01 ###   Fe54       --> H3           63495.6126689       
1.146E+01 ###   Fe56       --> Nn1          10459239812.3       
1.156E+01 ###   Fe56       --> He4          815365435.08        
1.169E+01 ###   Fe56       --> H1           11592247091.2       
1.174E+01 ###   Fe56       --> H2           390691314.24        
1.177E+01 ###   Fe56       --> H3           7727635.45562       
1.181E+01 ###   Fe56       --> He3          19451763.8089       
1.198E+01 ###   Fe57       --> Nn1          317362293.916       
1.205E+01 ###   Fe57       --> H2           11740193.0149       
1.217E+01 ###   Fe57       --> He4          24925914.0685       
1.231E+01 ###   Fe57       --> H1           229114996.365       
1.235E+01 ###   Fe57       --> H3           530012.860186       
1.239E+01 ###   Fe57       --> He3          621761.67143        
1.255E+01 ###   Fe58       --> Nn1          52586048.5862       
1.261E+01 ###   Fe58       --> H2           1338414.90645       
1.274E+01 ###   Fe58       --> He4          2368936.32236       
1.287E+01 ###   Fe58       --> H1           23169852.7974       
1.291E+01 ###   Fe58       --> H3           63386.958919        
1.295E+01 ###   Fe58       --> He3          45022.5126778       
1.295E+01 ###   
1.295E+01 ###   
1.295E+01 ###   #############################################
1.295E+01 ###   Saturation Times
1.296E+01 ###   #############################################
1.296E+01 ###   
1.296E+01 ###   Time where saturation is 95%
1.297E+01 ###   Co53        1.03726274277     
1.297E+01 ###   Mn50        1.22392681719     
1.297E+01 ###   Fe53        2206.77648525     
1.297E+01 ###   Fe52        128719.120064     
1.297E+01 ###   Mn51        11980.384679      
1.297E+01 ###   Mn52        2089254.61649     
1.298E+01 ###   Cr49        10865.3272305     
1.298E+01 ###   Co55        272748.238212     
1.298E+01 ###   V47         8453.6913536      
1.298E+01 ###   Mn53        5.01914153515e+14 
1.298E+01 ###   Cr50        2.45501506924e+25 
1.298E+01 ###   Fe55        374654548.569     
1.299E+01 ###   Mn54        116576230.889     
1.299E+01 ###   Cr51        10345096.7458     
1.299E+01 ###   Co57        101493998.416     
1.299E+01 ###   V49         123226813.841     
1.299E+01 ###   Co56        28841047.3435     
1.299E+01 ###   Co58        26456423.5172     
1.300E+01 ###   V50         1.90941486654e+25 
1.300E+01 ###   Mn56        40123.094881      
1.300E+01 ###   Mn57        369.092659303     
1.300E+01 ###   Nn1         2656.25700712     
1.300E+01 ###   H3          1681683831.36     
1.300E+01 ###   
3.309E+01 ###   
3.309E+01 ###   Gamma Dose - Beam End
3.309E+01 ###   Activity/Bq                    3255550778.99
3.309E+01 ###   Power eV/s                     1.86841008076e+16
3.309E+01 ###   Power J/s                      0.00299352926319
3.310E+01 ###   Dose Gy/s                      2.97685885361e-06
3.310E+01 ###   Dose Gy/hr                     0.010716691873
3.310E+01 ###   Percentage of annual dose/hr   9394.25237015
3.310E+01 ###   
3.310E+01 ###   
3.310E+01 ###   Gamma Dose - Sim End
3.311E+01 ###   Activity/Bq                    282485.729399
3.311E+01 ###   Power eV/s                     5.12323488243e+14
3.311E+01 ###   Power J/s                      8.20834446393e-05
3.311E+01 ###   Dose Gy/s                      8.16263371513e-08
3.311E+01 ###   Dose Gy/hr                     0.000293854813745
3.312E+01 ###   Percentage of annual dose/hr   257.593137249
3.312E+01 ###   
