4.687E-03 ###   Start
8.410E-01 ###   Loading isotope tendl xs
6.134E+00 ###   Load complete
6.136E+00 ###   Load EXYZ.txt
6.354E+00 ###   Run Simulation
6.356E+00 ###   Prep sim1
6.402E+00 ###   
6.404E+00 ###   #############################################
6.406E+00 ###   Starting Tally
6.408E+00 ###   #############################################
6.410E+00 ###   
6.412E+00 ###   26054       Fe54        1.630585560412975e+20
6.414E+00 ###   26056       Fe56        2.468222518377967e+21
6.415E+00 ###   26057       Fe57        5.600277953618698e+19
6.417E+00 ###   26058       Fe58        7.334611933451605e+18
6.419E+00 ###   27053       Co53        0.0               
6.422E+00 ###   25050       Mn50        0.0               
6.424E+00 ###   26053       Fe53        0.0               
6.427E+00 ###   26052       Fe52        0.0               
6.428E+00 ###   25051       Mn51        0.0               
6.430E+00 ###   25052       Mn52        0.0               
6.432E+00 ###   24049       Cr49        0.0               
6.434E+00 ###   27055       Co55        0.0               
6.436E+00 ###   23047       V47         0.0               
6.437E+00 ###   25053       Mn53        0.0               
6.439E+00 ###   24050       Cr50        0.0               
6.441E+00 ###   26055       Fe55        0.0               
6.443E+00 ###   25054       Mn54        0.0               
6.445E+00 ###   24051       Cr51        0.0               
6.446E+00 ###   27057       Co57        0.0               
6.448E+00 ###   23049       V49         0.0               
6.450E+00 ###   25055       Mn55        0.0               
6.452E+00 ###   24052       Cr52        0.0               
6.453E+00 ###   27056       Co56        0.0               
6.455E+00 ###   27058       Co58        0.0               
6.457E+00 ###   23050       V50         0.0               
6.459E+00 ###   25056       Mn56        0.0               
6.461E+00 ###   24053       Cr53        0.0               
6.463E+00 ###   27059       Co59        0.0               
6.465E+00 ###   23051       V51         0.0               
6.467E+00 ###   25057       Mn57        0.0               
6.468E+00 ###   24054       Cr54        0.0               
6.470E+00 ###   1           Nn1         0.0               
6.472E+00 ###   2004        He4         0.0               
6.474E+00 ###   1001        H1          0.0               
6.476E+00 ###   1002        H2          0.0               
6.478E+00 ###   2003        He3         0.0               
6.480E+00 ###   1003        H3          0.0               
6.481E+00 ###   1025052     Mn52-M      0.0               
6.483E+00 ###   22049       Ti49        0.0               
6.485E+00 ###   22047       Ti47        0.0               
6.487E+00 ###   22050       Ti50        0.0               
6.488E+00 ###   #############################################################################
6.494E+00 ###   Run sim1
6.496E+00 ###   
6.498E+00 ###   #############################################################################
6.500E+00 ###   #############################################################################
6.501E+00 ###   Run Sim
6.503E+00 ###   #############################################################################
6.504E+00 ###   #############################################################################
6.506E+00 ###   
6.508E+00 ###   
6.509E+00 ###   #############################################
6.511E+00 ###   Plot Ion Energy Lost
6.513E+00 ###   #############################################
6.515E+00 ###   
1.227E+01 ###   
1.227E+01 ###   #############################################
1.227E+01 ###   Number Density
1.227E+01 ###   #############################################
1.227E+01 ###   
1.228E+01 ###   Fe54         5.095579876290546e+27
1.228E+01 ###   Fe56         7.713195369931147e+28
1.228E+01 ###   Fe57         1.750086860505843e+27
1.228E+01 ###   Fe58         2.2920662292036265e+26
1.229E+01 ###   
1.229E+01 ###   #############################################
1.229E+01 ###   Calculate reaction rates
1.229E+01 ###   #############################################
1.229E+01 ###   
1.232E+01 ###   Fe54       --> Co53         307283.956904       
1.235E+01 ###   Fe54       --> Mn50         413574.876348       
1.239E+01 ###   Fe54       --> Fe53         236075945.829       
1.243E+01 ###   Fe54       --> Fe52         131778.988756       
1.247E+01 ###   Fe54       --> Mn51         3915365.42731       
1.252E+01 ###   Fe54       --> Mn52         4550309.60658       
1.255E+01 ###   Fe54       --> Cr49         22.5007021259       
1.260E+01 ###   Fe54       --> Co55         207974.632938       
1.264E+01 ###   Fe54       --> Fe54         114453151.897       
1.267E+01 ###   Fe54       --> V47          12118.304033        
1.271E+01 ###   Fe54       --> Mn53         403877118.991       
1.276E+01 ###   Fe54       --> Cr50         37369410.8242       
1.279E+01 ###   Fe56       --> Co55         845335432.044       
1.283E+01 ###   Fe56       --> Mn52         329450373.437       
1.286E+01 ###   Fe56       --> Mn51         2.53001350218       
1.291E+01 ###   Fe56       --> Fe55         8050196691.17       
1.296E+01 ###   Fe56       --> Fe54         378463315.972       
1.298E+01 ###   Fe56       --> Fe53         8.38602414208       
1.303E+01 ###   Fe56       --> Mn53         109015450.05        
1.308E+01 ###   Fe56       --> Mn54         56915074.2745       
1.312E+01 ###   Fe56       --> Cr51         120955.374078       
1.316E+01 ###   Fe56       --> Co57         5848557.76264       
1.320E+01 ###   Fe56       --> Fe56         1680968637.75       
1.324E+01 ###   Fe56       --> V49          1174843.18811       
1.327E+01 ###   Fe56       --> Mn55         715362266.42        
1.330E+01 ###   Fe56       --> Cr52         374707737.696       
1.333E+01 ###   Fe57       --> Fe54         52183.7852258       
1.336E+01 ###   Fe57       --> Co56         36640319.083        
1.339E+01 ###   Fe57       --> Co55         1074873.1321        
1.343E+01 ###   Fe57       --> Mn53         19968722.6313       
1.346E+01 ###   Fe57       --> Mn52         4360.74832679       
1.351E+01 ###   Fe57       --> Fe56         164897136.47        
1.356E+01 ###   Fe57       --> Fe55         33178633.716        
1.363E+01 ###   Fe57       --> Mn54         2427065.011         
1.368E+01 ###   Fe57       --> Mn55         2319212.32735       
1.372E+01 ###   Fe57       --> Cr52         551009.138609       
1.376E+01 ###   Fe57       --> Co58         102227.683704       
1.379E+01 ###   Fe57       --> Fe57         27066748.1304       
1.383E+01 ###   Fe57       --> V50          28017.8372826       
1.386E+01 ###   Fe57       --> Mn56         5147637.47599       
1.389E+01 ###   Fe57       --> Cr53         1928918.81162       
1.392E+01 ###   Fe58       --> Fe55         6414.68780283       
1.395E+01 ###   Fe58       --> Co57         11190415.5404       
1.397E+01 ###   Fe58       --> Co56         692558.874587       
1.400E+01 ###   Fe58       --> Mn54         2024539.65839       
1.404E+01 ###   Fe58       --> Mn53         34624.323756        
1.408E+01 ###   Fe58       --> Fe57         11896984.9875       
1.413E+01 ###   Fe58       --> Fe56         7789545.04264       
1.418E+01 ###   Fe58       --> Mn55         232716.626174       
1.423E+01 ###   Fe58       --> Mn56         46497.0277258       
1.426E+01 ###   Fe58       --> Cr53         607.862336665       
1.430E+01 ###   Fe58       --> Co59         13432.4749748       
1.434E+01 ###   Fe58       --> Fe58         4608236.90701       
1.437E+01 ###   Fe58       --> V51          3894.08635149       
1.441E+01 ###   Fe58       --> Mn57         97973.3183318       
1.445E+01 ###   Fe58       --> Cr54         69429.6222128       
1.445E+01 ###   
1.455E+01 ###   Fe54       --> Nn1          223779307.551       
1.465E+01 ###   Fe54       --> He4          41722308.3148       
1.477E+01 ###   Fe54       --> H1           1185614187.94       
1.482E+01 ###   Fe54       --> H2           16816480.0199       
1.487E+01 ###   Fe54       --> He3          1195803.75217       
1.491E+01 ###   Fe54       --> H3           63495.6126689       
1.505E+01 ###   Fe56       --> Nn1          10459239812.3       
1.514E+01 ###   Fe56       --> He4          815365435.08        
1.527E+01 ###   Fe56       --> H1           11592247091.2       
1.532E+01 ###   Fe56       --> H2           390691314.24        
1.536E+01 ###   Fe56       --> H3           7727635.45562       
1.540E+01 ###   Fe56       --> He3          19451763.8089       
1.556E+01 ###   Fe57       --> Nn1          317362293.916       
1.562E+01 ###   Fe57       --> H2           11740193.0149       
1.576E+01 ###   Fe57       --> He4          24925914.0685       
1.590E+01 ###   Fe57       --> H1           229114996.365       
1.594E+01 ###   Fe57       --> H3           530012.860186       
1.598E+01 ###   Fe57       --> He3          621761.67143        
1.615E+01 ###   Fe58       --> Nn1          52586048.5862       
1.620E+01 ###   Fe58       --> H2           1338414.90645       
1.634E+01 ###   Fe58       --> He4          2368936.32236       
1.646E+01 ###   Fe58       --> H1           23169852.7974       
1.651E+01 ###   Fe58       --> H3           63386.958919        
1.654E+01 ###   Fe58       --> He3          45022.5126778       
1.655E+01 ###   
1.655E+01 ###   
1.655E+01 ###   #############################################
1.655E+01 ###   Saturation Times
1.655E+01 ###   #############################################
1.656E+01 ###   
1.656E+01 ###   Time where saturation is 95%
1.656E+01 ###   Co53        1.03726274277     
1.656E+01 ###   Mn50        1.22392681719     
1.656E+01 ###   Fe53        2206.77648525     
1.657E+01 ###   Fe52        128719.120064     
1.657E+01 ###   Mn51        11980.384679      
1.657E+01 ###   Mn52        2089254.61649     
1.657E+01 ###   Cr49        10865.3272305     
1.657E+01 ###   Co55        272748.238212     
1.657E+01 ###   V47         8453.6913536      
1.658E+01 ###   Mn53        5.01914153515e+14 
1.658E+01 ###   Cr50        2.45501506924e+25 
1.658E+01 ###   Fe55        374654548.569     
1.658E+01 ###   Mn54        116576230.889     
1.658E+01 ###   Cr51        10345096.7458     
1.658E+01 ###   Co57        101493998.416     
1.659E+01 ###   V49         123226813.841     
1.659E+01 ###   Co56        28841047.3435     
1.659E+01 ###   Co58        26456423.5172     
1.659E+01 ###   V50         1.90941486654e+25 
1.659E+01 ###   Mn56        40123.094881      
1.660E+01 ###   Mn57        369.092659303     
1.660E+01 ###   Nn1         2656.25700712     
1.660E+01 ###   H3          1681683831.36     
1.660E+01 ###   
1.919E+01 ###   
1.919E+01 ###   #############################################
1.919E+01 ###   End of Beam Tally
1.920E+01 ###   #############################################
1.920E+01 ###   
1.920E+01 ###   26054       Fe54        1.63058555733e+20        0.0                      
1.920E+01 ###   26056       Fe56        2.46822250777e+21        0.0                      
1.920E+01 ###   26057       Fe57        5.6002779314e+19         0.0                      
1.920E+01 ###   26058       Fe58        7.33461189956e+18        0.0                      
1.921E+01 ###   27053       Co53        106396.089785            307283.956904            
1.921E+01 ###   26053       Fe53        129325966446.0           175561944.801            
1.921E+01 ###   25053       Mn53        639956280876.0           0.0038196525658          
1.921E+01 ###   24053       Cr53        1929526673.95            0.0                      
1.921E+01 ###   25050       Mn50        0.0                      0.0                      
1.922E+01 ###   24050       Cr50        0.0                      0.0                      
1.922E+01 ###   26052       Fe52        130257343.319            3031.53196708            
1.922E+01 ###   1025052     Mn52-M      1278712.96215            696.80525508             
1.922E+01 ###   24052       Cr52        375258746834.0           0.0                      
1.922E+01 ###   25052       Mn52        333765701528.0           478578.664361            
1.922E+01 ###   25051       Mn51        3464217164.78            866238.225331            
1.923E+01 ###   24051       Cr51        572044218.356            165.652518187            
1.923E+01 ###   23051       V51         3894086.35149            0.0                      
1.923E+01 ###   24049       Cr49        19665.2775775            5.42200943029            
1.923E+01 ###   23049       V49         1174831742.99            28.5610027456            
1.923E+01 ###   22049       Ti49        2349717097.07            0.0                      
1.924E+01 ###   27055       Co55        841985836439.0           9247957.60599            
1.924E+01 ###   26055       Fe55        8.08798185337e+12        64671.3842355            
1.924E+01 ###   25055       Mn55        717914195373.0           0.0                      
1.924E+01 ###   23047       V47         10203789.0346            3615.91390613            
1.924E+01 ###   22047       Ti47        22322093.0676            0.0                      
1.925E+01 ###   25054       Mn54        61365890461.6            1576.95764522            
1.925E+01 ###   24054       Cr54        69429622.2128            0.0                      
1.925E+01 ###   27057       Co57        17038721841.4            502.920859528            
1.925E+01 ###   27056       Co56        37330939133.4            3877.58106812            
1.925E+01 ###   27058       Co58        102221896.164            11.5748613263            
1.925E+01 ###   23050       V50         0.0                      0.0                      
1.926E+01 ###   22050       Ti50        0.0                      0.0                      
1.926E+01 ###   25056       Mn56        5004965428.03            373688.433189            
1.926E+01 ###   27059       Co59        13432474.9748            0.0                      
1.926E+01 ###   25057       Mn57        12067311.8739            97944.0656009            
1.926E+01 ###   1           Nn1         6.62761238076e+12        7474635267.76            
1.926E+01 ###   1001        H1          1.30301461283e+13        0.0                      
1.927E+01 ###   2004        He4         884382593785.0           0.0                      
1.927E+01 ###   1002        H2          420586402181.0           0.0                      
1.927E+01 ###   2003        He3         38083406052.4            0.0                      
1.927E+01 ###   1003        H3          8384523420.02            14.9360937766            
1.927E+01 ###   
2.908E+01 ###   
2.908E+01 ###   #############################################
2.909E+01 ###   End of Sim Tally
2.909E+01 ###   #############################################
2.909E+01 ###   
2.909E+01 ###   26054       Fe54        1.63058555733e+20        0.0                      
2.909E+01 ###   26056       Fe56        2.46822250777e+21        0.0                      
2.910E+01 ###   26057       Fe57        5.6002779314e+19         0.0                      
2.910E+01 ###   26058       Fe58        7.33461189956e+18        0.0                      
2.910E+01 ###   27053       Co53        0.0                      0.0                      
2.910E+01 ###   26053       Fe53        2202937694.43            2990521.05728            
2.910E+01 ###   25053       Mn53        767079416011.0           0.00457840159882         
2.911E+01 ###   24053       Cr53        1929526673.95            0.0                      
2.911E+01 ###   25050       Mn50        0.0                      0.0                      
2.911E+01 ###   24050       Cr50        0.0                      0.0                      
2.911E+01 ###   26052       Fe52        121472978.792            2827.0898896             
2.911E+01 ###   1025052     Mn52-M      4535627.79896            2471.58617997            
2.911E+01 ###   24052       Cr52        376691399249.0           0.0                      
2.912E+01 ###   25052       Mn52        332333145667.0           476524.556743            
2.912E+01 ###   25051       Mn51        1636119687.83            409116.792453            
2.912E+01 ###   24051       Cr51        2398752795.7             694.630639322            
2.912E+01 ###   23051       V51         3894086.35149            0.0                      
2.912E+01 ###   24049       Cr49        8599.55032597            2.37102389122            
2.913E+01 ###   23049       V49         1174757128.37            28.5591888108            
2.913E+01 ###   22049       Ti49        2349717097.07            0.0                      
2.913E+01 ###   27055       Co55        814694071828.0           8948198.30935            
2.913E+01 ###   26055       Fe55        8.11507927702e+12        64888.0548374            
2.913E+01 ###   25055       Mn55        717914195373.0           0.0                      
2.913E+01 ###   23047       V47         3524187.6389             1248.86540167            
2.914E+01 ###   22047       Ti47        22322093.0676            0.0                      
2.914E+01 ###   25054       Mn54        61361159771.0            1576.8360777             
2.914E+01 ###   24054       Cr54        69429622.2128            0.0                      
2.914E+01 ###   27057       Co57        17037213145.6            502.876328337            
2.914E+01 ###   27056       Co56        37319308202.5            3876.37295821            
2.915E+01 ###   27058       Co58        102187177.477            11.5709300357            
2.915E+01 ###   23050       V50         0.0                      0.0                      
2.915E+01 ###   22050       Ti50        0.0                      0.0                      
2.915E+01 ###   25056       Mn56        4000582146.69            298697.622539            
2.915E+01 ###   27059       Co59        13432474.9748            0.0                      
2.915E+01 ###   25057       Mn57        0.000321207985272        2.60707739303e-06        
2.916E+01 ###   1           Nn1         224885986347.0           253626891.286            
2.916E+01 ###   1001        H1          1.30301461283e+13        0.0                      
2.916E+01 ###   2004        He4         884382593785.0           0.0                      
2.916E+01 ###   1002        H2          420586402181.0           0.0                      
2.916E+01 ###   2003        He3         38083450860.6            0.0                      
2.917E+01 ###   1003        H3          8384478611.86            14.9360139558            
2.917E+01 ###   
3.885E+01 ###   
3.885E+01 ###   Gamma Dose - Beam End
3.885E+01 ###   Activity/Bq                    187011791.497
3.885E+01 ###   Power eV/s                     4.5891629182e+16
3.886E+01 ###   Power J/s                      0.00735266504429
3.886E+01 ###   Dose Gy/s                      7.31171941556e-06
3.886E+01 ###   Dose Gy/hr                     0.026322189896
3.886E+01 ###   Percentage of annual dose/hr   23074.0323365
3.886E+01 ###   
3.887E+01 ###   
3.887E+01 ###   Gamma Dose - Sim End
3.887E+01 ###   Activity/Bq                    13201158.5926
3.887E+01 ###   Power eV/s                     1.34925136766e+16
3.887E+01 ###   Power J/s                      0.00216174355624
3.887E+01 ###   Dose Gy/s                      5.1617563425e-06
3.888E+01 ###   Dose Gy/hr                     0.00773893874549
3.888E+01 ###   Percentage of annual dose/hr   6783.95390235
3.888E+01 ###   
