4.464E-03 ###   Start
8.794E-01 ###   Loading isotope tendl xs
8.641E+00 ###   Load complete
8.644E+00 ###   Load EXYZ.txt
1.278E+01 ###   Run Simulation
1.278E+01 ###   Prep sim1
1.285E+01 ###   
1.286E+01 ###   #############################################
1.286E+01 ###   Starting Tally
1.286E+01 ###   #############################################
1.287E+01 ###   
1.287E+01 ###   26054       Fe54        3.1429536676960092e+19
1.287E+01 ###   26056       Fe56        4.7574989041735316e+20
1.287E+01 ###   26057       Fe57        1.079453575560004e+19
1.288E+01 ###   26058       Fe58        1.4137464501727972e+18
1.288E+01 ###   6012        C12         1.9154473653970047e+19
1.288E+01 ###   6013        C13         1.9259847573081418e+17
1.288E+01 ###   29063       Cu63        7.938956724877902e+16
1.288E+01 ###   29065       Cu65        3.429786778008423e+16
1.289E+01 ###   25055       Mn55        7.449656284946808e+18
1.289E+01 ###   28060       Ni60        9.190961022927041e+17
1.289E+01 ###   28061       Ni61        3.929859828235443e+16
1.289E+01 ###   28062       Ni62        1.2327721842728802e+17
1.290E+01 ###   28064       Ni64        3.0415894209574764e+16
1.290E+01 ###   14028       Si28        2.9762044600901344e+16
1.290E+01 ###   14029       Si29        1459126206750858.0
1.291E+01 ###   14030       Si30        929869335659313.8 
1.291E+01 ###   24052       Cr52        4.4662210592794496e+17
1.291E+01 ###   24053       Cr53        4.968735444487695e+16
1.291E+01 ###   24054       Cr54        1.214272751722711e+16
1.291E+01 ###   23051       V51         4.713925180516024e+16
1.292E+01 ###   15031       P31         8.744174716558614e+16
1.292E+01 ###   42094       Mo94        8.241841437276395e+16
1.292E+01 ###   42095       Mo95        1.4034621025229758e+17
1.292E+01 ###   42096       Mo96        1.4552033702553504e+17
1.292E+01 ###   42097       Mo97        8.251470736805168e+16
1.293E+01 ###   27053       Co53        0.0               
1.293E+01 ###   25050       Mn50        0.0               
1.293E+01 ###   26053       Fe53        0.0               
1.293E+01 ###   26052       Fe52        0.0               
1.294E+01 ###   25051       Mn51        0.0               
1.294E+01 ###   25052       Mn52        0.0               
1.294E+01 ###   24049       Cr49        0.0               
1.294E+01 ###   27055       Co55        0.0               
1.295E+01 ###   23047       V47         0.0               
1.295E+01 ###   25053       Mn53        0.0               
1.295E+01 ###   24050       Cr50        0.0               
1.296E+01 ###   26055       Fe55        0.0               
1.296E+01 ###   25054       Mn54        0.0               
1.296E+01 ###   24051       Cr51        0.0               
1.296E+01 ###   27057       Co57        0.0               
1.296E+01 ###   23049       V49         0.0               
1.297E+01 ###   27056       Co56        0.0               
1.297E+01 ###   27058       Co58        0.0               
1.297E+01 ###   23050       V50         0.0               
1.297E+01 ###   25056       Mn56        0.0               
1.297E+01 ###   27059       Co59        0.0               
1.297E+01 ###   25057       Mn57        0.0               
1.298E+01 ###   7014        N14         0.0               
1.298E+01 ###   30062       Zn62        0.0               
1.298E+01 ###   30061       Zn61        0.0               
1.298E+01 ###   28059       Ni59        0.0               
1.298E+01 ###   28058       Ni58        0.0               
1.299E+01 ###   29062       Cu62        0.0               
1.299E+01 ###   29061       Cu61        0.0               
1.299E+01 ###   29060       Cu60        0.0               
1.299E+01 ###   30064       Zn64        0.0               
1.299E+01 ###   30063       Zn63        0.0               
1.300E+01 ###   29064       Cu64        0.0               
1.300E+01 ###   28063       Ni63        0.0               
1.300E+01 ###   27060       Co60        0.0               
1.301E+01 ###   30066       Zn66        0.0               
1.301E+01 ###   27061       Co61        0.0               
1.301E+01 ###   22048       Ti48        0.0               
1.301E+01 ###   29059       Cu59        0.0               
1.301E+01 ###   28057       Ni57        0.0               
1.302E+01 ###   27062       Co62        0.0               
1.302E+01 ###   26059       Fe59        0.0               
1.302E+01 ###   27063       Co63        0.0               
1.302E+01 ###   26060       Fe60        0.0               
1.302E+01 ###   13024       Al24        0.0               
1.303E+01 ###   14027       Si27        0.0               
1.303E+01 ###   13026       Al26        0.0               
1.303E+01 ###   15029       P29         0.0               
1.303E+01 ###   14026       Si26        0.0               
1.303E+01 ###   13025       Al25        0.0               
1.304E+01 ###   11021       Na21        0.0               
1.304E+01 ###   13027       Al27        0.0               
1.304E+01 ###   12024       Mg24        0.0               
1.304E+01 ###   12023       Mg23        0.0               
1.304E+01 ###   15028       P28         0.0               
1.305E+01 ###   15030       P30         0.0               
1.305E+01 ###   11022       Na22        0.0               
1.305E+01 ###   13028       Al28        0.0               
1.305E+01 ###   12025       Mg25        0.0               
1.306E+01 ###   11023       Na23        0.0               
1.306E+01 ###   13029       Al29        0.0               
1.306E+01 ###   12026       Mg26        0.0               
1.306E+01 ###   23048       V48         0.0               
1.307E+01 ###   22047       Ti47        0.0               
1.307E+01 ###   21045       Sc45        0.0               
1.307E+01 ###   21046       Sc46        0.0               
1.307E+01 ###   23052       V52         0.0               
1.307E+01 ###   22049       Ti49        0.0               
1.307E+01 ###   21047       Sc47        0.0               
1.308E+01 ###   23053       V53         0.0               
1.308E+01 ###   22050       Ti50        0.0               
1.308E+01 ###   22046       Ti46        0.0               
1.308E+01 ###   20044       Ca44        0.0               
1.308E+01 ###   16030       S30         0.0               
1.309E+01 ###   16032       S32         0.0               
1.309E+01 ###   10020       Ne20        0.0               
1.309E+01 ###   43093       Tc93        0.0               
1.309E+01 ###   43092       Tc92        0.0               
1.309E+01 ###   41090       Nb90        0.0               
1.310E+01 ###   41089       Nb89        0.0               
1.310E+01 ###   42093       Mo93        0.0               
1.310E+01 ###   42092       Mo92        0.0               
1.310E+01 ###   42091       Mo91        0.0               
1.311E+01 ###   41091       Nb91        0.0               
1.311E+01 ###   41092       Nb92        0.0               
1.311E+01 ###   40089       Zr89        0.0               
1.311E+01 ###   43095       Tc95        0.0               
1.311E+01 ###   39087       Y87         0.0               
1.311E+01 ###   41093       Nb93        0.0               
1.312E+01 ###   40090       Zr90        0.0               
1.312E+01 ###   43094       Tc94        0.0               
1.312E+01 ###   43096       Tc96        0.0               
1.312E+01 ###   39088       Y88         0.0               
1.312E+01 ###   41094       Nb94        0.0               
1.313E+01 ###   40091       Zr91        0.0               
1.313E+01 ###   43097       Tc97        0.0               
1.313E+01 ###   39089       Y89         0.0               
1.313E+01 ###   41095       Nb95        0.0               
1.313E+01 ###   40092       Zr92        0.0               
1.314E+01 ###   43098       Tc98        0.0               
1.314E+01 ###   39090       Y90         0.0               
1.314E+01 ###   41096       Nb96        0.0               
1.314E+01 ###   40093       Zr93        0.0               
1.314E+01 ###   1           Nn1         0.0               
1.315E+01 ###   2004        He4         0.0               
1.315E+01 ###   1001        H1          0.0               
1.315E+01 ###   1002        H2          0.0               
1.315E+01 ###   2003        He3         0.0               
1.315E+01 ###   1003        H3          0.0               
1.316E+01 ###   1025052     Mn52-M      0.0               
1.316E+01 ###   1027060     Co60-M      0.0               
1.316E+01 ###   1013026     Al26-M      0.0               
1.316E+01 ###   10021       Ne21        0.0               
1.316E+01 ###   10022       Ne22        0.0               
1.317E+01 ###   1041093     Nb93-M      0.0               
1.317E+01 ###   1040090     Zr90-M      0.0               
1.317E+01 ###   1039089     Y89-M       0.0               
1.317E+01 ###   1040089     Zr89-M      0.0               
1.317E+01 ###   1041091     Nb91-M      0.0               
1.317E+01 ###   1038087     Sr87-M      0.0               
1.318E+01 ###   37087       Rb87        0.0               
1.318E+01 ###   38087       Sr87        0.0               
1.318E+01 ###   38088       Sr88        0.0               
1.318E+01 ###   44098       Ru98        0.0               
1.319E+01 ###   #############################################################################
1.320E+01 ###   Run sim1
1.320E+01 ###   
1.320E+01 ###   #############################################################################
1.320E+01 ###   #############################################################################
1.321E+01 ###   Run Sim
1.321E+01 ###   #############################################################################
1.321E+01 ###   #############################################################################
1.321E+01 ###   
1.321E+01 ###   
1.321E+01 ###   #############################################
1.322E+01 ###   Plot Ion Energy Lost
1.322E+01 ###   #############################################
1.322E+01 ###   
2.199E+01 ###   
2.200E+01 ###   #############################################
2.200E+01 ###   Number Density
2.200E+01 ###   #############################################
2.200E+01 ###   
2.201E+01 ###   Fe54         4.9108651057750145e+27
2.201E+01 ###   Fe56         7.4335920377711426e+28
2.201E+01 ###   Fe57         1.6866462118125062e+27
2.202E+01 ###   Fe58         2.2089788283949954e+26
2.202E+01 ###   C12          2.99288650843282e+27
2.202E+01 ###   C13          3.0093511832939716e+25
2.202E+01 ###   Cu63         1.2404619882621723e+25
2.203E+01 ###   Cu65         5.359041840638161e+24
2.203E+01 ###   Mn55         1.1640087945229387e+27
2.203E+01 ###   Ni60         1.43608765983235e+26
2.203E+01 ###   Ni61         6.140405981617879e+24
2.203E+01 ###   Ni62         1.926206537926375e+25
2.204E+01 ###   Ni64         4.752483470246057e+24
2.204E+01 ###   Si28         4.650319468890835e+24
2.204E+01 ###   Si29         2.2798846980482155e+23
2.205E+01 ###   Si30         1.4529208369676776e+23
2.205E+01 ###   Cr52         6.97847040512414e+25
2.205E+01 ###   Cr53         7.763649132012024e+24
2.205E+01 ###   Cr54         1.8973011745667357e+24
2.205E+01 ###   V51          7.365508094556287e+24
2.206E+01 ###   P31          1.3662772994622835e+25
2.206E+01 ###   Mo94         1.2877877245744368e+25
2.206E+01 ###   Mo95         2.1929095351921498e+25
2.206E+01 ###   Mo96         2.273755266023985e+25
2.206E+01 ###   Mo97         1.2892923026258074e+25
2.207E+01 ###   
2.207E+01 ###   #############################################
2.207E+01 ###   Calculate reaction rates
2.208E+01 ###   #############################################
2.208E+01 ###   
3.294E+01 ###   Fe54       --> Mn51         1.54062703256e-08   
4.028E+01 ###   Fe54       --> Co55         6077.33918633       
4.254E+01 ###   Fe54       --> Fe54         1868505.59586       
6.309E+01 ###   Fe56       --> Mn53         437.066308775       
7.046E+01 ###   Fe56       --> Co57         487349.626082       
7.290E+01 ###   Fe56       --> Fe56         58301409.7355       
9.637E+01 ###   Fe57       --> Mn54         289.313452813       
1.033E+02 ###   Fe57       --> Co58         7889.07850101       
1.057E+02 ###   Fe57       --> Fe57         1050725.63858       
1.286E+02 ###   Fe58       --> Mn55         68.6992983994       
1.357E+02 ###   Fe58       --> Co59         1841.24226735       
1.381E+02 ###   Fe58       --> Fe58         46187.3834675       
1.472E+02 ###   C13        --> N14          6.52012152744       
1.643E+02 ###   Cu63       --> Ni60         1718.45908357       
1.713E+02 ###   Cu63       --> Zn64         124.84393152        
1.737E+02 ###   Cu63       --> Cu63         6764.02558776       
1.759E+02 ###   Cu63       --> Fe56         5.82148855017e-15   
2.002E+02 ###   Cu65       --> Ni62         194.465142923       
2.075E+02 ###   Cu65       --> Zn66         28.0983150696       
2.099E+02 ###   Cu65       --> Cu65         236.431306356       
2.120E+02 ###   Cu65       --> Fe58         3.02841717161e-13   
2.325E+02 ###   Mn55       --> Cr52         8307.33171854       
2.398E+02 ###   Mn55       --> Fe56         3981.83839878       
2.422E+02 ###   Mn55       --> Mn55         226301.735288       
2.625E+02 ###   Ni60       --> Co57         8.26533496681       
2.697E+02 ###   Ni60       --> Cu61         705.207008156       
2.721E+02 ###   Ni60       --> Ni60         65680.4581814       
2.953E+02 ###   Ni61       --> Co58         1.96177038116       
3.024E+02 ###   Ni61       --> Cu62         56.2053440309       
3.049E+02 ###   Ni61       --> Ni61         5487.24068456       
3.282E+02 ###   Ni62       --> Co59         12.828594271        
3.353E+02 ###   Ni62       --> Cu63         190.917166176       
3.377E+02 ###   Ni62       --> Ni62         8044.29220661       
3.615E+02 ###   Ni64       --> Co61         0.138917914494      
3.688E+02 ###   Ni64       --> Cu65         24.1104489486       
3.711E+02 ###   Ni64       --> Ni64         73.8183771657       
3.861E+02 ###   Si28       --> P29          0.0853179405141     
3.884E+02 ###   Si28       --> Si28         8148.13196546       
4.181E+02 ###   Si29       --> P30          0.0461122607692     
4.204E+02 ###   Si29       --> Si29         677.958946316       
4.389E+02 ###   Si30       --> Al27         0.383149852247      
4.462E+02 ###   Si30       --> P31          0.262150775815      
4.485E+02 ###   Si30       --> Si30         187.606892021       
4.687E+02 ###   Cr52       --> V49          2.64460811847e-05   
4.758E+02 ###   Cr52       --> Mn53         1056.60791936       
4.781E+02 ###   Cr52       --> Cr52         44310.5753044       
5.009E+02 ###   Cr53       --> V50          0.00286551559081    
5.079E+02 ###   Cr53       --> Mn54         28.8994963983       
5.103E+02 ###   Cr53       --> Cr53         1431.62535589       
5.334E+02 ###   Cr54       --> V51          0.730379407752      
5.406E+02 ###   Cr54       --> Mn55         9.55533487284       
5.430E+02 ###   Cr54       --> Cr54         241.519662128       
5.658E+02 ###   V51        --> Ti48         12.0822038765       
5.730E+02 ###   V51        --> Cr52         39.3179195131       
5.755E+02 ###   V51        --> V51          1992.13308977       
5.929E+02 ###   P31        --> Si28         21113.6087438       
6.002E+02 ###   P31        --> S32          6.91627938818       
6.025E+02 ###   P31        --> P31          26792.2278954       
6.269E+02 ###   Mo94       --> Nb91         10.0503815919       
6.341E+02 ###   Mo94       --> Tc95         342.182296081       
6.365E+02 ###   Mo94       --> Mo94         576.071240932       
6.385E+02 ###   Mo94       --> Y87          6.58933417483e-16   
6.425E+02 ###   Mo94       --> Zr90         9.2262969886e-13    
6.507E+02 ###   Mo95       --> Nb91         2.88896884929e-08   
6.603E+02 ###   Mo95       --> Nb92         0.599431762138      
6.674E+02 ###   Mo95       --> Tc96         24.8923288821       
6.698E+02 ###   Mo95       --> Mo95         40.7048478723       
6.720E+02 ###   Mo95       --> Y88          8.97947641477e-14   
6.761E+02 ###   Mo95       --> Zr91         9.70141425186e-15   
6.939E+02 ###   Mo96       --> Nb93         0.415508797692      
7.008E+02 ###   Mo96       --> Tc97         155.019357228       
7.033E+02 ###   Mo96       --> Mo96         21.4726617925       
7.058E+02 ###   Mo96       --> Y89          5.86184699163e-15   
7.096E+02 ###   Mo96       --> Zr92         3.41253896966e-13   
7.176E+02 ###   Mo97       --> Nb93         9.54630169867e-10   
7.238E+02 ###   Mo97       --> Mo96         7.0398304228e-12    
7.292E+02 ###   Mo97       --> Nb94         0.0754109801463     
7.382E+02 ###   Mo97       --> Tc98         3.82072052817       
7.407E+02 ###   Mo97       --> Mo97         4.70877273492       
7.432E+02 ###   Mo97       --> Y90          3.32385561384e-15   
7.473E+02 ###   Mo97       --> Zr93         3.49317591935e-15   
7.473E+02 ###   
7.546E+02 ###   Fe54       --> He4          1.54062703256e-08   
7.590E+02 ###   Fe54       --> H1           1868505.59586       
7.743E+02 ###   Fe56       --> He4          437.066308775       
7.790E+02 ###   Fe56       --> H1           58301409.7355       
8.001E+02 ###   Fe57       --> He4          289.313452813       
8.051E+02 ###   Fe57       --> H1           1050725.63858       
8.231E+02 ###   Fe58       --> He4          68.6992983994       
8.276E+02 ###   Fe58       --> H1           46187.3834675       
8.429E+02 ###   Cu63       --> He4          1718.45908357       
8.472E+02 ###   Cu63       --> H1           6764.02558776       
8.695E+02 ###   Cu65       --> He4          194.465142923       
8.740E+02 ###   Cu65       --> H1           236.431306356       
8.885E+02 ###   Mn55       --> He4          8307.33171854       
8.931E+02 ###   Mn55       --> H1           226301.735288       
9.090E+02 ###   Ni60       --> He4          8.26533496681       
9.136E+02 ###   Ni60       --> H1           65680.4581814       
9.348E+02 ###   Ni61       --> He4          1.96177038116       
9.395E+02 ###   Ni61       --> H1           5487.24068456       
9.567E+02 ###   Ni62       --> He4          12.828594271        
9.612E+02 ###   Ni62       --> H1           8044.29220661       
9.794E+02 ###   Ni64       --> He4          0.138917914494      
9.841E+02 ###   Ni64       --> H1           73.8183771657       
9.980E+02 ###   Si28       --> H1           8148.13196546       
1.016E+03 ###   Si29       --> H1           677.958946316       
1.030E+03 ###   Si30       --> He4          0.383149852247      
1.034E+03 ###   Si30       --> H1           187.606892021       
1.050E+03 ###   Cr52       --> He4          2.64460811847e-05   
1.054E+03 ###   Cr52       --> H1           44310.5753044       
1.075E+03 ###   Cr53       --> He4          0.00286551559081    
1.080E+03 ###   Cr53       --> H1           1431.62535589       
1.096E+03 ###   Cr54       --> He4          0.730379407752      
1.101E+03 ###   Cr54       --> H1           241.519662128       
1.115E+03 ###   V51        --> He4          12.0822038765       
1.120E+03 ###   V51        --> H1           1992.13308977       
1.135E+03 ###   P31        --> He4          21113.6087438       
1.140E+03 ###   P31        --> H1           26792.2278954       
1.157E+03 ###   Mo94       --> He4          10.0503815919       
1.162E+03 ###   Mo94       --> H1           576.071240932       
1.175E+03 ###   Mo95       --> Nn1          2.88896884929e-08   
1.184E+03 ###   Mo95       --> He4          0.599431791028      
1.189E+03 ###   Mo95       --> H1           40.7048478723       
1.208E+03 ###   Mo96       --> He4          0.415508797692      
1.213E+03 ###   Mo96       --> H1           21.4726617925       
1.226E+03 ###   Mo97       --> Nn1          9.54630169867e-10   
1.229E+03 ###   Mo97       --> H2           7.0398304228e-12    
1.235E+03 ###   Mo97       --> He4          0.0754109811009     
1.240E+03 ###   Mo97       --> H1           4.70877273492       
1.244E+03 ###   
1.244E+03 ###   
1.244E+03 ###   #############################################
1.244E+03 ###   Saturation Times
1.244E+03 ###   #############################################
1.244E+03 ###   
1.245E+03 ###   Time where saturation is 95%
1.245E+03 ###   Mn51        11980.384679      
1.245E+03 ###   Co55        272748.238212     
1.245E+03 ###   Mn53        5.01914153515e+14 
1.245E+03 ###   Mn54        116576230.889     
1.245E+03 ###   Co57        101493998.416     
1.245E+03 ###   V49         123226813.841     
1.245E+03 ###   Co58        26456423.5172     
1.245E+03 ###   V50         1.90941486654e+25 
1.245E+03 ###   Cu62        2528.32793551     
1.245E+03 ###   Cu61        52371.3958826     
1.245E+03 ###   Zn64        3.13696345947e+26 
1.245E+03 ###   Co61        25672.2528836     
1.245E+03 ###   P29         17.901426169      
1.245E+03 ###   P30         647.770582862     
1.245E+03 ###   Nb91        92745119373.8     
1.245E+03 ###   Nb92        4.77365601936e+15 
1.245E+03 ###   Tc95        311178.822832     
1.245E+03 ###   Y87         1241603.5031      
1.245E+03 ###   Tc96        1598214.43406     
1.245E+03 ###   Y88         39817188.8104     
1.245E+03 ###   Nb94        2.72592648801e+12 
1.245E+03 ###   Tc97        3.546133358e+14   
1.245E+03 ###   Tc98        5.86464032836e+14 
1.245E+03 ###   Y90         995772.233062     
1.245E+03 ###   Zr93        2.19582904139e+14 
1.245E+03 ###   Nn1         2656.25700712     
1.245E+03 ###   
1.249E+03 ###   
1.249E+03 ###   #############################################
1.249E+03 ###   End of Beam Tally
1.249E+03 ###   #############################################
1.249E+03 ###   
1.249E+03 ###   26054       Fe54        3.14295366764e+19        0.0                      
1.249E+03 ###   26056       Fe56        4.75749890376e+20        0.0                      
1.249E+03 ###   26057       Fe57        1.07945358391e+19        0.0                      
1.249E+03 ###   26058       Fe58        1.41374645137e+18        0.0                      
1.249E+03 ###   6012        C12         1.9154473653970047e+19   0.0                      
1.249E+03 ###   6013        C13         1.9259847573e+17         0.0                      
1.249E+03 ###   29063       Cu63        7.9389567106e+16         0.0                      
1.249E+03 ###   29065       Cu65        3.42978677629e+16        0.0                      
1.249E+03 ###   25055       Mn55        7.44965628494e+18        0.0                      
1.249E+03 ###   28060       Ni60        9.1909610238e+17         0.0                      
1.249E+03 ###   28061       Ni61        3.92985983505e+16        0.0                      
1.249E+03 ###   28062       Ni62        1.23277218431e+17        0.0                      
1.249E+03 ###   28064       Ni64        3.04158942075e+16        0.0                      
1.249E+03 ###   14028       Si28        2.97620464251e+16        0.0                      
1.249E+03 ###   14029       Si29        1.45912620675e+15        0.0                      
1.249E+03 ###   14030       Si30        9.29869335608e+14        0.0                      
1.249E+03 ###   24052       Cr52        4.46622106558e+17        0.0                      
1.249E+03 ###   24053       Cr53        4.96873547005e+16        0.0                      
1.249E+03 ###   24054       Cr54        1.21427275713e+16        0.0                      
1.249E+03 ###   23051       V51         4.71392518008e+16        0.0                      
1.249E+03 ###   15031       P31         8.74417453408e+16        0.0                      
1.249E+03 ###   42094       Mo94        8.24184143423e+16        0.0                      
1.249E+03 ###   42095       Mo95        1.403462103e+17          0.0                      
1.249E+03 ###   42096       Mo96        1.45520337016e+17        0.0                      
1.249E+03 ###   42097       Mo97        8.25147073945e+16        0.0                      
1.249E+03 ###   27053       Co53        0.0                      0.0                      
1.249E+03 ###   25050       Mn50        0.0                      0.0                      
1.249E+03 ###   26053       Fe53        0.0                      0.0                      
1.249E+03 ###   26052       Fe52        0.0                      0.0                      
1.249E+03 ###   25051       Mn51        6.16119960126e-05        1.54062703192e-08        
1.249E+03 ###   24051       Cr51        0.00125442860508         3.6325733335e-10         
1.249E+03 ###   25052       Mn52        0.0                      0.0                      
1.249E+03 ###   24049       Cr49        0.0                      0.0                      
1.249E+03 ###   27055       Co55        339105936.352            3724.57253745            
1.249E+03 ###   26055       Fe55        185930190.843            1.48669507807            
1.249E+03 ###   23047       V47         0.0                      0.0                      
1.249E+03 ###   25053       Mn53        129053453.311            7.70270358762e-07        
1.249E+03 ###   24050       Cr50        0.0                      0.0                      
1.249E+03 ###   25054       Mn54        27463099.7158            0.705736439778           
1.249E+03 ###   27057       Co57        42054075610.9            1241.28277049            
1.249E+03 ###   23049       V49         2.28254339559            5.54902679279e-08        
1.249E+03 ###   22049       Ti49        0.0                      0.0                      
1.249E+03 ###   27056       Co56        0.0                      0.0                      
1.249E+03 ###   27058       Co58        678461669.164            76.8240468091            
1.249E+03 ###   23050       V50         0.0                      0.0                      
1.249E+03 ###   22050       Ti50        0.0                      0.0                      
1.249E+03 ###   25056       Mn56        0.0                      0.0                      
1.249E+03 ###   27059       Co59        160191722.444            0.0                      
1.249E+03 ###   25057       Mn57        0.0                      0.0                      
1.249E+03 ###   7014        N14         563338.49997             0.0                      
1.249E+03 ###   30062       Zn62        0.0                      0.0                      
1.249E+03 ###   30061       Zn61        0.0                      0.0                      
1.249E+03 ###   28059       Ni59        0.0                      0.0                      
1.249E+03 ###   28058       Ni58        0.0                      0.0                      
1.249E+03 ###   29062       Cu62        47435.9950964            56.2053440309            
1.249E+03 ###   29061       Cu61        12240421.0745            700.172753403            
1.249E+03 ###   29060       Cu60        0.0                      0.0                      
1.249E+03 ###   30064       Zn64        0.0                      0.0                      
1.249E+03 ###   30063       Zn63        0.0                      0.0                      
1.249E+03 ###   29064       Cu64        0.0                      0.0                      
1.249E+03 ###   28063       Ni63        0.0                      0.0                      
1.249E+03 ###   27060       Co60        0.0                      0.0                      
1.249E+03 ###   30066       Zn66        2427694.42201            0.0                      
1.249E+03 ###   27061       Co61        1190.42236151            0.138912104975           
1.249E+03 ###   22048       Ti48        1043902.41493            0.0                      
1.249E+03 ###   29059       Cu59        0.0                      0.0                      
1.249E+03 ###   28057       Ni57        0.0                      0.0                      
1.249E+03 ###   27062       Co62        0.0                      0.0                      
1.249E+03 ###   26059       Fe59        0.0                      0.0                      
1.249E+03 ###   27063       Co63        0.0                      0.0                      
1.249E+03 ###   26060       Fe60        0.0                      0.0                      
1.249E+03 ###   13024       Al24        0.0                      0.0                      
1.249E+03 ###   14027       Si27        0.0                      0.0                      
1.249E+03 ###   13026       Al26        0.0                      0.0                      
1.249E+03 ###   15029       P29         0.509829542009           0.0853179405141          
1.249E+03 ###   14026       Si26        0.0                      0.0                      
1.249E+03 ###   13025       Al25        0.0                      0.0                      
1.249E+03 ###   11021       Na21        0.0                      0.0                      
1.249E+03 ###   13027       Al27        33104.1472342            0.0                      
1.249E+03 ###   12024       Mg24        0.0                      0.0                      
1.249E+03 ###   12023       Mg23        0.0                      0.0                      
1.249E+03 ###   15028       P28         0.0                      0.0                      
1.249E+03 ###   15030       P30         9.9709063788             0.0461122607692          
1.249E+03 ###   11022       Na22        0.0                      0.0                      
1.249E+03 ###   13028       Al28        0.0                      0.0                      
1.249E+03 ###   12025       Mg25        0.0                      0.0                      
1.249E+03 ###   11023       Na23        0.0                      0.0                      
1.249E+03 ###   13029       Al29        0.0                      0.0                      
1.249E+03 ###   12026       Mg26        0.0                      0.0                      
1.249E+03 ###   23048       V48         0.0                      0.0                      
1.249E+03 ###   22047       Ti47        0.0                      0.0                      
1.249E+03 ###   21045       Sc45        0.0                      0.0                      
1.249E+03 ###   21046       Sc46        0.0                      0.0                      
1.249E+03 ###   23052       V52         0.0                      0.0                      
1.249E+03 ###   21047       Sc47        0.0                      0.0                      
1.249E+03 ###   23053       V53         0.0                      0.0                      
1.249E+03 ###   22046       Ti46        0.0                      0.0                      
1.249E+03 ###   20044       Ca44        0.0                      0.0                      
1.249E+03 ###   16030       S30         0.0                      0.0                      
1.249E+03 ###   16032       S32         597566.539139            0.0                      
1.249E+03 ###   10020       Ne20        0.0                      0.0                      
1.249E+03 ###   43093       Tc93        0.0                      0.0                      
1.249E+03 ###   43092       Tc92        0.0                      0.0                      
1.249E+03 ###   41090       Nb90        0.0                      0.0                      
1.249E+03 ###   41089       Nb89        0.0                      0.0                      
1.249E+03 ###   42093       Mo93        0.0                      0.0                      
1.249E+03 ###   42092       Mo92        0.0                      0.0                      
1.249E+03 ###   42091       Mo91        0.0                      0.0                      
1.249E+03 ###   41091       Nb91        868351.760364            2.80483696704e-05        
1.249E+03 ###   40091       Zr91        8.38202191361e-10        0.0                      
1.249E+03 ###   41092       Nb92        51790.9042487            3.25016471034e-11        
1.249E+03 ###   40092       Zr92        2.94843366979e-08        0.0                      
1.249E+03 ###   40089       Zr89        0.0                      0.0                      
1.249E+03 ###   43095       Tc95        20072495.4906            193.23880078             
1.249E+03 ###   39087       Y87         5.13894201541e-11        1.23992034567e-16        
1.249E+03 ###   1038087     Sr87-M      1.52821389205e-12        1.04489933571e-16        
1.249E+03 ###   37087       Rb87        1.07570762698e-14        4.9122380986e-33         
1.249E+03 ###   38087       Sr87        1.09861248616e-10        0.0                      
1.249E+03 ###   41093       Nb93        35899.9602031            0.0                      
1.249E+03 ###   40090       Zr90        8.02552788711e-08        0.0                      
1.249E+03 ###   43094       Tc94        0.0                      0.0                      
1.249E+03 ###   43096       Tc96        1985576.95228            3.72181406373            
1.249E+03 ###   39088       Y88         7.73310589953e-09        5.81816939119e-16        
1.249E+03 ###   38088       Sr88        1.54913735219e-08        0.0                      
1.249E+03 ###   41094       Nb94        6515.50838086            7.16039805953e-09        
1.249E+03 ###   43097       Tc97        13393672.4645            1.13148189345e-07        
1.249E+03 ###   39089       Y89         5.06463580077e-10        0.0                      
1.249E+03 ###   41095       Nb95        0.0                      0.0                      
1.249E+03 ###   43098       Tc98        330110.253634            1.68624482538e-09        
1.249E+03 ###   44098       Ru98        660220.470848            0.0                      
1.249E+03 ###   39090       Y90         2.5289176455e-10         7.60812558962e-16        
1.249E+03 ###   41096       Nb96        0.0                      0.0                      
1.249E+03 ###   40093       Zr93        3.01810399432e-10        4.1175480287e-24         
1.249E+03 ###   1041093     Nb93-M      1.30158504588e-19        1.77352772138e-28        
1.249E+03 ###   1           Nn1         2.64623715779e-05        2.98443186628e-08        
1.249E+03 ###   1001        H1          5.32775587032e+12        0.0                      
1.249E+03 ###   2004        He4         2780047675.41            0.0                      
1.249E+03 ###   1002        H2          6.0824134853e-07         0.0                      
1.249E+03 ###   2003        He3         0.0                      0.0                      
1.249E+03 ###   1003        H3          0.0                      0.0                      
1.249E+03 ###   
1.286E+03 ###   
1.286E+03 ###   #############################################
1.286E+03 ###   End of Sim Tally
1.286E+03 ###   #############################################
1.286E+03 ###   
1.286E+03 ###   26054       Fe54        3.14295366764e+19        0.0                      
1.286E+03 ###   26056       Fe56        4.75749890376e+20        0.0                      
1.286E+03 ###   26057       Fe57        1.079453584e+19          0.0                      
1.286E+03 ###   26058       Fe58        1.41374645143e+18        0.0                      
1.286E+03 ###   6012        C12         1.9154473653970047e+19   0.0                      
1.286E+03 ###   6013        C13         1.9259847573e+17         0.0                      
1.286E+03 ###   29063       Cu63        7.9389567106e+16         0.0                      
1.286E+03 ###   29065       Cu65        3.42978677629e+16        0.0                      
1.286E+03 ###   25055       Mn55        7.44965628494e+18        0.0                      
1.286E+03 ###   28060       Ni60        9.1909610238e+17         0.0                      
1.286E+03 ###   28061       Ni61        3.92985983628e+16        0.0                      
1.286E+03 ###   28062       Ni62        1.23277218431e+17        0.0                      
1.286E+03 ###   28064       Ni64        3.04158942075e+16        0.0                      
1.286E+03 ###   14028       Si28        2.97620464251e+16        0.0                      
1.286E+03 ###   14029       Si29        1.45912620675e+15        0.0                      
1.286E+03 ###   14030       Si30        9.29869335608e+14        0.0                      
1.286E+03 ###   24052       Cr52        4.46622106558e+17        0.0                      
1.286E+03 ###   24053       Cr53        4.96873547005e+16        0.0                      
1.286E+03 ###   24054       Cr54        1.21427275718e+16        0.0                      
1.286E+03 ###   23051       V51         4.71392518008e+16        0.0                      
1.286E+03 ###   15031       P31         8.74417453408e+16        0.0                      
1.286E+03 ###   42094       Mo94        8.24184143423e+16        0.0                      
1.286E+03 ###   42095       Mo95        1.4034621032e+17         0.0                      
1.286E+03 ###   42096       Mo96        1.45520337018e+17        0.0                      
1.286E+03 ###   42097       Mo97        8.25147073945e+16        0.0                      
1.286E+03 ###   27053       Co53        0.0                      0.0                      
1.286E+03 ###   25050       Mn50        0.0                      0.0                      
1.286E+03 ###   26053       Fe53        0.0                      0.0                      
1.286E+03 ###   26052       Fe52        0.0                      0.0                      
1.286E+03 ###   25051       Mn51        2.21252035162e-89        5.53247562648e-93        
1.286E+03 ###   24051       Cr51        0.00105075044414         3.04276228085e-10        
1.286E+03 ###   25052       Mn52        0.0                      0.0                      
1.286E+03 ###   24049       Cr49        0.0                      0.0                      
1.286E+03 ###   27055       Co55        66240.5315478            0.727553363775           
1.286E+03 ###   26055       Fe55        521960977.97             4.17359232182            
1.286E+03 ###   23047       V47         0.0                      0.0                      
1.286E+03 ###   25053       Mn53        129053452.712            7.70270355187e-07        
1.286E+03 ###   24050       Cr50        0.0                      0.0                      
1.286E+03 ###   25054       Mn54        26919765.718             0.691774046416           
1.286E+03 ###   27057       Co57        41099846707.5            1213.1174172             
1.286E+03 ###   23049       V49         2.23979945222            5.44511319909e-08        
1.286E+03 ###   22049       Ti49        0.0                      0.0                      
1.286E+03 ###   27056       Co56        0.0                      0.0                      
1.286E+03 ###   27058       Co58        621277745.065            70.348956673             
1.286E+03 ###   23050       V50         0.0                      0.0                      
1.286E+03 ###   22050       Ti50        0.0                      0.0                      
1.286E+03 ###   25056       Mn56        0.0                      0.0                      
1.286E+03 ###   27059       Co59        160191722.444            0.0                      
1.286E+03 ###   25057       Mn57        0.0                      0.0                      
1.286E+03 ###   7014        N14         563338.49997             0.0                      
1.286E+03 ###   30062       Zn62        0.0                      0.0                      
1.286E+03 ###   30061       Zn61        0.0                      0.0                      
1.286E+03 ###   28059       Ni59        0.0                      0.0                      
1.286E+03 ###   28058       Ni58        0.0                      0.0                      
1.286E+03 ###   29062       Cu62        0.0                      0.0                      
1.286E+03 ###   29061       Cu61        5.89336692094e-13        3.37110538824e-17        
1.286E+03 ###   29060       Cu60        0.0                      0.0                      
1.286E+03 ###   30064       Zn64        0.0                      0.0                      
1.286E+03 ###   30063       Zn63        0.0                      0.0                      
1.286E+03 ###   29064       Cu64        0.0                      0.0                      
1.286E+03 ###   28063       Ni63        0.0                      0.0                      
1.286E+03 ###   27060       Co60        0.0                      0.0                      
1.286E+03 ###   30066       Zn66        2427694.42201            0.0                      
1.286E+03 ###   27061       Co61        4.65734068248e-37        5.43471811948e-41        
1.286E+03 ###   22048       Ti48        1043902.41493            0.0                      
1.286E+03 ###   29059       Cu59        0.0                      0.0                      
1.286E+03 ###   28057       Ni57        0.0                      0.0                      
1.286E+03 ###   27062       Co62        0.0                      0.0                      
1.286E+03 ###   26059       Fe59        0.0                      0.0                      
1.286E+03 ###   27063       Co63        0.0                      0.0                      
1.286E+03 ###   26060       Fe60        0.0                      0.0                      
1.286E+03 ###   13024       Al24        0.0                      0.0                      
1.286E+03 ###   14027       Si27        0.0                      0.0                      
1.286E+03 ###   13026       Al26        0.0                      0.0                      
1.286E+03 ###   15029       P29         0.0                      0.0                      
1.286E+03 ###   14026       Si26        0.0                      0.0                      
1.286E+03 ###   13025       Al25        0.0                      0.0                      
1.286E+03 ###   11021       Na21        0.0                      0.0                      
1.286E+03 ###   13027       Al27        33104.1472342            0.0                      
1.286E+03 ###   12024       Mg24        0.0                      0.0                      
1.286E+03 ###   12023       Mg23        0.0                      0.0                      
1.286E+03 ###   15028       P28         0.0                      0.0                      
1.286E+03 ###   15030       P30         0.0                      0.0                      
1.286E+03 ###   11022       Na22        0.0                      0.0                      
1.286E+03 ###   13028       Al28        0.0                      0.0                      
1.286E+03 ###   12025       Mg25        0.0                      0.0                      
1.286E+03 ###   11023       Na23        0.0                      0.0                      
1.286E+03 ###   13029       Al29        0.0                      0.0                      
1.286E+03 ###   12026       Mg26        0.0                      0.0                      
1.286E+03 ###   23048       V48         0.0                      0.0                      
1.286E+03 ###   22047       Ti47        0.0                      0.0                      
1.286E+03 ###   21045       Sc45        0.0                      0.0                      
1.286E+03 ###   21046       Sc46        0.0                      0.0                      
1.286E+03 ###   23052       V52         0.0                      0.0                      
1.286E+03 ###   21047       Sc47        0.0                      0.0                      
1.286E+03 ###   23053       V53         0.0                      0.0                      
1.286E+03 ###   22046       Ti46        0.0                      0.0                      
1.286E+03 ###   20044       Ca44        0.0                      0.0                      
1.286E+03 ###   16030       S30         0.0                      0.0                      
1.286E+03 ###   16032       S32         597566.539139            0.0                      
1.286E+03 ###   10020       Ne20        0.0                      0.0                      
1.286E+03 ###   43093       Tc93        0.0                      0.0                      
1.286E+03 ###   43092       Tc92        0.0                      0.0                      
1.286E+03 ###   41090       Nb90        0.0                      0.0                      
1.286E+03 ###   41089       Nb89        0.0                      0.0                      
1.286E+03 ###   42093       Mo93        0.0                      0.0                      
1.286E+03 ###   42092       Mo92        0.0                      0.0                      
1.286E+03 ###   42091       Mo91        0.0                      0.0                      
1.286E+03 ###   41091       Nb91        868329.950225            2.80476651876e-05        
1.286E+03 ###   40091       Zr91        8.38202191361e-10        0.0                      
1.286E+03 ###   41092       Nb92        51790.9042234            3.25016470875e-11        
1.286E+03 ###   40092       Zr92        2.94843366979e-08        0.0                      
1.286E+03 ###   40089       Zr89        0.0                      0.0                      
1.286E+03 ###   43095       Tc95        11258.4192142            0.10838529911            
1.286E+03 ###   39087       Y87         7.87146708987e-12        1.89922209002e-17        
1.286E+03 ###   1038087     Sr87-M      2.8793062617e-13         1.96869379071e-17        
1.286E+03 ###   37087       Rb87        1.4503178526e-13         6.62290238717e-32        
1.286E+03 ###   38087       Sr87        1.09861248616e-10        0.0                      
1.286E+03 ###   41093       Nb93        35899.9602031            0.0                      
1.286E+03 ###   40090       Zr90        8.04837948596e-08        0.0                      
1.286E+03 ###   43094       Tc94        0.0                      0.0                      
1.286E+03 ###   43096       Tc96        462252.983461            0.866458312217           
1.286E+03 ###   39088       Y88         7.29366499932e-09        5.48754653046e-16        
1.286E+03 ###   38088       Sr88        1.54913735219e-08        0.0                      
1.286E+03 ###   41094       Nb94        6515.50281294            7.16039194051e-09        
1.286E+03 ###   43097       Tc97        13393672.3765            1.13148188602e-07        
1.286E+03 ###   39089       Y89         5.06463580077e-10        0.0                      
1.286E+03 ###   41095       Nb95        0.0                      0.0                      
1.286E+03 ###   43098       Tc98        330110.252323            1.68624481868e-09        
1.286E+03 ###   44098       Ru98        660220.470848            0.0                      
1.286E+03 ###   39090       Y90         2.43757760591e-11        7.33333352836e-17        
1.286E+03 ###   41096       Nb96        0.0                      0.0                      
1.286E+03 ###   40093       Zr93        3.0181039623e-10         4.11754798502e-24        
1.286E+03 ###   1041093     Nb93-M      2.46610074309e-18        3.36028601852e-27        
1.286E+03 ###   1           Nn1         0.0                      0.0                      
1.286E+03 ###   1001        H1          5.32775587032e+12        0.0                      
1.286E+03 ###   2004        He4         2780047675.41            0.0                      
1.286E+03 ###   1002        H2          6.0824134853e-07         0.0                      
1.286E+03 ###   2003        He3         0.0                      0.0                      
1.286E+03 ###   1003        H3          0.0                      0.0                      
1.286E+03 ###   
1.321E+03 ###   
1.321E+03 ###   Gamma Dose - Beam End
1.321E+03 ###   Activity/Bq                    5998.39552294
1.321E+03 ###   Power eV/s                     5.05054249168e+12
1.321E+03 ###   Power J/s                      8.09187816932e-07
1.321E+03 ###   Dose Gy/s                      8.04681599972e-10
1.321E+03 ###   Dose Gy/hr                     2.8968537599e-06
1.321E+03 ###   Percentage of annual dose/hr   2.53938208007
1.321E+03 ###   
1.321E+03 ###   
1.321E+03 ###   Gamma Dose - Sim End
1.321E+03 ###   Activity/Bq                    1290.03413722
1.321E+03 ###   Power eV/s                     208939437041.0
1.321E+03 ###   Power J/s                      3.34758587239e-08
1.321E+03 ###   Dose Gy/s                      7.99328049759e-11
1.321E+03 ###   Dose Gy/hr                     1.19841976339e-07
1.321E+03 ###   Percentage of annual dose/hr   0.105053479525
1.321E+03 ###   
